<?xml version="1.0" encoding="utf-8"?>
<TestRun id="dd697b4a-a0a2-4e1b-91fb-9a43c9d202c4" name="brunocapuano@CPC-bruno-U7R9O 2026-04-15 13:15:43" runUser="NORTHAMERICA\brunocapuano" xmlns="http://microsoft.com/schemas/VisualStudio/TeamTest/2010">
  <Times creation="2026-04-15T13:15:43.9086486-04:00" queuing="2026-04-15T13:15:43.9086490-04:00" start="2026-04-15T13:15:41.8812186-04:00" finish="2026-04-15T13:16:04.7164442-04:00" />
  <TestSettings name="default" id="42bd5f86-7c90-472d-96b4-410f7b14b209">
    <Deployment runDeploymentRoot="brunocapuano_CPC-bruno-U7R9O_2026-04-15_13_15_43" />
  </TestSettings>
  <Results>
    <UnitTestResult executionId="1e1ae29e-e7ec-4410-b6dd-9843514aa291" testId="e2561f93-3d89-e23a-d954-d5998302ae75" testName="OpenClawNet.IntegrationTests.ChatHubStreamTests.StreamChat_ReturnsContentEvents_FromFakeModel" computerName="CPC-bruno-U7R9O" duration="00:00:00.0107198" startTime="2026-04-15T13:15:48.3022443-04:00" endTime="2026-04-15T13:15:52.3885997-04:00" testType="13cdc9d9-ddb5-4fa4-a97d-d965ccfc6d4b" outcome="Passed" testListId="8c84fa94-04c1-424b-9868-57a2d4851a1d" relativeResultsDirectory="1e1ae29e-e7ec-4410-b6dd-9843514aa291" />
    <UnitTestResult executionId="304a8833-8848-41e1-96e4-a0baf978d02d" testId="bf8189d3-9137-364a-b649-9ef91fe4b399" testName="OpenClawNet.IntegrationTests.ChatHubToolCallStreamTests.StreamChat_WithToolCalls_EndsWithCompleteOrError" computerName="CPC-bruno-U7R9O" duration="00:00:00.0104617" startTime="2026-04-15T13:15:48.3022784-04:00" endTime="2026-04-15T13:15:52.3876975-04:00" testType="13cdc9d9-ddb5-4fa4-a97d-d965ccfc6d4b" outcome="Passed" testListId="8c84fa94-04c1-424b-9868-57a2d4851a1d" relativeResultsDirectory="304a8833-8848-41e1-96e4-a0baf978d02d" />
    <UnitTestResult executionId="0b4cad3f-143c-42e2-99a1-0722fb9989ce" testId="bb7e8ff4-0682-004b-face-c0980e86323a" testName="OpenClawNet.IntegrationTests.ChatHubToolCallStreamTests.StreamChat_WithToolCalls_EmitsToolCompleteEvent" computerName="CPC-bruno-U7R9O" duration="00:00:00.0089776" startTime="2026-04-15T13:15:52.3884807-04:00" endTime="2026-04-15T13:15:56.4720208-04:00" testType="13cdc9d9-ddb5-4fa4-a97d-d965ccfc6d4b" outcome="Passed" testListId="8c84fa94-04c1-424b-9868-57a2d4851a1d" relativeResultsDirectory="0b4cad3f-143c-42e2-99a1-0722fb9989ce" />
    <UnitTestResult executionId="36a4c4fb-d287-4e94-a7a9-77b99cdd8bd6" testId="dfb03537-a988-21c2-a05b-7a5c187eb994" testName="OpenClawNet.IntegrationTests.SessionsApiTests.UpdateTitle_ChangesSessionTitle" computerName="CPC-bruno-U7R9O" duration="00:00:00.0464549" startTime="2026-04-15T13:15:44.2246506-04:00" endTime="2026-04-15T13:15:44.2713181-04:00" testType="13cdc9d9-ddb5-4fa4-a97d-d965ccfc6d4b" outcome="Passed" testListId="8c84fa94-04c1-424b-9868-57a2d4851a1d" relativeResultsDirectory="36a4c4fb-d287-4e94-a7a9-77b99cdd8bd6" />
    <UnitTestResult executionId="2c114425-41bc-4bfb-ac12-3b56022e98fe" testId="ea5a2034-0cd5-9da8-f731-7cba2661bbd6" testName="OpenClawNet.IntegrationTests.ChatHubToolCallStreamTests.StreamChat_WithToolCalls_ResponseIsNotEmpty" computerName="CPC-bruno-U7R9O" duration="00:00:00.0062861" startTime="2026-04-15T13:15:56.4727219-04:00" endTime="2026-04-15T13:16:00.5450833-04:00" testType="13cdc9d9-ddb5-4fa4-a97d-d965ccfc6d4b" outcome="Passed" testListId="8c84fa94-04c1-424b-9868-57a2d4851a1d" relativeResultsDirectory="2c114425-41bc-4bfb-ac12-3b56022e98fe" />
    <UnitTestResult executionId="81c3ea96-1f0e-4eff-8aff-ed5884f19aec" testId="c34180cc-745b-a0b8-059d-a7922eea5dba" testName="OpenClawNet.IntegrationTests.ChatHubContractTests.StreamChat_ThirdParameter_IsNullableString" computerName="CPC-bruno-U7R9O" duration="00:00:00.0218241" startTime="2026-04-15T13:15:42.6017303-04:00" endTime="2026-04-15T13:15:42.6332002-04:00" testType="13cdc9d9-ddb5-4fa4-a97d-d965ccfc6d4b" outcome="Passed" testListId="8c84fa94-04c1-424b-9868-57a2d4851a1d" relativeResultsDirectory="81c3ea96-1f0e-4eff-8aff-ed5884f19aec" />
    <UnitTestResult executionId="e3d870ed-7794-4258-9faa-16dc7db2f02d" testId="b5a9d528-97d0-65b2-f7ee-2e04f3c4e3e5" testName="OpenClawNet.IntegrationTests.SessionsApiTests.DeleteSession_MakesSessionUnreachable" computerName="CPC-bruno-U7R9O" duration="00:00:00.0446496" startTime="2026-04-15T13:15:44.2840373-04:00" endTime="2026-04-15T13:15:44.3292494-04:00" testType="13cdc9d9-ddb5-4fa4-a97d-d965ccfc6d4b" outcome="Passed" testListId="8c84fa94-04c1-424b-9868-57a2d4851a1d" relativeResultsDirectory="e3d870ed-7794-4258-9faa-16dc7db2f02d" />
    <UnitTestResult executionId="284ae917-d987-4e62-995e-8643a6139260" testId="23047fa9-6b49-36e2-4379-cf1c54c376ea" testName="OpenClawNet.IntegrationTests.ChatHubContractTests.StreamChat_HubMethod_HasExactlyThreeParameters" computerName="CPC-bruno-U7R9O" duration="00:00:00.0018110" startTime="2026-04-15T13:15:42.6472607-04:00" endTime="2026-04-15T13:15:42.6473280-04:00" testType="13cdc9d9-ddb5-4fa4-a97d-d965ccfc6d4b" outcome="Passed" testListId="8c84fa94-04c1-424b-9868-57a2d4851a1d" relativeResultsDirectory="284ae917-d987-4e62-995e-8643a6139260" />
    <UnitTestResult executionId="f2c6bf3c-9706-4295-85ad-ee0b4f481882" testId="6bfbc607-530d-ec8a-edb2-cd30d30f89cf" testName="OpenClawNet.IntegrationTests.ChatHubToolCallStreamTests.StreamChat_WithToolCalls_EmitsToolStartEvent" computerName="CPC-bruno-U7R9O" duration="00:00:00.0062506" startTime="2026-04-15T13:16:00.5456296-04:00" endTime="2026-04-15T13:16:04.6263408-04:00" testType="13cdc9d9-ddb5-4fa4-a97d-d965ccfc6d4b" outcome="Passed" testListId="8c84fa94-04c1-424b-9868-57a2d4851a1d" relativeResultsDirectory="f2c6bf3c-9706-4295-85ad-ee0b4f481882" />
    <UnitTestResult executionId="5645d2fe-2f59-4e92-9a03-f2dedd0400f2" testId="e69ec014-416b-5331-c2e7-6ebf2d0c9828" testName="OpenClawNet.IntegrationTests.ChatApiTests.PostChat_ReturnsContentFromFakeModel" computerName="CPC-bruno-U7R9O" duration="00:00:00.0079370" startTime="2026-04-15T13:15:44.4367065-04:00" endTime="2026-04-15T13:15:44.4449502-04:00" testType="13cdc9d9-ddb5-4fa4-a97d-d965ccfc6d4b" outcome="Passed" testListId="8c84fa94-04c1-424b-9868-57a2d4851a1d" relativeResultsDirectory="5645d2fe-2f59-4e92-9a03-f2dedd0400f2" />
    <UnitTestResult executionId="78adeffd-cbd5-4f11-8b03-3551e9d76dee" testId="d56e279b-a99e-4723-a40d-5bea8b15591f" testName="OpenClawNet.IntegrationTests.SessionsApiTests.GetSession_Returns404_WhenNotFound" computerName="CPC-bruno-U7R9O" duration="00:00:00.0032034" startTime="2026-04-15T13:15:44.3294456-04:00" endTime="2026-04-15T13:15:44.3330437-04:00" testType="13cdc9d9-ddb5-4fa4-a97d-d965ccfc6d4b" outcome="Passed" testListId="8c84fa94-04c1-424b-9868-57a2d4851a1d" relativeResultsDirectory="78adeffd-cbd5-4f11-8b03-3551e9d76dee" />
    <UnitTestResult executionId="e6786e39-c48c-4063-a42f-a65d259b3720" testId="f3e0935e-2cff-b7cb-b224-de09d4d1811e" testName="OpenClawNet.IntegrationTests.HealthTests.Version_ReturnsOk" computerName="CPC-bruno-U7R9O" duration="00:00:00.0059194" startTime="2026-04-15T13:15:44.0763965-04:00" endTime="2026-04-15T13:15:44.0826891-04:00" testType="13cdc9d9-ddb5-4fa4-a97d-d965ccfc6d4b" outcome="Passed" testListId="8c84fa94-04c1-424b-9868-57a2d4851a1d" relativeResultsDirectory="e6786e39-c48c-4063-a42f-a65d259b3720" />
    <UnitTestResult executionId="4fabf63c-61e9-480c-b705-75b778cc385b" testId="82a0973d-0217-a1ef-f8ca-ede03842c59c" testName="OpenClawNet.IntegrationTests.ChatApiTests.PostChat_StoresMessagesInHistory" computerName="CPC-bruno-U7R9O" duration="00:00:01.8145834" startTime="2026-04-15T13:15:42.6015464-04:00" endTime="2026-04-15T13:15:44.4195153-04:00" testType="13cdc9d9-ddb5-4fa4-a97d-d965ccfc6d4b" outcome="Passed" testListId="8c84fa94-04c1-424b-9868-57a2d4851a1d" relativeResultsDirectory="4fabf63c-61e9-480c-b705-75b778cc385b" />
    <UnitTestResult executionId="51068512-c1fd-434f-92fa-4b0e89f1db3c" testId="94df0669-234e-42d9-ef32-78ef1cfea9d4" testName="OpenClawNet.IntegrationTests.ChatHubStreamTests.StreamChat_WithThreeArgs_DoesNotThrowArgumentCountError" computerName="CPC-bruno-U7R9O" duration="00:00:00.0077194" startTime="2026-04-15T13:15:52.3887973-04:00" endTime="2026-04-15T13:15:56.4710354-04:00" testType="13cdc9d9-ddb5-4fa4-a97d-d965ccfc6d4b" outcome="Passed" testListId="8c84fa94-04c1-424b-9868-57a2d4851a1d" relativeResultsDirectory="51068512-c1fd-434f-92fa-4b0e89f1db3c" />
    <UnitTestResult executionId="bf2442ac-262b-405a-911f-a2935b74a732" testId="fb0a61c7-91bc-ae95-754a-7aeade696375" testName="OpenClawNet.IntegrationTests.HealthTests.Health_ReturnsOk" computerName="CPC-bruno-U7R9O" duration="00:00:00.0025144" startTime="2026-04-15T13:15:44.0829017-04:00" endTime="2026-04-15T13:15:44.0856875-04:00" testType="13cdc9d9-ddb5-4fa4-a97d-d965ccfc6d4b" outcome="Passed" testListId="8c84fa94-04c1-424b-9868-57a2d4851a1d" relativeResultsDirectory="bf2442ac-262b-405a-911f-a2935b74a732" />
    <UnitTestResult executionId="aa8e3ec7-c882-4d5a-b3d2-61aed15651b1" testId="d28b1fd7-b813-e551-328a-b8777783a8c1" testName="OpenClawNet.IntegrationTests.ChatHubStreamTests.StreamChat_CompleteEvent_IsAlwaysLastEvent" computerName="CPC-bruno-U7R9O" duration="00:00:00.0495989" startTime="2026-04-15T13:15:42.5997087-04:00" endTime="2026-04-15T13:15:48.3008758-04:00" testType="13cdc9d9-ddb5-4fa4-a97d-d965ccfc6d4b" outcome="Passed" testListId="8c84fa94-04c1-424b-9868-57a2d4851a1d" relativeResultsDirectory="aa8e3ec7-c882-4d5a-b3d2-61aed15651b1" />
    <UnitTestResult executionId="f7c7db2f-e405-49b1-9a68-712749abba45" testId="1a4b6387-4854-8a87-7c42-707ccb85963a" testName="OpenClawNet.IntegrationTests.SessionsApiTests.CreateSession_NoTitle_ReturnsCreated_WithDefaultTitle" computerName="CPC-bruno-U7R9O" duration="00:00:00.0034993" startTime="2026-04-15T13:15:44.2823288-04:00" endTime="2026-04-15T13:15:44.2838742-04:00" testType="13cdc9d9-ddb5-4fa4-a97d-d965ccfc6d4b" outcome="Passed" testListId="8c84fa94-04c1-424b-9868-57a2d4851a1d" relativeResultsDirectory="f7c7db2f-e405-49b1-9a68-712749abba45" />
    <UnitTestResult executionId="25769d7e-42a1-4b36-a08d-965f6d193763" testId="fb0cf6ae-076f-22f3-d8e1-24965c06e5d4" testName="OpenClawNet.IntegrationTests.ChatApiTests.PostChat_AutoCreatesSession_WhenSessionIdUnknown" computerName="CPC-bruno-U7R9O" duration="00:00:00.0104376" startTime="2026-04-15T13:15:44.4197093-04:00" endTime="2026-04-15T13:15:44.4304780-04:00" testType="13cdc9d9-ddb5-4fa4-a97d-d965ccfc6d4b" outcome="Passed" testListId="8c84fa94-04c1-424b-9868-57a2d4851a1d" relativeResultsDirectory="25769d7e-42a1-4b36-a08d-965f6d193763" />
    <UnitTestResult executionId="1ad84804-6bca-4a27-95eb-8c0a815338d4" testId="115c518c-616d-acfc-4a1e-7760d5a6f870" testName="OpenClawNet.IntegrationTests.HealthTests.Version_ReturnsExpectedFields" computerName="CPC-bruno-U7R9O" duration="00:00:01.4474688" startTime="2026-04-15T13:15:42.6015955-04:00" endTime="2026-04-15T13:15:44.0606613-04:00" testType="13cdc9d9-ddb5-4fa4-a97d-d965ccfc6d4b" outcome="Passed" testListId="8c84fa94-04c1-424b-9868-57a2d4851a1d" relativeResultsDirectory="1ad84804-6bca-4a27-95eb-8c0a815338d4" />
    <UnitTestResult executionId="5d19bbc4-542f-4453-8b39-f0146d559533" testId="53ae3654-5c1c-1393-b1aa-ae155e830e86" testName="OpenClawNet.IntegrationTests.SessionsApiTests.CreateSession_ReturnsCreated" computerName="CPC-bruno-U7R9O" duration="00:00:00.0040098" startTime="2026-04-15T13:15:44.2756532-04:00" endTime="2026-04-15T13:15:44.2799125-04:00" testType="13cdc9d9-ddb5-4fa4-a97d-d965ccfc6d4b" outcome="Passed" testListId="8c84fa94-04c1-424b-9868-57a2d4851a1d" relativeResultsDirectory="5d19bbc4-542f-4453-8b39-f0146d559533" />
    <UnitTestResult executionId="500729f2-c969-4920-b230-8b3ea4c6e162" testId="70855f99-ae08-dc59-002e-d5ee7098d2a8" testName="OpenClawNet.IntegrationTests.SessionsApiTests.DeleteSession_ReturnsNoContent" computerName="CPC-bruno-U7R9O" duration="00:00:01.5888675" startTime="2026-04-15T13:15:42.6017093-04:00" endTime="2026-04-15T13:15:44.1938904-04:00" testType="13cdc9d9-ddb5-4fa4-a97d-d965ccfc6d4b" outcome="Passed" testListId="8c84fa94-04c1-424b-9868-57a2d4851a1d" relativeResultsDirectory="500729f2-c969-4920-b230-8b3ea4c6e162" />
    <UnitTestResult executionId="7526f4c9-1165-4647-93e2-bc6ca957a2d4" testId="24cccb21-b956-ea58-9f0a-8ec5670b914d" testName="OpenClawNet.IntegrationTests.ChatHubToolCallStreamTests.StreamChat_WithToolCalls_ToolStartBeforeToolComplete" computerName="CPC-bruno-U7R9O" duration="00:00:00.0493662" startTime="2026-04-15T13:15:42.6016848-04:00" endTime="2026-04-15T13:15:48.3009821-04:00" testType="13cdc9d9-ddb5-4fa4-a97d-d965ccfc6d4b" outcome="Passed" testListId="8c84fa94-04c1-424b-9868-57a2d4851a1d" relativeResultsDirectory="7526f4c9-1165-4647-93e2-bc6ca957a2d4" />
    <UnitTestResult executionId="6233b70b-b71f-4006-8fea-920b0820e0c3" testId="13bf637f-c8b3-df12-9bce-e3645dc0bf7b" testName="OpenClawNet.IntegrationTests.SessionsApiTests.GetSession_ReturnsSession_WhenExists" computerName="CPC-bruno-U7R9O" duration="00:00:00.0052819" startTime="2026-04-15T13:15:44.3332103-04:00" endTime="2026-04-15T13:15:44.3388899-04:00" testType="13cdc9d9-ddb5-4fa4-a97d-d965ccfc6d4b" outcome="Passed" testListId="8c84fa94-04c1-424b-9868-57a2d4851a1d" relativeResultsDirectory="6233b70b-b71f-4006-8fea-920b0820e0c3" />
    <UnitTestResult executionId="d7b221d5-0f9c-4b0e-ab9d-dede425edb7d" testId="6085dd71-c6f9-f612-7627-0bd18ebed5d6" testName="OpenClawNet.IntegrationTests.HealthTests.Health_ReturnsHealthyStatus" computerName="CPC-bruno-U7R9O" duration="00:00:00.0121799" startTime="2026-04-15T13:15:44.0628209-04:00" endTime="2026-04-15T13:15:44.0762041-04:00" testType="13cdc9d9-ddb5-4fa4-a97d-d965ccfc6d4b" outcome="Passed" testListId="8c84fa94-04c1-424b-9868-57a2d4851a1d" relativeResultsDirectory="d7b221d5-0f9c-4b0e-ab9d-dede425edb7d" />
    <UnitTestResult executionId="b56826d8-a36c-426b-b9e0-c50e9ef08a1e" testId="4d52bdf1-d813-e63c-edbc-6c72ed297efb" testName="OpenClawNet.IntegrationTests.SessionsApiTests.ListSessions_IncludesCreatedSessions" computerName="CPC-bruno-U7R9O" duration="00:00:00.0296714" startTime="2026-04-15T13:15:44.1941244-04:00" endTime="2026-04-15T13:15:44.2243201-04:00" testType="13cdc9d9-ddb5-4fa4-a97d-d965ccfc6d4b" outcome="Passed" testListId="8c84fa94-04c1-424b-9868-57a2d4851a1d" relativeResultsDirectory="b56826d8-a36c-426b-b9e0-c50e9ef08a1e" />
    <UnitTestResult executionId="393c32c3-2bf4-4def-969e-c7c14a7a2a39" testId="34e8d35b-93c2-399c-f0d3-8e4f6f9b8171" testName="OpenClawNet.IntegrationTests.ChatApiTests.PostChat_ReturnsOk_WithContent" computerName="CPC-bruno-U7R9O" duration="00:00:00.0055192" startTime="2026-04-15T13:15:44.4306432-04:00" endTime="2026-04-15T13:15:44.4365583-04:00" testType="13cdc9d9-ddb5-4fa4-a97d-d965ccfc6d4b" outcome="Passed" testListId="8c84fa94-04c1-424b-9868-57a2d4851a1d" relativeResultsDirectory="393c32c3-2bf4-4def-969e-c7c14a7a2a39" />
    <UnitTestResult executionId="826f35e5-59a5-4ff4-8558-ba34f829a108" testId="76d32dc7-f225-8804-66bc-b29000d89f3e" testName="OpenClawNet.IntegrationTests.SessionsApiTests.ListSessions_ReturnsOk_WhenEmpty" computerName="CPC-bruno-U7R9O" duration="00:00:00.0036315" startTime="2026-04-15T13:15:44.2715429-04:00" endTime="2026-04-15T13:15:44.2754500-04:00" testType="13cdc9d9-ddb5-4fa4-a97d-d965ccfc6d4b" outcome="Passed" testListId="8c84fa94-04c1-424b-9868-57a2d4851a1d" relativeResultsDirectory="826f35e5-59a5-4ff4-8558-ba34f829a108" />
  </Results>
  <TestDefinitions>
    <UnitTest name="OpenClawNet.IntegrationTests.SessionsApiTests.DeleteSession_ReturnsNoContent" storage="c:\src\openclawnet-plan\tests\openclawnet.integrationtests\bin\debug\net10.0\openclawnet.integrationtests.dll" id="70855f99-ae08-dc59-002e-d5ee7098d2a8">
      <Execution id="500729f2-c969-4920-b230-8b3ea4c6e162" />
      <TestMethod codeBase="C:\src\openclawnet-plan\tests\OpenClawNet.IntegrationTests\bin\Debug\net10.0\OpenClawNet.IntegrationTests.dll" adapterTypeName="executor://xunit/VsTestRunner3/netcore/" className="OpenClawNet.IntegrationTests.SessionsApiTests" name="DeleteSession_ReturnsNoContent" />
    </UnitTest>
    <UnitTest name="OpenClawNet.IntegrationTests.ChatApiTests.PostChat_ReturnsContentFromFakeModel" storage="c:\src\openclawnet-plan\tests\openclawnet.integrationtests\bin\debug\net10.0\openclawnet.integrationtests.dll" id="e69ec014-416b-5331-c2e7-6ebf2d0c9828">
      <Execution id="5645d2fe-2f59-4e92-9a03-f2dedd0400f2" />
      <TestMethod codeBase="C:\src\openclawnet-plan\tests\OpenClawNet.IntegrationTests\bin\Debug\net10.0\OpenClawNet.IntegrationTests.dll" adapterTypeName="executor://xunit/VsTestRunner3/netcore/" className="OpenClawNet.IntegrationTests.ChatApiTests" name="PostChat_ReturnsContentFromFakeModel" />
    </UnitTest>
    <UnitTest name="OpenClawNet.IntegrationTests.ChatHubToolCallStreamTests.StreamChat_WithToolCalls_EmitsToolStartEvent" storage="c:\src\openclawnet-plan\tests\openclawnet.integrationtests\bin\debug\net10.0\openclawnet.integrationtests.dll" id="6bfbc607-530d-ec8a-edb2-cd30d30f89cf">
      <Execution id="f2c6bf3c-9706-4295-85ad-ee0b4f481882" />
      <TestMethod codeBase="C:\src\openclawnet-plan\tests\OpenClawNet.IntegrationTests\bin\Debug\net10.0\OpenClawNet.IntegrationTests.dll" adapterTypeName="executor://xunit/VsTestRunner3/netcore/" className="OpenClawNet.IntegrationTests.ChatHubToolCallStreamTests" name="StreamChat_WithToolCalls_EmitsToolStartEvent" />
    </UnitTest>
    <UnitTest name="OpenClawNet.IntegrationTests.SessionsApiTests.DeleteSession_MakesSessionUnreachable" storage="c:\src\openclawnet-plan\tests\openclawnet.integrationtests\bin\debug\net10.0\openclawnet.integrationtests.dll" id="b5a9d528-97d0-65b2-f7ee-2e04f3c4e3e5">
      <Execution id="e3d870ed-7794-4258-9faa-16dc7db2f02d" />
      <TestMethod codeBase="C:\src\openclawnet-plan\tests\OpenClawNet.IntegrationTests\bin\Debug\net10.0\OpenClawNet.IntegrationTests.dll" adapterTypeName="executor://xunit/VsTestRunner3/netcore/" className="OpenClawNet.IntegrationTests.SessionsApiTests" name="DeleteSession_MakesSessionUnreachable" />
    </UnitTest>
    <UnitTest name="OpenClawNet.IntegrationTests.ChatHubStreamTests.StreamChat_ReturnsContentEvents_FromFakeModel" storage="c:\src\openclawnet-plan\tests\openclawnet.integrationtests\bin\debug\net10.0\openclawnet.integrationtests.dll" id="e2561f93-3d89-e23a-d954-d5998302ae75">
      <Execution id="1e1ae29e-e7ec-4410-b6dd-9843514aa291" />
      <TestMethod codeBase="C:\src\openclawnet-plan\tests\OpenClawNet.IntegrationTests\bin\Debug\net10.0\OpenClawNet.IntegrationTests.dll" adapterTypeName="executor://xunit/VsTestRunner3/netcore/" className="OpenClawNet.IntegrationTests.ChatHubStreamTests" name="StreamChat_ReturnsContentEvents_FromFakeModel" />
    </UnitTest>
    <UnitTest name="OpenClawNet.IntegrationTests.SessionsApiTests.UpdateTitle_ChangesSessionTitle" storage="c:\src\openclawnet-plan\tests\openclawnet.integrationtests\bin\debug\net10.0\openclawnet.integrationtests.dll" id="dfb03537-a988-21c2-a05b-7a5c187eb994">
      <Execution id="36a4c4fb-d287-4e94-a7a9-77b99cdd8bd6" />
      <TestMethod codeBase="C:\src\openclawnet-plan\tests\OpenClawNet.IntegrationTests\bin\Debug\net10.0\OpenClawNet.IntegrationTests.dll" adapterTypeName="executor://xunit/VsTestRunner3/netcore/" className="OpenClawNet.IntegrationTests.SessionsApiTests" name="UpdateTitle_ChangesSessionTitle" />
    </UnitTest>
    <UnitTest name="OpenClawNet.IntegrationTests.HealthTests.Version_ReturnsExpectedFields" storage="c:\src\openclawnet-plan\tests\openclawnet.integrationtests\bin\debug\net10.0\openclawnet.integrationtests.dll" id="115c518c-616d-acfc-4a1e-7760d5a6f870">
      <Execution id="1ad84804-6bca-4a27-95eb-8c0a815338d4" />
      <TestMethod codeBase="C:\src\openclawnet-plan\tests\OpenClawNet.IntegrationTests\bin\Debug\net10.0\OpenClawNet.IntegrationTests.dll" adapterTypeName="executor://xunit/VsTestRunner3/netcore/" className="OpenClawNet.IntegrationTests.HealthTests" name="Version_ReturnsExpectedFields" />
    </UnitTest>
    <UnitTest name="OpenClawNet.IntegrationTests.ChatHubToolCallStreamTests.StreamChat_WithToolCalls_EmitsToolCompleteEvent" storage="c:\src\openclawnet-plan\tests\openclawnet.integrationtests\bin\debug\net10.0\openclawnet.integrationtests.dll" id="bb7e8ff4-0682-004b-face-c0980e86323a">
      <Execution id="0b4cad3f-143c-42e2-99a1-0722fb9989ce" />
      <TestMethod codeBase="C:\src\openclawnet-plan\tests\OpenClawNet.IntegrationTests\bin\Debug\net10.0\OpenClawNet.IntegrationTests.dll" adapterTypeName="executor://xunit/VsTestRunner3/netcore/" className="OpenClawNet.IntegrationTests.ChatHubToolCallStreamTests" name="StreamChat_WithToolCalls_EmitsToolCompleteEvent" />
    </UnitTest>
    <UnitTest name="OpenClawNet.IntegrationTests.ChatApiTests.PostChat_AutoCreatesSession_WhenSessionIdUnknown" storage="c:\src\openclawnet-plan\tests\openclawnet.integrationtests\bin\debug\net10.0\openclawnet.integrationtests.dll" id="fb0cf6ae-076f-22f3-d8e1-24965c06e5d4">
      <Execution id="25769d7e-42a1-4b36-a08d-965f6d193763" />
      <TestMethod codeBase="C:\src\openclawnet-plan\tests\OpenClawNet.IntegrationTests\bin\Debug\net10.0\OpenClawNet.IntegrationTests.dll" adapterTypeName="executor://xunit/VsTestRunner3/netcore/" className="OpenClawNet.IntegrationTests.ChatApiTests" name="PostChat_AutoCreatesSession_WhenSessionIdUnknown" />
    </UnitTest>
    <UnitTest name="OpenClawNet.IntegrationTests.ChatApiTests.PostChat_StoresMessagesInHistory" storage="c:\src\openclawnet-plan\tests\openclawnet.integrationtests\bin\debug\net10.0\openclawnet.integrationtests.dll" id="82a0973d-0217-a1ef-f8ca-ede03842c59c">
      <Execution id="4fabf63c-61e9-480c-b705-75b778cc385b" />
      <TestMethod codeBase="C:\src\openclawnet-plan\tests\OpenClawNet.IntegrationTests\bin\Debug\net10.0\OpenClawNet.IntegrationTests.dll" adapterTypeName="executor://xunit/VsTestRunner3/netcore/" className="OpenClawNet.IntegrationTests.ChatApiTests" name="PostChat_StoresMessagesInHistory" />
    </UnitTest>
    <UnitTest name="OpenClawNet.IntegrationTests.ChatHubContractTests.StreamChat_ThirdParameter_IsNullableString" storage="c:\src\openclawnet-plan\tests\openclawnet.integrationtests\bin\debug\net10.0\openclawnet.integrationtests.dll" id="c34180cc-745b-a0b8-059d-a7922eea5dba">
      <Execution id="81c3ea96-1f0e-4eff-8aff-ed5884f19aec" />
      <TestMethod codeBase="C:\src\openclawnet-plan\tests\OpenClawNet.IntegrationTests\bin\Debug\net10.0\OpenClawNet.IntegrationTests.dll" adapterTypeName="executor://xunit/VsTestRunner3/netcore/" className="OpenClawNet.IntegrationTests.ChatHubContractTests" name="StreamChat_ThirdParameter_IsNullableString" />
    </UnitTest>
    <UnitTest name="OpenClawNet.IntegrationTests.ChatHubStreamTests.StreamChat_CompleteEvent_IsAlwaysLastEvent" storage="c:\src\openclawnet-plan\tests\openclawnet.integrationtests\bin\debug\net10.0\openclawnet.integrationtests.dll" id="d28b1fd7-b813-e551-328a-b8777783a8c1">
      <Execution id="aa8e3ec7-c882-4d5a-b3d2-61aed15651b1" />
      <TestMethod codeBase="C:\src\openclawnet-plan\tests\OpenClawNet.IntegrationTests\bin\Debug\net10.0\OpenClawNet.IntegrationTests.dll" adapterTypeName="executor://xunit/VsTestRunner3/netcore/" className="OpenClawNet.IntegrationTests.ChatHubStreamTests" name="StreamChat_CompleteEvent_IsAlwaysLastEvent" />
    </UnitTest>
    <UnitTest name="OpenClawNet.IntegrationTests.ChatHubToolCallStreamTests.StreamChat_WithToolCalls_ResponseIsNotEmpty" storage="c:\src\openclawnet-plan\tests\openclawnet.integrationtests\bin\debug\net10.0\openclawnet.integrationtests.dll" id="ea5a2034-0cd5-9da8-f731-7cba2661bbd6">
      <Execution id="2c114425-41bc-4bfb-ac12-3b56022e98fe" />
      <TestMethod codeBase="C:\src\openclawnet-plan\tests\OpenClawNet.IntegrationTests\bin\Debug\net10.0\OpenClawNet.IntegrationTests.dll" adapterTypeName="executor://xunit/VsTestRunner3/netcore/" className="OpenClawNet.IntegrationTests.ChatHubToolCallStreamTests" name="StreamChat_WithToolCalls_ResponseIsNotEmpty" />
    </UnitTest>
    <UnitTest name="OpenClawNet.IntegrationTests.HealthTests.Health_ReturnsOk" storage="c:\src\openclawnet-plan\tests\openclawnet.integrationtests\bin\debug\net10.0\openclawnet.integrationtests.dll" id="fb0a61c7-91bc-ae95-754a-7aeade696375">
      <Execution id="bf2442ac-262b-405a-911f-a2935b74a732" />
      <TestMethod codeBase="C:\src\openclawnet-plan\tests\OpenClawNet.IntegrationTests\bin\Debug\net10.0\OpenClawNet.IntegrationTests.dll" adapterTypeName="executor://xunit/VsTestRunner3/netcore/" className="OpenClawNet.IntegrationTests.HealthTests" name="Health_ReturnsOk" />
    </UnitTest>
    <UnitTest name="OpenClawNet.IntegrationTests.ChatHubToolCallStreamTests.StreamChat_WithToolCalls_ToolStartBeforeToolComplete" storage="c:\src\openclawnet-plan\tests\openclawnet.integrationtests\bin\debug\net10.0\openclawnet.integrationtests.dll" id="24cccb21-b956-ea58-9f0a-8ec5670b914d">
      <Execution id="7526f4c9-1165-4647-93e2-bc6ca957a2d4" />
      <TestMethod codeBase="C:\src\openclawnet-plan\tests\OpenClawNet.IntegrationTests\bin\Debug\net10.0\OpenClawNet.IntegrationTests.dll" adapterTypeName="executor://xunit/VsTestRunner3/netcore/" className="OpenClawNet.IntegrationTests.ChatHubToolCallStreamTests" name="StreamChat_WithToolCalls_ToolStartBeforeToolComplete" />
    </UnitTest>
    <UnitTest name="OpenClawNet.IntegrationTests.SessionsApiTests.CreateSession_ReturnsCreated" storage="c:\src\openclawnet-plan\tests\openclawnet.integrationtests\bin\debug\net10.0\openclawnet.integrationtests.dll" id="53ae3654-5c1c-1393-b1aa-ae155e830e86">
      <Execution id="5d19bbc4-542f-4453-8b39-f0146d559533" />
      <TestMethod codeBase="C:\src\openclawnet-plan\tests\OpenClawNet.IntegrationTests\bin\Debug\net10.0\OpenClawNet.IntegrationTests.dll" adapterTypeName="executor://xunit/VsTestRunner3/netcore/" className="OpenClawNet.IntegrationTests.SessionsApiTests" name="CreateSession_ReturnsCreated" />
    </UnitTest>
    <UnitTest name="OpenClawNet.IntegrationTests.HealthTests.Version_ReturnsOk" storage="c:\src\openclawnet-plan\tests\openclawnet.integrationtests\bin\debug\net10.0\openclawnet.integrationtests.dll" id="f3e0935e-2cff-b7cb-b224-de09d4d1811e">
      <Execution id="e6786e39-c48c-4063-a42f-a65d259b3720" />
      <TestMethod codeBase="C:\src\openclawnet-plan\tests\OpenClawNet.IntegrationTests\bin\Debug\net10.0\OpenClawNet.IntegrationTests.dll" adapterTypeName="executor://xunit/VsTestRunner3/netcore/" className="OpenClawNet.IntegrationTests.HealthTests" name="Version_ReturnsOk" />
    </UnitTest>
    <UnitTest name="OpenClawNet.IntegrationTests.ChatHubStreamTests.StreamChat_WithThreeArgs_DoesNotThrowArgumentCountError" storage="c:\src\openclawnet-plan\tests\openclawnet.integrationtests\bin\debug\net10.0\openclawnet.integrationtests.dll" id="94df0669-234e-42d9-ef32-78ef1cfea9d4">
      <Execution id="51068512-c1fd-434f-92fa-4b0e89f1db3c" />
      <TestMethod codeBase="C:\src\openclawnet-plan\tests\OpenClawNet.IntegrationTests\bin\Debug\net10.0\OpenClawNet.IntegrationTests.dll" adapterTypeName="executor://xunit/VsTestRunner3/netcore/" className="OpenClawNet.IntegrationTests.ChatHubStreamTests" name="StreamChat_WithThreeArgs_DoesNotThrowArgumentCountError" />
    </UnitTest>
    <UnitTest name="OpenClawNet.IntegrationTests.ChatApiTests.PostChat_ReturnsOk_WithContent" storage="c:\src\openclawnet-plan\tests\openclawnet.integrationtests\bin\debug\net10.0\openclawnet.integrationtests.dll" id="34e8d35b-93c2-399c-f0d3-8e4f6f9b8171">
      <Execution id="393c32c3-2bf4-4def-969e-c7c14a7a2a39" />
      <TestMethod codeBase="C:\src\openclawnet-plan\tests\OpenClawNet.IntegrationTests\bin\Debug\net10.0\OpenClawNet.IntegrationTests.dll" adapterTypeName="executor://xunit/VsTestRunner3/netcore/" className="OpenClawNet.IntegrationTests.ChatApiTests" name="PostChat_ReturnsOk_WithContent" />
    </UnitTest>
    <UnitTest name="OpenClawNet.IntegrationTests.ChatHubContractTests.StreamChat_HubMethod_HasExactlyThreeParameters" storage="c:\src\openclawnet-plan\tests\openclawnet.integrationtests\bin\debug\net10.0\openclawnet.integrationtests.dll" id="23047fa9-6b49-36e2-4379-cf1c54c376ea">
      <Execution id="284ae917-d987-4e62-995e-8643a6139260" />
      <TestMethod codeBase="C:\src\openclawnet-plan\tests\OpenClawNet.IntegrationTests\bin\Debug\net10.0\OpenClawNet.IntegrationTests.dll" adapterTypeName="executor://xunit/VsTestRunner3/netcore/" className="OpenClawNet.IntegrationTests.ChatHubContractTests" name="StreamChat_HubMethod_HasExactlyThreeParameters" />
    </UnitTest>
    <UnitTest name="OpenClawNet.IntegrationTests.ChatHubToolCallStreamTests.StreamChat_WithToolCalls_EndsWithCompleteOrError" storage="c:\src\openclawnet-plan\tests\openclawnet.integrationtests\bin\debug\net10.0\openclawnet.integrationtests.dll" id="bf8189d3-9137-364a-b649-9ef91fe4b399">
      <Execution id="304a8833-8848-41e1-96e4-a0baf978d02d" />
      <TestMethod codeBase="C:\src\openclawnet-plan\tests\OpenClawNet.IntegrationTests\bin\Debug\net10.0\OpenClawNet.IntegrationTests.dll" adapterTypeName="executor://xunit/VsTestRunner3/netcore/" className="OpenClawNet.IntegrationTests.ChatHubToolCallStreamTests" name="StreamChat_WithToolCalls_EndsWithCompleteOrError" />
    </UnitTest>
    <UnitTest name="OpenClawNet.IntegrationTests.SessionsApiTests.CreateSession_NoTitle_ReturnsCreated_WithDefaultTitle" storage="c:\src\openclawnet-plan\tests\openclawnet.integrationtests\bin\debug\net10.0\openclawnet.integrationtests.dll" id="1a4b6387-4854-8a87-7c42-707ccb85963a">
      <Execution id="f7c7db2f-e405-49b1-9a68-712749abba45" />
      <TestMethod codeBase="C:\src\openclawnet-plan\tests\OpenClawNet.IntegrationTests\bin\Debug\net10.0\OpenClawNet.IntegrationTests.dll" adapterTypeName="executor://xunit/VsTestRunner3/netcore/" className="OpenClawNet.IntegrationTests.SessionsApiTests" name="CreateSession_NoTitle_ReturnsCreated_WithDefaultTitle" />
    </UnitTest>
    <UnitTest name="OpenClawNet.IntegrationTests.SessionsApiTests.ListSessions_ReturnsOk_WhenEmpty" storage="c:\src\openclawnet-plan\tests\openclawnet.integrationtests\bin\debug\net10.0\openclawnet.integrationtests.dll" id="76d32dc7-f225-8804-66bc-b29000d89f3e">
      <Execution id="826f35e5-59a5-4ff4-8558-ba34f829a108" />
      <TestMethod codeBase="C:\src\openclawnet-plan\tests\OpenClawNet.IntegrationTests\bin\Debug\net10.0\OpenClawNet.IntegrationTests.dll" adapterTypeName="executor://xunit/VsTestRunner3/netcore/" className="OpenClawNet.IntegrationTests.SessionsApiTests" name="ListSessions_ReturnsOk_WhenEmpty" />
    </UnitTest>
    <UnitTest name="OpenClawNet.IntegrationTests.SessionsApiTests.GetSession_ReturnsSession_WhenExists" storage="c:\src\openclawnet-plan\tests\openclawnet.integrationtests\bin\debug\net10.0\openclawnet.integrationtests.dll" id="13bf637f-c8b3-df12-9bce-e3645dc0bf7b">
      <Execution id="6233b70b-b71f-4006-8fea-920b0820e0c3" />
      <TestMethod codeBase="C:\src\openclawnet-plan\tests\OpenClawNet.IntegrationTests\bin\Debug\net10.0\OpenClawNet.IntegrationTests.dll" adapterTypeName="executor://xunit/VsTestRunner3/netcore/" className="OpenClawNet.IntegrationTests.SessionsApiTests" name="GetSession_ReturnsSession_WhenExists" />
    </UnitTest>
    <UnitTest name="OpenClawNet.IntegrationTests.HealthTests.Health_ReturnsHealthyStatus" storage="c:\src\openclawnet-plan\tests\openclawnet.integrationtests\bin\debug\net10.0\openclawnet.integrationtests.dll" id="6085dd71-c6f9-f612-7627-0bd18ebed5d6">
      <Execution id="d7b221d5-0f9c-4b0e-ab9d-dede425edb7d" />
      <TestMethod codeBase="C:\src\openclawnet-plan\tests\OpenClawNet.IntegrationTests\bin\Debug\net10.0\OpenClawNet.IntegrationTests.dll" adapterTypeName="executor://xunit/VsTestRunner3/netcore/" className="OpenClawNet.IntegrationTests.HealthTests" name="Health_ReturnsHealthyStatus" />
    </UnitTest>
    <UnitTest name="OpenClawNet.IntegrationTests.SessionsApiTests.GetSession_Returns404_WhenNotFound" storage="c:\src\openclawnet-plan\tests\openclawnet.integrationtests\bin\debug\net10.0\openclawnet.integrationtests.dll" id="d56e279b-a99e-4723-a40d-5bea8b15591f">
      <Execution id="78adeffd-cbd5-4f11-8b03-3551e9d76dee" />
      <TestMethod codeBase="C:\src\openclawnet-plan\tests\OpenClawNet.IntegrationTests\bin\Debug\net10.0\OpenClawNet.IntegrationTests.dll" adapterTypeName="executor://xunit/VsTestRunner3/netcore/" className="OpenClawNet.IntegrationTests.SessionsApiTests" name="GetSession_Returns404_WhenNotFound" />
    </UnitTest>
    <UnitTest name="OpenClawNet.IntegrationTests.SessionsApiTests.ListSessions_IncludesCreatedSessions" storage="c:\src\openclawnet-plan\tests\openclawnet.integrationtests\bin\debug\net10.0\openclawnet.integrationtests.dll" id="4d52bdf1-d813-e63c-edbc-6c72ed297efb">
      <Execution id="b56826d8-a36c-426b-b9e0-c50e9ef08a1e" />
      <TestMethod codeBase="C:\src\openclawnet-plan\tests\OpenClawNet.IntegrationTests\bin\Debug\net10.0\OpenClawNet.IntegrationTests.dll" adapterTypeName="executor://xunit/VsTestRunner3/netcore/" className="OpenClawNet.IntegrationTests.SessionsApiTests" name="ListSessions_IncludesCreatedSessions" />
    </UnitTest>
  </TestDefinitions>
  <TestEntries>
    <TestEntry testId="e2561f93-3d89-e23a-d954-d5998302ae75" executionId="1e1ae29e-e7ec-4410-b6dd-9843514aa291" testListId="8c84fa94-04c1-424b-9868-57a2d4851a1d" />
    <TestEntry testId="bf8189d3-9137-364a-b649-9ef91fe4b399" executionId="304a8833-8848-41e1-96e4-a0baf978d02d" testListId="8c84fa94-04c1-424b-9868-57a2d4851a1d" />
    <TestEntry testId="bb7e8ff4-0682-004b-face-c0980e86323a" executionId="0b4cad3f-143c-42e2-99a1-0722fb9989ce" testListId="8c84fa94-04c1-424b-9868-57a2d4851a1d" />
    <TestEntry testId="dfb03537-a988-21c2-a05b-7a5c187eb994" executionId="36a4c4fb-d287-4e94-a7a9-77b99cdd8bd6" testListId="8c84fa94-04c1-424b-9868-57a2d4851a1d" />
    <TestEntry testId="ea5a2034-0cd5-9da8-f731-7cba2661bbd6" executionId="2c114425-41bc-4bfb-ac12-3b56022e98fe" testListId="8c84fa94-04c1-424b-9868-57a2d4851a1d" />
    <TestEntry testId="c34180cc-745b-a0b8-059d-a7922eea5dba" executionId="81c3ea96-1f0e-4eff-8aff-ed5884f19aec" testListId="8c84fa94-04c1-424b-9868-57a2d4851a1d" />
    <TestEntry testId="b5a9d528-97d0-65b2-f7ee-2e04f3c4e3e5" executionId="e3d870ed-7794-4258-9faa-16dc7db2f02d" testListId="8c84fa94-04c1-424b-9868-57a2d4851a1d" />
    <TestEntry testId="23047fa9-6b49-36e2-4379-cf1c54c376ea" executionId="284ae917-d987-4e62-995e-8643a6139260" testListId="8c84fa94-04c1-424b-9868-57a2d4851a1d" />
    <TestEntry testId="6bfbc607-530d-ec8a-edb2-cd30d30f89cf" executionId="f2c6bf3c-9706-4295-85ad-ee0b4f481882" testListId="8c84fa94-04c1-424b-9868-57a2d4851a1d" />
    <TestEntry testId="e69ec014-416b-5331-c2e7-6ebf2d0c9828" executionId="5645d2fe-2f59-4e92-9a03-f2dedd0400f2" testListId="8c84fa94-04c1-424b-9868-57a2d4851a1d" />
    <TestEntry testId="d56e279b-a99e-4723-a40d-5bea8b15591f" executionId="78adeffd-cbd5-4f11-8b03-3551e9d76dee" testListId="8c84fa94-04c1-424b-9868-57a2d4851a1d" />
    <TestEntry testId="f3e0935e-2cff-b7cb-b224-de09d4d1811e" executionId="e6786e39-c48c-4063-a42f-a65d259b3720" testListId="8c84fa94-04c1-424b-9868-57a2d4851a1d" />
    <TestEntry testId="82a0973d-0217-a1ef-f8ca-ede03842c59c" executionId="4fabf63c-61e9-480c-b705-75b778cc385b" testListId="8c84fa94-04c1-424b-9868-57a2d4851a1d" />
    <TestEntry testId="94df0669-234e-42d9-ef32-78ef1cfea9d4" executionId="51068512-c1fd-434f-92fa-4b0e89f1db3c" testListId="8c84fa94-04c1-424b-9868-57a2d4851a1d" />
    <TestEntry testId="fb0a61c7-91bc-ae95-754a-7aeade696375" executionId="bf2442ac-262b-405a-911f-a2935b74a732" testListId="8c84fa94-04c1-424b-9868-57a2d4851a1d" />
    <TestEntry testId="d28b1fd7-b813-e551-328a-b8777783a8c1" executionId="aa8e3ec7-c882-4d5a-b3d2-61aed15651b1" testListId="8c84fa94-04c1-424b-9868-57a2d4851a1d" />
    <TestEntry testId="1a4b6387-4854-8a87-7c42-707ccb85963a" executionId="f7c7db2f-e405-49b1-9a68-712749abba45" testListId="8c84fa94-04c1-424b-9868-57a2d4851a1d" />
    <TestEntry testId="fb0cf6ae-076f-22f3-d8e1-24965c06e5d4" executionId="25769d7e-42a1-4b36-a08d-965f6d193763" testListId="8c84fa94-04c1-424b-9868-57a2d4851a1d" />
    <TestEntry testId="115c518c-616d-acfc-4a1e-7760d5a6f870" executionId="1ad84804-6bca-4a27-95eb-8c0a815338d4" testListId="8c84fa94-04c1-424b-9868-57a2d4851a1d" />
    <TestEntry testId="53ae3654-5c1c-1393-b1aa-ae155e830e86" executionId="5d19bbc4-542f-4453-8b39-f0146d559533" testListId="8c84fa94-04c1-424b-9868-57a2d4851a1d" />
    <TestEntry testId="70855f99-ae08-dc59-002e-d5ee7098d2a8" executionId="500729f2-c969-4920-b230-8b3ea4c6e162" testListId="8c84fa94-04c1-424b-9868-57a2d4851a1d" />
    <TestEntry testId="24cccb21-b956-ea58-9f0a-8ec5670b914d" executionId="7526f4c9-1165-4647-93e2-bc6ca957a2d4" testListId="8c84fa94-04c1-424b-9868-57a2d4851a1d" />
    <TestEntry testId="13bf637f-c8b3-df12-9bce-e3645dc0bf7b" executionId="6233b70b-b71f-4006-8fea-920b0820e0c3" testListId="8c84fa94-04c1-424b-9868-57a2d4851a1d" />
    <TestEntry testId="6085dd71-c6f9-f612-7627-0bd18ebed5d6" executionId="d7b221d5-0f9c-4b0e-ab9d-dede425edb7d" testListId="8c84fa94-04c1-424b-9868-57a2d4851a1d" />
    <TestEntry testId="4d52bdf1-d813-e63c-edbc-6c72ed297efb" executionId="b56826d8-a36c-426b-b9e0-c50e9ef08a1e" testListId="8c84fa94-04c1-424b-9868-57a2d4851a1d" />
    <TestEntry testId="34e8d35b-93c2-399c-f0d3-8e4f6f9b8171" executionId="393c32c3-2bf4-4def-969e-c7c14a7a2a39" testListId="8c84fa94-04c1-424b-9868-57a2d4851a1d" />
    <TestEntry testId="76d32dc7-f225-8804-66bc-b29000d89f3e" executionId="826f35e5-59a5-4ff4-8558-ba34f829a108" testListId="8c84fa94-04c1-424b-9868-57a2d4851a1d" />
  </TestEntries>
  <TestLists>
    <TestList name="Results Not in a List" id="8c84fa94-04c1-424b-9868-57a2d4851a1d" />
    <TestList name="All Loaded Results" id="19431567-8539-422a-85d7-44ee4e166bda" />
  </TestLists>
  <ResultSummary outcome="Completed">
    <Counters total="27" executed="27" passed="27" failed="0" error="0" timeout="0" aborted="0" inconclusive="0" passedButRunAborted="0" notRunnable="0" notExecuted="0" disconnected="0" warning="0" completed="0" inProgress="0" pending="0" />
    <Output>
      <StdOut>[xUnit.net 00:00:00.00] xUnit.net VSTest Adapter v3.1.5+1b188a7b0a (64-bit .NET 10.0.6)&#xD;
[xUnit.net 00:00:00.10]   Discovering: OpenClawNet.IntegrationTests&#xD;
[xUnit.net 00:00:00.15]   Discovered:  OpenClawNet.IntegrationTests&#xD;
[xUnit.net 00:00:00.18]   Starting:    OpenClawNet.IntegrationTests&#xD;
     Warning:&#xD;
     The component "Fluent Assertions" is governed by the rules defined in the Xceed License Agreement and&#xD;
     the Xceed Fluent Assertions Community License. You may use Fluent Assertions free of charge for&#xD;
     non-commercial use only. An active subscription is required to use Fluent Assertions for commercial use.&#xD;
     Please contact Xceed Sales mailto:sales@xceed.com to acquire a subscription at a very low cost.&#xD;
     A paid commercial license supports the development and continued increasing support of&#xD;
     Fluent Assertions users under both commercial and community licenses. Help us&#xD;
     keep Fluent Assertions at the forefront of unit testing.&#xD;
     For more information, visit https://xceed.com/products/unit-testing/fluent-assertions/&#xD;
info: OpenClawNet.Tools.FileSystem.FileSystemTool[0]&#xD;
      FileSystem workspace root: C:\src\openclawnet-plan&#xD;
info: OpenClawNet.Tools.FileSystem.FileSystemTool[0]&#xD;
      FileSystem workspace root: C:\src\openclawnet-plan&#xD;
info: OpenClawNet.Tools.FileSystem.FileSystemTool[0]&#xD;
      FileSystem workspace root: C:\src\openclawnet-plan&#xD;
info: OpenClawNet.Tools.FileSystem.FileSystemTool[0]&#xD;
      FileSystem workspace root: C:\src\openclawnet-plan&#xD;
info: OpenClawNet.Tools.FileSystem.FileSystemTool[0]&#xD;
      FileSystem workspace root: C:\src\openclawnet-plan&#xD;
info: Microsoft.Hosting.Lifetime[0]&#xD;
      Application started. Press Ctrl+C to shut down.&#xD;
info: Microsoft.Hosting.Lifetime[0]&#xD;
      Hosting environment: Testing&#xD;
info: Microsoft.Hosting.Lifetime[0]&#xD;
      Content root path: C:\src\openclawnet-plan\src\OpenClawNet.Gateway&#xD;
info: Microsoft.Hosting.Lifetime[0]&#xD;
      Application started. Press Ctrl+C to shut down.&#xD;
info: Microsoft.Hosting.Lifetime[0]&#xD;
      Application started. Press Ctrl+C to shut down.&#xD;
info: Microsoft.Hosting.Lifetime[0]&#xD;
      Hosting environment: Testing&#xD;
info: Microsoft.Hosting.Lifetime[0]&#xD;
      Content root path: C:\src\openclawnet-plan\src\OpenClawNet.Gateway&#xD;
info: Microsoft.Hosting.Lifetime[0]&#xD;
      Hosting environment: Testing&#xD;
info: Microsoft.Hosting.Lifetime[0]&#xD;
      Content root path: C:\src\openclawnet-plan\src\OpenClawNet.Gateway&#xD;
info: Microsoft.Hosting.Lifetime[0]&#xD;
      Application started. Press Ctrl+C to shut down.&#xD;
info: Microsoft.Hosting.Lifetime[0]&#xD;
      Hosting environment: Testing&#xD;
info: Microsoft.Hosting.Lifetime[0]&#xD;
      Content root path: C:\src\openclawnet-plan\src\OpenClawNet.Gateway&#xD;
info: Microsoft.Hosting.Lifetime[0]&#xD;
      Application started. Press Ctrl+C to shut down.&#xD;
info: Microsoft.Hosting.Lifetime[0]&#xD;
      Hosting environment: Testing&#xD;
info: Microsoft.Hosting.Lifetime[0]&#xD;
      Content root path: C:\src\openclawnet-plan\src\OpenClawNet.Gateway&#xD;
info: Microsoft.Hosting.Lifetime[0]&#xD;
      Application is shutting down...&#xD;
info: OpenClawNet.Gateway.Services.RuntimeModelSettings[0]&#xD;
      RuntimeModelSettings initialised: Provider=ollama, Model=test&#xD;
info: OpenClawNet.Agent.AgentOrchestrator[0]&#xD;
      Processing agent request: SessionId=eb5f85d8-3452-45ee-96cd-4eab41733b60, Provider=default&#xD;
info: Microsoft.Agents.AI.AgentFileSkillsSource[1385388169]&#xD;
      Discovered 5 potential skills&#xD;
info: Microsoft.Hosting.Lifetime[0]&#xD;
      Application is shutting down...&#xD;
info: Microsoft.Agents.AI.AgentFileSkillsSource[1325002157]&#xD;
      Loaded skill: doc-processor&#xD;
fail: Microsoft.Agents.AI.AgentFileSkillsSource[898247162]&#xD;
      SKILL.md at 'C:\src\openclawnet-plan\tests\OpenClawNet.IntegrationTests\bin\Debug\net10.0\skills\file-system\SKILL.md' does not contain valid YAML frontmatter delimited by '---'&#xD;
fail: Microsoft.Agents.AI.AgentFileSkillsSource[898247162]&#xD;
      SKILL.md at 'C:\src\openclawnet-plan\tests\OpenClawNet.IntegrationTests\bin\Debug\net10.0\skills\memory\SKILL.md' does not contain valid YAML frontmatter delimited by '---'&#xD;
fail: Microsoft.Agents.AI.AgentFileSkillsSource[898247162]&#xD;
      SKILL.md at 'C:\src\openclawnet-plan\tests\OpenClawNet.IntegrationTests\bin\Debug\net10.0\skills\shell-exec\SKILL.md' does not contain valid YAML frontmatter delimited by '---'&#xD;
fail: Microsoft.Agents.AI.AgentFileSkillsSource[898247162]&#xD;
      SKILL.md at 'C:\src\openclawnet-plan\tests\OpenClawNet.IntegrationTests\bin\Debug\net10.0\skills\web-search\SKILL.md' does not contain valid YAML frontmatter delimited by '---'&#xD;
info: Microsoft.Agents.AI.AgentFileSkillsSource[1381921812]&#xD;
      Successfully loaded 1 skills&#xD;
info: Microsoft.Agents.AI.ChatClientAgent[2113764234]&#xD;
      [RunAsync] Agent 849ea5f5fdd6443bb54d9c4e5ef07b42/UnnamedAgent Invoked client OpenClawNet.Agent.ModelClientChatClientAdapter with message count: 2.&#xD;
info: OpenClawNet.Agent.AgentOrchestrator[0]&#xD;
      Processing agent request: SessionId=eb5f85d8-3452-45ee-96cd-4eab41733b60, Provider=default&#xD;
info: Microsoft.Agents.AI.ChatClientAgent[2113764234]&#xD;
      [RunAsync] Agent bc5a6d49892846fe8aa837ed13ab8bdc/UnnamedAgent Invoked client OpenClawNet.Agent.ModelClientChatClientAdapter with message count: 4.&#xD;
info: OpenClawNet.Agent.AgentOrchestrator[0]&#xD;
      Processing agent request: SessionId=f289b071-bdbd-4816-a3ad-3d1f1db6900d, Provider=default&#xD;
info: Microsoft.Agents.AI.ChatClientAgent[2113764234]&#xD;
      [RunAsync] Agent c6b4489bd11f4efdbee5b5c71c212158/UnnamedAgent Invoked client OpenClawNet.Agent.ModelClientChatClientAdapter with message count: 2.&#xD;
info: OpenClawNet.Agent.AgentOrchestrator[0]&#xD;
      Processing agent request: SessionId=74152c92-548f-4831-b5c0-2c36bf5a8fc8, Provider=default&#xD;
info: Microsoft.Agents.AI.ChatClientAgent[2113764234]&#xD;
      [RunAsync] Agent e75ebd3be89b42afad047d6147b929aa/UnnamedAgent Invoked client OpenClawNet.Agent.ModelClientChatClientAdapter with message count: 2.&#xD;
info: OpenClawNet.Agent.AgentOrchestrator[0]&#xD;
      Processing agent request: SessionId=cd77488c-1fc9-471d-97df-0823060c2c6e, Provider=default&#xD;
info: Microsoft.Agents.AI.ChatClientAgent[2113764234]&#xD;
      [RunAsync] Agent 0200c92a9a6a4b10b171ec2760cde031/UnnamedAgent Invoked client OpenClawNet.Agent.ModelClientChatClientAdapter with message count: 2.&#xD;
info: Microsoft.Hosting.Lifetime[0]&#xD;
      Application is shutting down...&#xD;
info: OpenClawNet.Gateway.Services.OllamaWarmupService[0]&#xD;
      Warming up Ollama model (fake-toolcall)...&#xD;
info: OpenClawNet.Gateway.Services.OllamaWarmupService[0]&#xD;
      Warming up Ollama model (fake)...&#xD;
info: OpenClawNet.Gateway.Services.OllamaWarmupService[0]&#xD;
      Ollama warmup complete - model is ready.&#xD;
info: OpenClawNet.Gateway.Services.OllamaWarmupService[0]&#xD;
      Ollama warmup complete - model is ready.&#xD;
info: OpenClawNet.Gateway.Services.RuntimeModelSettings[0]&#xD;
      RuntimeModelSettings initialised: Provider=ollama, Model=test&#xD;
info: OpenClawNet.Gateway.Services.RuntimeModelSettings[0]&#xD;
      RuntimeModelSettings initialised: Provider=ollama, Model=test&#xD;
info: OpenClawNet.Gateway.Hubs.ChatHub[0]&#xD;
      StreamChat invoked: SessionId=a02af449-9f56-46b7-9779-0b7ddbff7039, Model=default, MessageLength=4&#xD;
info: OpenClawNet.Gateway.Hubs.ChatHub[0]&#xD;
      StreamChat invoked: SessionId=47d4ef1a-e42e-445c-b34b-8d7b1f5f8498, Model=default, MessageLength=18&#xD;
info: OpenClawNet.Agent.AgentOrchestrator[0]&#xD;
      Streaming agent request: SessionId=47d4ef1a-e42e-445c-b34b-8d7b1f5f8498&#xD;
info: OpenClawNet.Agent.AgentOrchestrator[0]&#xD;
      Streaming agent request: SessionId=a02af449-9f56-46b7-9779-0b7ddbff7039&#xD;
info: OpenClawNet.Agent.DefaultAgentRuntime[0]&#xD;
      Starting streaming execution: InteractionId=e28e8649-e349-4d42-b25a-73fc6d5b4073, SessionId=a02af449-9f56-46b7-9779-0b7ddbff7039&#xD;
info: OpenClawNet.Agent.DefaultAgentRuntime[0]&#xD;
      Starting streaming execution: InteractionId=55382c4a-f622-444e-a629-0b819d656098, SessionId=47d4ef1a-e42e-445c-b34b-8d7b1f5f8498&#xD;
info: OpenClawNet.Gateway.Hubs.ChatHub[0]&#xD;
      StreamChat completed: SessionId=a02af449-9f56-46b7-9779-0b7ddbff7039, Events=3&#xD;
info: OpenClawNet.Gateway.Hubs.ChatHub[0]&#xD;
      StreamChat completed: SessionId=47d4ef1a-e42e-445c-b34b-8d7b1f5f8498, Events=31&#xD;
info: OpenClawNet.Gateway.Hubs.ChatHub[0]&#xD;
      StreamChat invoked: SessionId=09b916a8-e55d-41a2-a863-e83ea39182ac, Model=default, MessageLength=18&#xD;
info: OpenClawNet.Agent.AgentOrchestrator[0]&#xD;
      Streaming agent request: SessionId=09b916a8-e55d-41a2-a863-e83ea39182ac&#xD;
info: OpenClawNet.Gateway.Hubs.ChatHub[0]&#xD;
      StreamChat invoked: SessionId=2e06ebb1-be0c-4629-b214-b8924009e696, Model=default, MessageLength=2&#xD;
info: OpenClawNet.Agent.DefaultAgentRuntime[0]&#xD;
      Starting streaming execution: InteractionId=2d92ffb8-8da2-4dab-92c9-d0b0244d5e40, SessionId=09b916a8-e55d-41a2-a863-e83ea39182ac&#xD;
info: OpenClawNet.Agent.AgentOrchestrator[0]&#xD;
      Streaming agent request: SessionId=2e06ebb1-be0c-4629-b214-b8924009e696&#xD;
info: OpenClawNet.Agent.DefaultAgentRuntime[0]&#xD;
      Starting streaming execution: InteractionId=71722be4-b741-4a7e-8164-2372dc6ee1c5, SessionId=2e06ebb1-be0c-4629-b214-b8924009e696&#xD;
info: OpenClawNet.Gateway.Hubs.ChatHub[0]&#xD;
      StreamChat completed: SessionId=2e06ebb1-be0c-4629-b214-b8924009e696, Events=3&#xD;
info: OpenClawNet.Gateway.Hubs.ChatHub[0]&#xD;
      StreamChat completed: SessionId=09b916a8-e55d-41a2-a863-e83ea39182ac, Events=31&#xD;
info: OpenClawNet.Gateway.Hubs.ChatHub[0]&#xD;
      StreamChat invoked: SessionId=09267599-c49c-4b42-8bde-6cff990cafec, Model=default, MessageLength=18&#xD;
info: OpenClawNet.Agent.AgentOrchestrator[0]&#xD;
      Streaming agent request: SessionId=09267599-c49c-4b42-8bde-6cff990cafec&#xD;
info: OpenClawNet.Agent.DefaultAgentRuntime[0]&#xD;
      Starting streaming execution: InteractionId=3d10e38d-9e23-47fe-aaf4-384176d722e8, SessionId=09267599-c49c-4b42-8bde-6cff990cafec&#xD;
info: OpenClawNet.Gateway.Hubs.ChatHub[0]&#xD;
      StreamChat invoked: SessionId=e215b2c8-84fe-4ab9-86ac-1cb549769ed4, Model=default, MessageLength=5&#xD;
info: OpenClawNet.Agent.AgentOrchestrator[0]&#xD;
      Streaming agent request: SessionId=e215b2c8-84fe-4ab9-86ac-1cb549769ed4&#xD;
info: OpenClawNet.Agent.DefaultAgentRuntime[0]&#xD;
      Starting streaming execution: InteractionId=14423658-b1ed-4d32-a458-5b08cb0bd3b9, SessionId=e215b2c8-84fe-4ab9-86ac-1cb549769ed4&#xD;
info: OpenClawNet.Gateway.Hubs.ChatHub[0]&#xD;
      StreamChat completed: SessionId=e215b2c8-84fe-4ab9-86ac-1cb549769ed4, Events=3&#xD;
info: OpenClawNet.Gateway.Hubs.ChatHub[0]&#xD;
      StreamChat completed: SessionId=09267599-c49c-4b42-8bde-6cff990cafec, Events=31&#xD;
info: Microsoft.Hosting.Lifetime[0]&#xD;
      Application is shutting down...&#xD;
info: OpenClawNet.Gateway.Hubs.ChatHub[0]&#xD;
      StreamChat invoked: SessionId=aa5bfa35-cd9b-43e3-af9a-cb44724b0102, Model=default, MessageLength=18&#xD;
info: OpenClawNet.Agent.AgentOrchestrator[0]&#xD;
      Streaming agent request: SessionId=aa5bfa35-cd9b-43e3-af9a-cb44724b0102&#xD;
info: OpenClawNet.Agent.DefaultAgentRuntime[0]&#xD;
      Starting streaming execution: InteractionId=843f763a-4434-43bd-a2d8-98b085fa30ad, SessionId=aa5bfa35-cd9b-43e3-af9a-cb44724b0102&#xD;
info: OpenClawNet.Gateway.Hubs.ChatHub[0]&#xD;
      StreamChat completed: SessionId=aa5bfa35-cd9b-43e3-af9a-cb44724b0102, Events=31&#xD;
info: OpenClawNet.Gateway.Hubs.ChatHub[0]&#xD;
      StreamChat invoked: SessionId=cfbd804b-762d-4704-bd0b-5c90007d2811, Model=default, MessageLength=18&#xD;
info: OpenClawNet.Agent.AgentOrchestrator[0]&#xD;
      Streaming agent request: SessionId=cfbd804b-762d-4704-bd0b-5c90007d2811&#xD;
info: OpenClawNet.Agent.DefaultAgentRuntime[0]&#xD;
      Starting streaming execution: InteractionId=6a1a6cd7-77cd-46ec-ae28-8f7f5dc0d89d, SessionId=cfbd804b-762d-4704-bd0b-5c90007d2811&#xD;
info: OpenClawNet.Gateway.Hubs.ChatHub[0]&#xD;
      StreamChat completed: SessionId=cfbd804b-762d-4704-bd0b-5c90007d2811, Events=31&#xD;
info: Microsoft.Hosting.Lifetime[0]&#xD;
      Application is shutting down...&#xD;
[xUnit.net 00:00:22.24]   Finished:    OpenClawNet.IntegrationTests&#xD;
</StdOut>
    </Output>
  </ResultSummary>
</TestRun>