<?xml version="1.0" encoding="utf-8"?>
<TestRun id="85809182-5d2d-4806-b789-32ae4038d53a" name="brunocapuano@CPC-bruno-U7R9O 2026-04-15 13:15:36" runUser="NORTHAMERICA\brunocapuano" xmlns="http://microsoft.com/schemas/VisualStudio/TeamTest/2010">
  <Times creation="2026-04-15T13:15:36.3749085-04:00" queuing="2026-04-15T13:15:36.3749088-04:00" start="2026-04-15T13:15:35.3210937-04:00" finish="2026-04-15T13:15:40.7458820-04:00" />
  <TestSettings name="default" id="acca3ea6-b05d-4c95-a2ff-3360dcc6ee1b">
    <Deployment runDeploymentRoot="brunocapuano_CPC-bruno-U7R9O_2026-04-15_13_15_36" />
  </TestSettings>
  <Results>
    <UnitTestResult executionId="b4ece83d-ae2a-4d90-8666-fcf8ada71de2" testId="19e13355-b5b9-0baa-4f2b-52c75cca29d0" testName="OpenClawNet.UnitTests.Models.OllamaAgentProviderTests.CreateChatClient_ReturnsNonNull_WithDefaultOptions" computerName="CPC-bruno-U7R9O" duration="00:00:00.0030315" startTime="2026-04-15T13:15:40.6580068-04:00" endTime="2026-04-15T13:15:40.6600184-04:00" testType="13cdc9d9-ddb5-4fa4-a97d-d965ccfc6d4b" outcome="Passed" testListId="8c84fa94-04c1-424b-9868-57a2d4851a1d" relativeResultsDirectory="b4ece83d-ae2a-4d90-8666-fcf8ada71de2" />
    <UnitTestResult executionId="d206bcd0-3bbf-4212-95bd-bd0a9e054357" testId="d1d83992-d07c-178b-17d5-b5ecb4ac053f" testName="OpenClawNet.UnitTests.Storage.JobStatusTransitionsTests.IsAllowed_CancelledToAnyState_ReturnsFalse(to: Cancelled)" computerName="CPC-bruno-U7R9O" duration="00:00:00.0004463" startTime="2026-04-15T13:15:36.3622345-04:00" endTime="2026-04-15T13:15:36.3630443-04:00" testType="13cdc9d9-ddb5-4fa4-a97d-d965ccfc6d4b" outcome="Passed" testListId="8c84fa94-04c1-424b-9868-57a2d4851a1d" relativeResultsDirectory="d206bcd0-3bbf-4212-95bd-bd0a9e054357" />
    <UnitTestResult executionId="939c3d89-2525-4c23-a8fa-b09d045c2084" testId="165b6536-3550-f546-274b-fbafc6d3cc16" testName="OpenClawNet.UnitTests.Agent.PromptComposerTests.ComposeAsync_IncludesHistory" computerName="CPC-bruno-U7R9O" duration="00:00:00.0096390" startTime="2026-04-15T13:15:36.4881922-04:00" endTime="2026-04-15T13:15:36.4971067-04:00" testType="13cdc9d9-ddb5-4fa4-a97d-d965ccfc6d4b" outcome="Passed" testListId="8c84fa94-04c1-424b-9868-57a2d4851a1d" relativeResultsDirectory="939c3d89-2525-4c23-a8fa-b09d045c2084" />
    <UnitTestResult executionId="93c577c7-d32d-4f96-9396-01024e502e2c" testId="ceedfa82-fa53-0b66-65dc-295a7fff198e" testName="OpenClawNet.UnitTests.Gateway.ServiceRegistrationTests.RuntimeAgentProvider_CanRouteToOllama" computerName="CPC-bruno-U7R9O" duration="00:00:00.1947316" startTime="2026-04-15T13:15:36.2579933-04:00" endTime="2026-04-15T13:15:36.4177813-04:00" testType="13cdc9d9-ddb5-4fa4-a97d-d965ccfc6d4b" outcome="Passed" testListId="8c84fa94-04c1-424b-9868-57a2d4851a1d" relativeResultsDirectory="93c577c7-d32d-4f96-9396-01024e502e2c" />
    <UnitTestResult executionId="83dd25f3-2d88-40c0-a80d-3a737c4d7a1f" testId="be1e166a-d1b7-c70a-b1c2-06ccc73818c6" testName="OpenClawNet.UnitTests.Models.AzureOpenAIAgentProviderTests.CreateChatClient_Throws_WhenEndpointNotConfigured" computerName="CPC-bruno-U7R9O" duration="00:00:00.0035205" startTime="2026-04-15T13:15:36.5056313-04:00" endTime="2026-04-15T13:15:36.5080086-04:00" testType="13cdc9d9-ddb5-4fa4-a97d-d965ccfc6d4b" outcome="Passed" testListId="8c84fa94-04c1-424b-9868-57a2d4851a1d" relativeResultsDirectory="83dd25f3-2d88-40c0-a80d-3a737c4d7a1f" />
    <UnitTestResult executionId="5b20e7de-9031-46cf-836b-13232c88b948" testId="0613a6f7-85d2-eca2-a9d6-0c19f4e48035" testName="OpenClawNet.UnitTests.Storage.JobStatusTransitionsTests.IsAllowed_AllInvalidTransitions_ReturnFalse(from: Completed, to: Cancelled)" computerName="CPC-bruno-U7R9O" duration="00:00:00.0000036" startTime="2026-04-15T13:15:36.3621073-04:00" endTime="2026-04-15T13:15:36.3621435-04:00" testType="13cdc9d9-ddb5-4fa4-a97d-d965ccfc6d4b" outcome="Passed" testListId="8c84fa94-04c1-424b-9868-57a2d4851a1d" relativeResultsDirectory="5b20e7de-9031-46cf-836b-13232c88b948" />
    <UnitTestResult executionId="2c70cba4-3c7b-4d5d-be38-05ac2f07b1f8" testId="cd761b15-e1ee-8556-8dd8-08440c045107" testName="OpenClawNet.UnitTests.Models.AzureOpenAIAgentProviderTests.IsAvailableAsync_ReturnsTrue_WhenEndpointAndIntegratedAuth" computerName="CPC-bruno-U7R9O" duration="00:00:00.0010911" startTime="2026-04-15T13:15:36.5082297-04:00" endTime="2026-04-15T13:15:36.5091688-04:00" testType="13cdc9d9-ddb5-4fa4-a97d-d965ccfc6d4b" outcome="Passed" testListId="8c84fa94-04c1-424b-9868-57a2d4851a1d" relativeResultsDirectory="2c70cba4-3c7b-4d5d-be38-05ac2f07b1f8" />
    <UnitTestResult executionId="789d7146-d860-4a54-84dd-5ca7f816199e" testId="4b6dcde4-e3f2-af38-4208-c520bfa1215c" testName="OpenClawNet.UnitTests.Demos.DocumentPipelineTests.SchedulerPollingService_ProcessDueJobs_WithConcurrencyDisabled_SkipsRunningJob" computerName="CPC-bruno-U7R9O" duration="00:00:00.0042852" startTime="2026-04-15T13:15:36.3507520-04:00" endTime="2026-04-15T13:15:36.3508517-04:00" testType="13cdc9d9-ddb5-4fa4-a97d-d965ccfc6d4b" outcome="Passed" testListId="8c84fa94-04c1-424b-9868-57a2d4851a1d" relativeResultsDirectory="789d7146-d860-4a54-84dd-5ca7f816199e" />
    <UnitTestResult executionId="929ff0db-7fe7-4f3f-8c8c-3390162fc213" testId="90dd5f80-380c-a27c-40e0-9091dd7e5eb8" testName="OpenClawNet.UnitTests.Storage.JobStatusTransitionsTests.IsAllowed_AllInvalidTransitions_ReturnFalse(from: Paused, to: Draft)" computerName="CPC-bruno-U7R9O" duration="00:00:00.0000022" startTime="2026-04-15T13:15:36.3606392-04:00" endTime="2026-04-15T13:15:36.3606924-04:00" testType="13cdc9d9-ddb5-4fa4-a97d-d965ccfc6d4b" outcome="Passed" testListId="8c84fa94-04c1-424b-9868-57a2d4851a1d" relativeResultsDirectory="929ff0db-7fe7-4f3f-8c8c-3390162fc213" />
    <UnitTestResult executionId="fd301727-5e6b-4fc1-9e06-85c5fd79e809" testId="6d2f4907-55f6-1d79-06cc-889177fc0f2e" testName="OpenClawNet.UnitTests.Storage.AgentProfileStoreTests.GetDefaultAsync_SeedsDefault_WhenNoneExists" computerName="CPC-bruno-U7R9O" duration="00:00:00.0022921" startTime="2026-04-15T13:15:37.2283721-04:00" endTime="2026-04-15T13:15:37.2305607-04:00" testType="13cdc9d9-ddb5-4fa4-a97d-d965ccfc6d4b" outcome="Passed" testListId="8c84fa94-04c1-424b-9868-57a2d4851a1d" relativeResultsDirectory="fd301727-5e6b-4fc1-9e06-85c5fd79e809" />
    <UnitTestResult executionId="2b3fb60a-6d04-461d-832a-09ec330123c0" testId="71dda906-187c-be2a-eed3-fb4a5388dcf9" testName="OpenClawNet.UnitTests.Storage.JobStatusTransitionsTests.JobStatus_Draft_HasValue0" computerName="CPC-bruno-U7R9O" duration="00:00:00.0002333" startTime="2026-04-15T13:15:36.3668531-04:00" endTime="2026-04-15T13:15:36.3669435-04:00" testType="13cdc9d9-ddb5-4fa4-a97d-d965ccfc6d4b" outcome="Passed" testListId="8c84fa94-04c1-424b-9868-57a2d4851a1d" relativeResultsDirectory="2b3fb60a-6d04-461d-832a-09ec330123c0" />
    <UnitTestResult executionId="2c9bb6c0-a9c6-4312-929d-fa0853da192b" testId="b101d931-6746-04c9-1a5f-23874973b5da" testName="OpenClawNet.UnitTests.Services.RuntimeAgentProviderTests.IsAvailableAsync_DelegatesToActiveProvider" computerName="CPC-bruno-U7R9O" duration="00:00:00.0076187" startTime="2026-04-15T13:15:36.4504313-04:00" endTime="2026-04-15T13:15:36.4579622-04:00" testType="13cdc9d9-ddb5-4fa4-a97d-d965ccfc6d4b" outcome="Passed" testListId="8c84fa94-04c1-424b-9868-57a2d4851a1d" relativeResultsDirectory="2c9bb6c0-a9c6-4312-929d-fa0853da192b" />
    <UnitTestResult executionId="4f0f4e38-20f4-4df8-ad4d-2ecb227b76bc" testId="3c7bef25-7167-f04b-f5dc-6dd51ff7a167" testName="OpenClawNet.UnitTests.Scheduler.SchedulerSettingsServiceTests.Update_PersistsToFile" computerName="CPC-bruno-U7R9O" duration="00:00:00.0337808" startTime="2026-04-15T13:15:36.3426813-04:00" endTime="2026-04-15T13:15:36.3588536-04:00" testType="13cdc9d9-ddb5-4fa4-a97d-d965ccfc6d4b" outcome="Passed" testListId="8c84fa94-04c1-424b-9868-57a2d4851a1d" relativeResultsDirectory="4f0f4e38-20f4-4df8-ad4d-2ecb227b76bc" />
    <UnitTestResult executionId="fcd887ff-ed80-477a-b09f-aeb8eda8e807" testId="e7950b7a-7484-001b-1579-a5a14ea8c26b" testName="OpenClawNet.UnitTests.Gateway.RuntimeModelClientTests.GetOrCreate_RecreatesClient_WhenSettingsChange" computerName="CPC-bruno-U7R9O" duration="00:00:00.0042487" startTime="2026-04-15T13:15:36.5690597-04:00" endTime="2026-04-15T13:15:36.5706426-04:00" testType="13cdc9d9-ddb5-4fa4-a97d-d965ccfc6d4b" outcome="Passed" testListId="8c84fa94-04c1-424b-9868-57a2d4851a1d" relativeResultsDirectory="fcd887ff-ed80-477a-b09f-aeb8eda8e807" />
    <UnitTestResult executionId="da240e17-0a87-4cab-8ddb-26f611cb93cc" testId="6b5c6338-1c9b-5128-887c-aa33513ed4b1" testName="OpenClawNet.UnitTests.Models.AzureOpenAIModelClientTests.Constructor_DoesNotThrow_WhenIntegratedModeWithEndpointOnly" computerName="CPC-bruno-U7R9O" duration="00:00:00.0016590" startTime="2026-04-15T13:15:36.4818918-04:00" endTime="2026-04-15T13:15:36.4821614-04:00" testType="13cdc9d9-ddb5-4fa4-a97d-d965ccfc6d4b" outcome="Passed" testListId="8c84fa94-04c1-424b-9868-57a2d4851a1d" relativeResultsDirectory="da240e17-0a87-4cab-8ddb-26f611cb93cc" />
    <UnitTestResult executionId="18113aac-b2df-4b60-9367-13d5cd0827ff" testId="e597e929-6ec4-e6b5-77ab-47ee49e76c21" testName="OpenClawNet.UnitTests.Storage.JobStatusTransitionsTests.IsAllowed_AllInvalidTransitions_ReturnFalse(from: Paused, to: Completed)" computerName="CPC-bruno-U7R9O" duration="00:00:00.0005555" startTime="2026-04-15T13:15:36.3602997-04:00" endTime="2026-04-15T13:15:36.3603416-04:00" testType="13cdc9d9-ddb5-4fa4-a97d-d965ccfc6d4b" outcome="Passed" testListId="8c84fa94-04c1-424b-9868-57a2d4851a1d" relativeResultsDirectory="18113aac-b2df-4b60-9367-13d5cd0827ff" />
    <UnitTestResult executionId="42ad739a-622f-4e51-8ba6-7ee49012e9b9" testId="f5f2d619-a912-7077-ad56-894f5d29a212" testName="OpenClawNet.UnitTests.Models.AgentProfileMarkdownParserTests.Parse_WhitespaceOnly_UsesFallbackName" computerName="CPC-bruno-U7R9O" duration="00:00:00.0004456" startTime="2026-04-15T13:15:36.4593197-04:00" endTime="2026-04-15T13:15:36.4760446-04:00" testType="13cdc9d9-ddb5-4fa4-a97d-d965ccfc6d4b" outcome="Passed" testListId="8c84fa94-04c1-424b-9868-57a2d4851a1d" relativeResultsDirectory="42ad739a-622f-4e51-8ba6-7ee49012e9b9" />
    <UnitTestResult executionId="543d1bba-93de-4d10-a2c3-3f2a5fb626a0" testId="8f25d0b9-acaf-1ee1-6207-a9c8722b3fde" testName="OpenClawNet.UnitTests.Gateway.ChatHubTests.StreamChat_CatchesProviderException_YieldsError" computerName="CPC-bruno-U7R9O" duration="00:00:00.0071101" startTime="2026-04-15T13:15:36.4931179-04:00" endTime="2026-04-15T13:15:36.4996949-04:00" testType="13cdc9d9-ddb5-4fa4-a97d-d965ccfc6d4b" outcome="Passed" testListId="8c84fa94-04c1-424b-9868-57a2d4851a1d" relativeResultsDirectory="543d1bba-93de-4d10-a2c3-3f2a5fb626a0" />
    <UnitTestResult executionId="c39f9b9c-48e1-47b3-8107-e0b3cfa1594d" testId="5707192c-af11-466d-de2e-a9a49151eb97" testName="OpenClawNet.UnitTests.Skills.FileSkillLoaderTests.ReloadAsync_LoadsFlatMdFiles" computerName="CPC-bruno-U7R9O" duration="00:00:00.0150316" startTime="2026-04-15T13:15:36.7174462-04:00" endTime="2026-04-15T13:15:36.7329166-04:00" testType="13cdc9d9-ddb5-4fa4-a97d-d965ccfc6d4b" outcome="Passed" testListId="8c84fa94-04c1-424b-9868-57a2d4851a1d" relativeResultsDirectory="c39f9b9c-48e1-47b3-8107-e0b3cfa1594d" />
    <UnitTestResult executionId="d1d9719b-44b4-456a-8fbb-c3bf14a17072" testId="b1fffb79-4963-2113-58c1-eacbebbd1896" testName="OpenClawNet.UnitTests.Models.AgentProfileMarkdownParserTests.Parse_FrontMatterNoNameNoHeading_FallsBackToFallbackName" computerName="CPC-bruno-U7R9O" duration="00:00:00.0003178" startTime="2026-04-15T13:15:36.4907420-04:00" endTime="2026-04-15T13:15:36.4907822-04:00" testType="13cdc9d9-ddb5-4fa4-a97d-d965ccfc6d4b" outcome="Passed" testListId="8c84fa94-04c1-424b-9868-57a2d4851a1d" relativeResultsDirectory="d1d9719b-44b4-456a-8fbb-c3bf14a17072" />
    <UnitTestResult executionId="9ddeabeb-38be-4cb1-aa60-7abd0e3b2276" testId="ec78030d-3c74-b579-ed62-10c09373414b" testName="OpenClawNet.UnitTests.Demos.DocumentPipelineTests.SchedulerPollingService_CalculateNextRun_StandardCron" computerName="CPC-bruno-U7R9O" duration="00:00:00.0017385" startTime="2026-04-15T13:15:36.3465444-04:00" endTime="2026-04-15T13:15:36.3466836-04:00" testType="13cdc9d9-ddb5-4fa4-a97d-d965ccfc6d4b" outcome="Passed" testListId="8c84fa94-04c1-424b-9868-57a2d4851a1d" relativeResultsDirectory="9ddeabeb-38be-4cb1-aa60-7abd0e3b2276" />
    <UnitTestResult executionId="6d663ded-f832-4f29-998d-787031e186ab" testId="32b976a4-0ae8-b766-d704-be0b87873e9f" testName="OpenClawNet.UnitTests.Models.AzureOpenAIModelClientTests.Constructor_ThrowsInvalidOperation_WhenEndpointNotConfigured" computerName="CPC-bruno-U7R9O" duration="00:00:00.0019817" startTime="2026-04-15T13:15:36.4823693-04:00" endTime="2026-04-15T13:15:36.4852650-04:00" testType="13cdc9d9-ddb5-4fa4-a97d-d965ccfc6d4b" outcome="Passed" testListId="8c84fa94-04c1-424b-9868-57a2d4851a1d" relativeResultsDirectory="6d663ded-f832-4f29-998d-787031e186ab" />
    <UnitTestResult executionId="5fd4a43f-ecd7-4cf1-89f0-f81802b98967" testId="37fd1d3f-16b7-77d2-bcba-7d832c9b391b" testName="OpenClawNet.UnitTests.Storage.ModelProviderDefinitionStoreTests.SaveAsync_UpdatesExistingDefinition" computerName="CPC-bruno-U7R9O" duration="00:00:00.0031333" startTime="2026-04-15T13:15:37.2132881-04:00" endTime="2026-04-15T13:15:37.2155592-04:00" testType="13cdc9d9-ddb5-4fa4-a97d-d965ccfc6d4b" outcome="Passed" testListId="8c84fa94-04c1-424b-9868-57a2d4851a1d" relativeResultsDirectory="5fd4a43f-ecd7-4cf1-89f0-f81802b98967" />
    <UnitTestResult executionId="2be3e1af-a5b6-4b2c-ad0f-0e706b1b2f75" testId="89637bb0-d0d0-35f0-b98e-61a0dbbf3a19" testName="OpenClawNet.UnitTests.Storage.JobStatusTransitionsTests.IsAllowed_CompletedToDraft_ReturnsFalse" computerName="CPC-bruno-U7R9O" duration="00:00:00.0002039" startTime="2026-04-15T13:15:36.3697631-04:00" endTime="2026-04-15T13:15:36.3700897-04:00" testType="13cdc9d9-ddb5-4fa4-a97d-d965ccfc6d4b" outcome="Passed" testListId="8c84fa94-04c1-424b-9868-57a2d4851a1d" relativeResultsDirectory="2be3e1af-a5b6-4b2c-ad0f-0e706b1b2f75" />
    <UnitTestResult executionId="cb618174-a63f-4c9c-83e0-f8ad9964c3dd" testId="2706c4d1-835e-84c8-4732-0377b07eee79" testName="OpenClawNet.UnitTests.Gateway.ModelProviderEndpointTests.DeleteProvider_NonExistent_ReturnsNoContent" computerName="CPC-bruno-U7R9O" duration="00:00:00.0246632" startTime="2026-04-15T13:15:37.2152387-04:00" endTime="2026-04-15T13:15:37.2402987-04:00" testType="13cdc9d9-ddb5-4fa4-a97d-d965ccfc6d4b" outcome="Passed" testListId="8c84fa94-04c1-424b-9868-57a2d4851a1d" relativeResultsDirectory="cb618174-a63f-4c9c-83e0-f8ad9964c3dd" />
    <UnitTestResult executionId="8874f352-6c04-4d95-896e-ee603b0ac7a8" testId="b8f1a256-3965-37b1-d28a-3192c9dee580" testName="OpenClawNet.UnitTests.Storage.JobStatusTransitionsTests.IsAllowed_ActiveToCancelled_ReturnsTrue" computerName="CPC-bruno-U7R9O" duration="00:00:00.0001667" startTime="2026-04-15T13:15:36.3682415-04:00" endTime="2026-04-15T13:15:36.3682824-04:00" testType="13cdc9d9-ddb5-4fa4-a97d-d965ccfc6d4b" outcome="Passed" testListId="8c84fa94-04c1-424b-9868-57a2d4851a1d" relativeResultsDirectory="8874f352-6c04-4d95-896e-ee603b0ac7a8" />
    <UnitTestResult executionId="be101370-3a77-430d-bdbd-71d832b25b3d" testId="c3f639aa-7527-4462-2d08-5ae28b85e8cc" testName="OpenClawNet.UnitTests.Tools.FileSystemToolTests.FindProjects_ExcludesBinAndObjDirectories" computerName="CPC-bruno-U7R9O" duration="00:00:00.0241609" startTime="2026-04-15T13:15:36.5946045-04:00" endTime="2026-04-15T13:15:36.6201425-04:00" testType="13cdc9d9-ddb5-4fa4-a97d-d965ccfc6d4b" outcome="Passed" testListId="8c84fa94-04c1-424b-9868-57a2d4851a1d" relativeResultsDirectory="be101370-3a77-430d-bdbd-71d832b25b3d" />
    <UnitTestResult executionId="34d1f98b-19e4-41a5-97a3-96f7fea48273" testId="03c38608-2c45-0c64-b699-baaa681feee4" testName="OpenClawNet.UnitTests.Storage.JobStatusTransitionsTests.IsAllowed_CancelledToAnyState_ReturnsFalse(to: Completed)" computerName="CPC-bruno-U7R9O" duration="00:00:00.0003176" startTime="2026-04-15T13:15:36.3631336-04:00" endTime="2026-04-15T13:15:36.3631718-04:00" testType="13cdc9d9-ddb5-4fa4-a97d-d965ccfc6d4b" outcome="Passed" testListId="8c84fa94-04c1-424b-9868-57a2d4851a1d" relativeResultsDirectory="34d1f98b-19e4-41a5-97a3-96f7fea48273" />
    <UnitTestResult executionId="319cf291-7ed1-4090-9aba-50a79c5c3499" testId="b6c96992-ec19-2259-b10b-2a1a8f5fb412" testName="OpenClawNet.UnitTests.Gateway.ChatStreamEndpointTests.Post_UnexpectedException_YieldsErrorEventWithMessage" computerName="CPC-bruno-U7R9O" duration="00:00:00.0106266" startTime="2026-04-15T13:15:36.8191554-04:00" endTime="2026-04-15T13:15:36.8301856-04:00" testType="13cdc9d9-ddb5-4fa4-a97d-d965ccfc6d4b" outcome="Passed" testListId="8c84fa94-04c1-424b-9868-57a2d4851a1d" relativeResultsDirectory="319cf291-7ed1-4090-9aba-50a79c5c3499" />
    <UnitTestResult executionId="10d6089b-14d5-441b-b78f-0f7a14addd05" testId="2b6ec70d-7e41-1241-08a1-2b78f6cd080d" testName="OpenClawNet.UnitTests.Gateway.ChatStreamEndpointTests.Post_WhitespaceMessage_Returns400BadRequest" computerName="CPC-bruno-U7R9O" duration="00:00:00.0095194" startTime="2026-04-15T13:15:36.7806599-04:00" endTime="2026-04-15T13:15:36.7905134-04:00" testType="13cdc9d9-ddb5-4fa4-a97d-d965ccfc6d4b" outcome="Passed" testListId="8c84fa94-04c1-424b-9868-57a2d4851a1d" relativeResultsDirectory="10d6089b-14d5-441b-b78f-0f7a14addd05" />
    <UnitTestResult executionId="0b9f8f49-3fa4-4c7c-87e6-b04d7f99e6e5" testId="5271e262-f246-9834-be78-2e7f6ac01dd0" testName="OpenClawNet.UnitTests.Tools.FileSystemToolTests.List_RelativePath_ListsWorkspaceDirectory" computerName="CPC-bruno-U7R9O" duration="00:00:00.0056814" startTime="2026-04-15T13:15:36.6561082-04:00" endTime="2026-04-15T13:15:36.6622620-04:00" testType="13cdc9d9-ddb5-4fa4-a97d-d965ccfc6d4b" outcome="Passed" testListId="8c84fa94-04c1-424b-9868-57a2d4851a1d" relativeResultsDirectory="0b9f8f49-3fa4-4c7c-87e6-b04d7f99e6e5" />
    <UnitTestResult executionId="d0ef52f9-5bce-40a3-adf4-9a16d192768a" testId="4c777fe8-5ab1-b155-3cbf-45dd7fa1f8e5" testName="OpenClawNet.UnitTests.Agent.PromptComposerTests.ComposeAsync_FallbackPrompt_ContainsWorkspacePath" computerName="CPC-bruno-U7R9O" duration="00:00:00.0417605" startTime="2026-04-15T13:15:36.5084931-04:00" endTime="2026-04-15T13:15:36.5508722-04:00" testType="13cdc9d9-ddb5-4fa4-a97d-d965ccfc6d4b" outcome="Passed" testListId="8c84fa94-04c1-424b-9868-57a2d4851a1d" relativeResultsDirectory="d0ef52f9-5bce-40a3-adf4-9a16d192768a" />
    <UnitTestResult executionId="117eb855-98db-4251-9ede-61516ec1df98" testId="ab20ef3c-9bb8-4c80-4a1a-9c26a2fb4629" testName="OpenClawNet.UnitTests.Storage.AgentProfileStoreDefaultEnforcementTests.SaveAsync_WithIsDefaultTrue_OnlyOneDefaultRemains" computerName="CPC-bruno-U7R9O" duration="00:00:00.0148677" startTime="2026-04-15T13:15:37.2193262-04:00" endTime="2026-04-15T13:15:37.2340895-04:00" testType="13cdc9d9-ddb5-4fa4-a97d-d965ccfc6d4b" outcome="Passed" testListId="8c84fa94-04c1-424b-9868-57a2d4851a1d" relativeResultsDirectory="117eb855-98db-4251-9ede-61516ec1df98" />
    <UnitTestResult executionId="7552d966-48fe-4638-a24d-fd89b5d6f95c" testId="29a341e2-1954-0bfd-e163-360c32326b3f" testName="OpenClawNet.UnitTests.Integration.ChatSmokeTests.Pipeline_EmptyMessage_DoesNotThrow" computerName="CPC-bruno-U7R9O" duration="00:00:00.8871833" startTime="2026-04-15T13:15:36.3738413-04:00" endTime="2026-04-15T13:15:37.2538536-04:00" testType="13cdc9d9-ddb5-4fa4-a97d-d965ccfc6d4b" outcome="Passed" testListId="8c84fa94-04c1-424b-9868-57a2d4851a1d" relativeResultsDirectory="7552d966-48fe-4638-a24d-fd89b5d6f95c" />
    <UnitTestResult executionId="ee055822-8b64-49cd-91c1-1a1c3ea5fec4" testId="213b1533-7798-95cd-3125-9e72d916d53a" testName="OpenClawNet.UnitTests.Storage.ConversationStoreTests.CreateSession_ReturnsNewSession" computerName="CPC-bruno-U7R9O" duration="00:00:00.0011757" startTime="2026-04-15T13:15:37.2816418-04:00" endTime="2026-04-15T13:15:37.2820643-04:00" testType="13cdc9d9-ddb5-4fa4-a97d-d965ccfc6d4b" outcome="Passed" testListId="8c84fa94-04c1-424b-9868-57a2d4851a1d" relativeResultsDirectory="ee055822-8b64-49cd-91c1-1a1c3ea5fec4" />
    <UnitTestResult executionId="93e8bb25-072b-4cbc-afad-56786b869ff0" testId="e003a7b4-b721-e696-0b5f-a027020a5e9f" testName="OpenClawNet.UnitTests.Agent.ModelClientChatClientAdapterTests.ParseArguments_HandlesInvalidJson" computerName="CPC-bruno-U7R9O" duration="00:00:00.0025973" startTime="2026-04-15T13:15:36.5203434-04:00" endTime="2026-04-15T13:15:36.5219876-04:00" testType="13cdc9d9-ddb5-4fa4-a97d-d965ccfc6d4b" outcome="Passed" testListId="8c84fa94-04c1-424b-9868-57a2d4851a1d" relativeResultsDirectory="93e8bb25-072b-4cbc-afad-56786b869ff0" />
    <UnitTestResult executionId="4d323907-9234-4a07-b6cf-327000eb0b93" testId="fea2d782-2b4a-6ede-c1c9-bc275fb7d068" testName="OpenClawNet.UnitTests.Services.RuntimeAgentProviderTests.CreateChatClient_RoutesToCorrectProvider_BasedOnSettings" computerName="CPC-bruno-U7R9O" duration="00:00:00.0057560" startTime="2026-04-15T13:15:36.4800843-04:00" endTime="2026-04-15T13:15:36.4854728-04:00" testType="13cdc9d9-ddb5-4fa4-a97d-d965ccfc6d4b" outcome="Passed" testListId="8c84fa94-04c1-424b-9868-57a2d4851a1d" relativeResultsDirectory="4d323907-9234-4a07-b6cf-327000eb0b93" />
    <UnitTestResult executionId="cf4c64de-e857-4eb7-a427-5e6e1948cc84" testId="2a70cdd4-6b51-8033-6480-861686f197b9" testName="OpenClawNet.UnitTests.Storage.JobStatusTransitionsTests.IsAllowed_AllInvalidTransitions_ReturnFalse(from: Cancelled, to: Active)" computerName="CPC-bruno-U7R9O" duration="00:00:00.0000022" startTime="2026-04-15T13:15:36.3617795-04:00" endTime="2026-04-15T13:15:36.3618195-04:00" testType="13cdc9d9-ddb5-4fa4-a97d-d965ccfc6d4b" outcome="Passed" testListId="8c84fa94-04c1-424b-9868-57a2d4851a1d" relativeResultsDirectory="cf4c64de-e857-4eb7-a427-5e6e1948cc84" />
    <UnitTestResult executionId="180c447e-234c-4c40-84ac-d375183acaee" testId="639b077a-8218-c685-59a1-a9a35e8d5d9a" testName="OpenClawNet.UnitTests.Gateway.RuntimeModelClientTests.CreateAzureOpenAI_ThrowsWhenApiKeyMissing" computerName="CPC-bruno-U7R9O" duration="00:00:00.0037380" startTime="2026-04-15T13:15:36.5633968-04:00" endTime="2026-04-15T13:15:36.5671210-04:00" testType="13cdc9d9-ddb5-4fa4-a97d-d965ccfc6d4b" outcome="Passed" testListId="8c84fa94-04c1-424b-9868-57a2d4851a1d" relativeResultsDirectory="180c447e-234c-4c40-84ac-d375183acaee" />
    <UnitTestResult executionId="92c99a52-6415-4526-bbc2-beca08ffc755" testId="7f4ccbac-4c41-76ec-3301-767892e691b9" testName="OpenClawNet.UnitTests.Storage.ConversationStoreTests.ListSessions_ReturnsOrderedByUpdatedAt" computerName="CPC-bruno-U7R9O" duration="00:00:00.6800662" startTime="2026-04-15T13:15:36.5243601-04:00" endTime="2026-04-15T13:15:37.2048930-04:00" testType="13cdc9d9-ddb5-4fa4-a97d-d965ccfc6d4b" outcome="Passed" testListId="8c84fa94-04c1-424b-9868-57a2d4851a1d" relativeResultsDirectory="92c99a52-6415-4526-bbc2-beca08ffc755" />
    <UnitTestResult executionId="395274b4-2e46-4e0b-9688-1efaa605579d" testId="5b88311c-606d-198c-7863-fc6e08813c00" testName="OpenClawNet.UnitTests.Storage.AgentProfileStoreDefaultEnforcementTests.GetDefaultAsync_SeedsDefault_WhenNoProfilesExist" computerName="CPC-bruno-U7R9O" duration="00:00:00.0031781" startTime="2026-04-15T13:15:37.2117991-04:00" endTime="2026-04-15T13:15:37.2148061-04:00" testType="13cdc9d9-ddb5-4fa4-a97d-d965ccfc6d4b" outcome="Passed" testListId="8c84fa94-04c1-424b-9868-57a2d4851a1d" relativeResultsDirectory="395274b4-2e46-4e0b-9688-1efaa605579d" />
    <UnitTestResult executionId="8b95f450-84a4-4d4e-9b50-cec5042cd50f" testId="490c24ba-c760-a85f-5bc3-6eeb7890365b" testName="OpenClawNet.UnitTests.Models.AzureOpenAIModelClientTests.StreamAsync_Throws_WhenNotConfigured" computerName="CPC-bruno-U7R9O" duration="00:00:00.0022505" startTime="2026-04-15T13:15:36.4904779-04:00" endTime="2026-04-15T13:15:36.4914591-04:00" testType="13cdc9d9-ddb5-4fa4-a97d-d965ccfc6d4b" outcome="Passed" testListId="8c84fa94-04c1-424b-9868-57a2d4851a1d" relativeResultsDirectory="8b95f450-84a4-4d4e-9b50-cec5042cd50f" />
    <UnitTestResult executionId="7e1c8a65-971e-4f37-933c-6ee5a68f4daa" testId="9183b333-b86e-8f0c-b80c-384e0ce3bdc0" testName="OpenClawNet.UnitTests.Gateway.RuntimeModelSettingsTests.Load_FallsBackToConfig_WhenNoFile" computerName="CPC-bruno-U7R9O" duration="00:00:00.0034873" startTime="2026-04-15T13:15:36.5751362-04:00" endTime="2026-04-15T13:15:36.5781787-04:00" testType="13cdc9d9-ddb5-4fa4-a97d-d965ccfc6d4b" outcome="Passed" testListId="8c84fa94-04c1-424b-9868-57a2d4851a1d" relativeResultsDirectory="7e1c8a65-971e-4f37-933c-6ee5a68f4daa" />
    <UnitTestResult executionId="ce84cdca-6f63-4fed-8f73-6220dbdcd908" testId="fe30a9eb-7c83-db39-67aa-093995cc4857" testName="OpenClawNet.UnitTests.Storage.JobStatusTransitionsTests.IsAllowed_AllInvalidTransitions_ReturnFalse(from: Cancelled, to: Draft)" computerName="CPC-bruno-U7R9O" duration="00:00:00.0000020" startTime="2026-04-15T13:15:36.3618873-04:00" endTime="2026-04-15T13:15:36.3619231-04:00" testType="13cdc9d9-ddb5-4fa4-a97d-d965ccfc6d4b" outcome="Passed" testListId="8c84fa94-04c1-424b-9868-57a2d4851a1d" relativeResultsDirectory="ce84cdca-6f63-4fed-8f73-6220dbdcd908" />
    <UnitTestResult executionId="cdceeeb4-aa12-41a2-806b-9f6061fcdbbc" testId="6aed574b-9838-3e67-c37f-179f30d9bfe6" testName="OpenClawNet.UnitTests.Models.AgentProfileMarkdownParserTests.Parse_YamlFrontMatter_AllFieldsParsed" computerName="CPC-bruno-U7R9O" duration="00:00:00.0009564" startTime="2026-04-15T13:15:36.4918759-04:00" endTime="2026-04-15T13:15:36.4932136-04:00" testType="13cdc9d9-ddb5-4fa4-a97d-d965ccfc6d4b" outcome="Passed" testListId="8c84fa94-04c1-424b-9868-57a2d4851a1d" relativeResultsDirectory="cdceeeb4-aa12-41a2-806b-9f6061fcdbbc" />
    <UnitTestResult executionId="df7e5bbd-8b6d-4c7a-af60-60e60bfd458d" testId="b245dfa8-d5d4-e8af-f679-3daf1b1e2fff" testName="OpenClawNet.UnitTests.Storage.JobStatusTransitionsTests.IsAllowed_CompletedToAnyState_ReturnsFalse(to: Draft)" computerName="CPC-bruno-U7R9O" duration="00:00:00.0000018" startTime="2026-04-15T13:15:36.3664225-04:00" endTime="2026-04-15T13:15:36.3664876-04:00" testType="13cdc9d9-ddb5-4fa4-a97d-d965ccfc6d4b" outcome="Passed" testListId="8c84fa94-04c1-424b-9868-57a2d4851a1d" relativeResultsDirectory="df7e5bbd-8b6d-4c7a-af60-60e60bfd458d" />
    <UnitTestResult executionId="699079e2-61e9-4a69-b835-8bb77bec1984" testId="076b9e69-0c48-1200-f56a-024afba3074e" testName="OpenClawNet.UnitTests.Storage.JobStatusTransitionsTests.IsAllowed_CompletedToAnyState_ReturnsFalse(to: Paused)" computerName="CPC-bruno-U7R9O" duration="00:00:00.0002885" startTime="2026-04-15T13:15:36.3655663-04:00" endTime="2026-04-15T13:15:36.3656011-04:00" testType="13cdc9d9-ddb5-4fa4-a97d-d965ccfc6d4b" outcome="Passed" testListId="8c84fa94-04c1-424b-9868-57a2d4851a1d" relativeResultsDirectory="699079e2-61e9-4a69-b835-8bb77bec1984" />
    <UnitTestResult executionId="1fb91c70-e152-480b-940e-a03036aaaf3f" testId="f1da1c30-12e5-a48d-0f91-16ee0002d734" testName="OpenClawNet.UnitTests.Models.GitHubCopilotAgentProviderTests.IsAvailableAsync_ReturnsTrueWhenTokenConfigured" computerName="CPC-bruno-U7R9O" duration="00:00:00.0006135" startTime="2026-04-15T13:15:36.6960001-04:00" endTime="2026-04-15T13:15:36.6960510-04:00" testType="13cdc9d9-ddb5-4fa4-a97d-d965ccfc6d4b" outcome="Passed" testListId="8c84fa94-04c1-424b-9868-57a2d4851a1d" relativeResultsDirectory="1fb91c70-e152-480b-940e-a03036aaaf3f" />
    <UnitTestResult executionId="0e35a3df-06cf-455b-99cd-1f41cab26d5c" testId="0e795916-b631-1efc-b9e8-eb753b78e740" testName="OpenClawNet.UnitTests.Storage.JobStatusTransitionsTests.IsAllowed_SameStateToSameState_ReturnsFalse(status: Active)" computerName="CPC-bruno-U7R9O" duration="00:00:00.0000041" startTime="2026-04-15T13:15:36.3586768-04:00" endTime="2026-04-15T13:15:36.3587105-04:00" testType="13cdc9d9-ddb5-4fa4-a97d-d965ccfc6d4b" outcome="Passed" testListId="8c84fa94-04c1-424b-9868-57a2d4851a1d" relativeResultsDirectory="0e35a3df-06cf-455b-99cd-1f41cab26d5c" />
    <UnitTestResult executionId="1ffaf66b-a30b-4a31-ab56-da8a3966eb6c" testId="4eda5f04-e51d-b20b-f1d0-45cc7dd310c9" testName="OpenClawNet.UnitTests.Tools.ToolExecutorTests.ExecuteAsync_ReturnsFail_WhenToolNotFound" computerName="CPC-bruno-U7R9O" duration="00:00:00.0023253" startTime="2026-04-15T13:15:36.5009562-04:00" endTime="2026-04-15T13:15:36.5021173-04:00" testType="13cdc9d9-ddb5-4fa4-a97d-d965ccfc6d4b" outcome="Passed" testListId="8c84fa94-04c1-424b-9868-57a2d4851a1d" relativeResultsDirectory="1ffaf66b-a30b-4a31-ab56-da8a3966eb6c" />
    <UnitTestResult executionId="6e3749cd-607d-482d-9496-6214702b15bf" testId="7cf8f240-421e-6cba-cc96-36c94bcd7d67" testName="OpenClawNet.UnitTests.Gateway.RuntimeModelSettingsTests.Load_HandlesMissingFile_Gracefully" computerName="CPC-bruno-U7R9O" duration="00:00:00.1351365" startTime="2026-04-15T13:15:36.2663574-04:00" endTime="2026-04-15T13:15:36.4015202-04:00" testType="13cdc9d9-ddb5-4fa4-a97d-d965ccfc6d4b" outcome="Passed" testListId="8c84fa94-04c1-424b-9868-57a2d4851a1d" relativeResultsDirectory="6e3749cd-607d-482d-9496-6214702b15bf" />
    <UnitTestResult executionId="a22cd6d8-1d27-4e24-bf4e-ff2bd45c9829" testId="a130e9d8-bfcc-2515-c3d3-fdfaa8600a64" testName="OpenClawNet.UnitTests.Storage.JobStatusTransitionsTests.IsAllowed_AllInvalidTransitions_ReturnFalse(from: Completed, to: Active)" computerName="CPC-bruno-U7R9O" duration="00:00:00.0000023" startTime="2026-04-15T13:15:36.3614218-04:00" endTime="2026-04-15T13:15:36.3614574-04:00" testType="13cdc9d9-ddb5-4fa4-a97d-d965ccfc6d4b" outcome="Passed" testListId="8c84fa94-04c1-424b-9868-57a2d4851a1d" relativeResultsDirectory="a22cd6d8-1d27-4e24-bf4e-ff2bd45c9829" />
    <UnitTestResult executionId="3ca96da3-8ec2-4911-8b35-271bb1881146" testId="119f9d75-7174-463e-16f2-830ab785e644" testName="OpenClawNet.UnitTests.Storage.JobStatusTransitionsTests.JobStatus_Active_HasValue1" computerName="CPC-bruno-U7R9O" duration="00:00:00.0001666" startTime="2026-04-15T13:15:36.3681151-04:00" endTime="2026-04-15T13:15:36.3681503-04:00" testType="13cdc9d9-ddb5-4fa4-a97d-d965ccfc6d4b" outcome="Passed" testListId="8c84fa94-04c1-424b-9868-57a2d4851a1d" relativeResultsDirectory="3ca96da3-8ec2-4911-8b35-271bb1881146" />
    <UnitTestResult executionId="88355d25-5f9c-42b8-bc04-29d2c592c431" testId="90927d24-1a39-e1d6-2845-09bcd17eb047" testName="OpenClawNet.UnitTests.Agent.PromptComposerTests.ComposeAsync_IncludesSystemPrompt" computerName="CPC-bruno-U7R9O" duration="00:00:00.0039501" startTime="2026-04-15T13:15:36.5052721-04:00" endTime="2026-04-15T13:15:36.5082954-04:00" testType="13cdc9d9-ddb5-4fa4-a97d-d965ccfc6d4b" outcome="Passed" testListId="8c84fa94-04c1-424b-9868-57a2d4851a1d" relativeResultsDirectory="88355d25-5f9c-42b8-bc04-29d2c592c431" />
    <UnitTestResult executionId="eb03fc67-4877-4efa-a9f9-7a7c96484cb5" testId="eda4c610-27fe-8230-7711-be84a24fa33d" testName="OpenClawNet.UnitTests.Storage.JobStatusTransitionsTests.IsAllowed_PausedToCancelled_ReturnsTrue" computerName="CPC-bruno-U7R9O" duration="00:00:00.0001928" startTime="2026-04-15T13:15:36.3667178-04:00" endTime="2026-04-15T13:15:36.3667590-04:00" testType="13cdc9d9-ddb5-4fa4-a97d-d965ccfc6d4b" outcome="Passed" testListId="8c84fa94-04c1-424b-9868-57a2d4851a1d" relativeResultsDirectory="eb03fc67-4877-4efa-a9f9-7a7c96484cb5" />
    <UnitTestResult executionId="43cacd16-cc29-427d-92f0-a86dfd905e6f" testId="dfacd6ed-8533-2a33-2587-ad75ad092013" testName="OpenClawNet.UnitTests.Storage.AgentProfileStoreDefaultEnforcementTests.SaveAsync_WithIsDefaultFalse_DoesNotAffectExistingDefault" computerName="CPC-bruno-U7R9O" duration="00:00:00.0042012" startTime="2026-04-15T13:15:37.2149924-04:00" endTime="2026-04-15T13:15:37.2191237-04:00" testType="13cdc9d9-ddb5-4fa4-a97d-d965ccfc6d4b" outcome="Passed" testListId="8c84fa94-04c1-424b-9868-57a2d4851a1d" relativeResultsDirectory="43cacd16-cc29-427d-92f0-a86dfd905e6f" />
    <UnitTestResult executionId="c66b6908-21b9-4934-8514-48560fb5ae0c" testId="da3b79c9-ea9b-0e39-bf54-b7f6e4631df3" testName="OpenClawNet.UnitTests.Agent.ModelClientChatClientAdapterTests.GetStreamingResponseAsync_YieldsUpdates" computerName="CPC-bruno-U7R9O" duration="00:00:00.0144468" startTime="2026-04-15T13:15:36.5222012-04:00" endTime="2026-04-15T13:15:36.5370809-04:00" testType="13cdc9d9-ddb5-4fa4-a97d-d965ccfc6d4b" outcome="Passed" testListId="8c84fa94-04c1-424b-9868-57a2d4851a1d" relativeResultsDirectory="c66b6908-21b9-4934-8514-48560fb5ae0c" />
    <UnitTestResult executionId="401966af-8ed7-4e8c-84fc-13e28aa23be5" testId="159fa67a-fe21-23a4-9f9e-0021eb8159e9" testName="OpenClawNet.UnitTests.Models.AzureOpenAIAgentProviderTests.ProviderName_ReturnsAzureOpenAI" computerName="CPC-bruno-U7R9O" duration="00:00:00.0012137" startTime="2026-04-15T13:15:36.5011007-04:00" endTime="2026-04-15T13:15:36.5011650-04:00" testType="13cdc9d9-ddb5-4fa4-a97d-d965ccfc6d4b" outcome="Passed" testListId="8c84fa94-04c1-424b-9868-57a2d4851a1d" relativeResultsDirectory="401966af-8ed7-4e8c-84fc-13e28aa23be5" />
    <UnitTestResult executionId="a09f5c1c-fe6e-41ff-a9ce-6cc42779bcf4" testId="8e7ffb49-9b16-e2c4-c73c-c5a2aeffff97" testName="OpenClawNet.UnitTests.Storage.JobStatusTransitionsTests.IsAllowed_ActiveToPaused_ReturnsTrue" computerName="CPC-bruno-U7R9O" duration="00:00:00.0002103" startTime="2026-04-15T13:15:36.3635646-04:00" endTime="2026-04-15T13:15:36.3636022-04:00" testType="13cdc9d9-ddb5-4fa4-a97d-d965ccfc6d4b" outcome="Passed" testListId="8c84fa94-04c1-424b-9868-57a2d4851a1d" relativeResultsDirectory="a09f5c1c-fe6e-41ff-a9ce-6cc42779bcf4" />
    <UnitTestResult executionId="1abf85fc-4f61-4be5-a936-6adca7a48eef" testId="b8360f27-f0c6-fd12-bd92-aaf48d95e144" testName="OpenClawNet.UnitTests.Models.GitHubCopilotAgentProviderTests.DisposeAsync_CanBeCalledMultipleTimes" computerName="CPC-bruno-U7R9O" duration="00:00:00.0007790" startTime="2026-04-15T13:15:36.6943223-04:00" endTime="2026-04-15T13:15:36.6950574-04:00" testType="13cdc9d9-ddb5-4fa4-a97d-d965ccfc6d4b" outcome="Passed" testListId="8c84fa94-04c1-424b-9868-57a2d4851a1d" relativeResultsDirectory="1abf85fc-4f61-4be5-a936-6adca7a48eef" />
    <UnitTestResult executionId="fe843465-9060-42ed-b335-ee6475deb2a1" testId="b9afa542-4cbc-b961-5e1c-d641f81863d2" testName="OpenClawNet.UnitTests.Agent.AgentRuntimeStreamTests.ExecuteStreamAsync_EmitsToolApprovalRequest_BeforeToolCallStart_ForApprovalRequiredTools" computerName="CPC-bruno-U7R9O" duration="00:00:00.0100120" startTime="2026-04-15T13:15:37.2595965-04:00" endTime="2026-04-15T13:15:37.2698829-04:00" testType="13cdc9d9-ddb5-4fa4-a97d-d965ccfc6d4b" outcome="Passed" testListId="8c84fa94-04c1-424b-9868-57a2d4851a1d" relativeResultsDirectory="fe843465-9060-42ed-b335-ee6475deb2a1" />
    <UnitTestResult executionId="b84e695b-6ecb-4db3-a1b2-a89da53dd08a" testId="09dfc599-7d60-1da2-85ae-3fbd22d6aaa9" testName="OpenClawNet.UnitTests.Tools.ToolRegistryTests.GetAllTools_ReturnsRegisteredTools" computerName="CPC-bruno-U7R9O" duration="00:00:00.0041470" startTime="2026-04-15T13:15:36.3645223-04:00" endTime="2026-04-15T13:15:36.3668933-04:00" testType="13cdc9d9-ddb5-4fa4-a97d-d965ccfc6d4b" outcome="Passed" testListId="8c84fa94-04c1-424b-9868-57a2d4851a1d" relativeResultsDirectory="b84e695b-6ecb-4db3-a1b2-a89da53dd08a" />
    <UnitTestResult executionId="872bcfb0-6ad6-4d44-a70b-040071082e6c" testId="91d959b5-68ac-8009-0f37-43132b091afb" testName="OpenClawNet.UnitTests.Storage.JobStatusTransitionsTests.IsAllowed_SameStateToSameState_ReturnsFalse(status: Cancelled)" computerName="CPC-bruno-U7R9O" duration="00:00:00.0002357" startTime="2026-04-15T13:15:36.3583362-04:00" endTime="2026-04-15T13:15:36.3583900-04:00" testType="13cdc9d9-ddb5-4fa4-a97d-d965ccfc6d4b" outcome="Passed" testListId="8c84fa94-04c1-424b-9868-57a2d4851a1d" relativeResultsDirectory="872bcfb0-6ad6-4d44-a70b-040071082e6c" />
    <UnitTestResult executionId="fbaea028-b441-40a0-ba5e-f74343964688" testId="cdd534e2-e2e2-5f8c-86bc-5469c5e2cfc7" testName="OpenClawNet.UnitTests.Models.OllamaModelClientTests.CompleteAsync_SendsModelAndMessages" computerName="CPC-bruno-U7R9O" duration="00:00:00.0024683" startTime="2026-04-15T13:15:36.4154755-04:00" endTime="2026-04-15T13:15:36.4168430-04:00" testType="13cdc9d9-ddb5-4fa4-a97d-d965ccfc6d4b" outcome="Passed" testListId="8c84fa94-04c1-424b-9868-57a2d4851a1d" relativeResultsDirectory="fbaea028-b441-40a0-ba5e-f74343964688" />
    <UnitTestResult executionId="8caf388d-ecb3-4900-9a13-a3501c2db788" testId="e649615d-3a6a-6586-1138-85934e3759ab" testName="OpenClawNet.UnitTests.Gateway.ChatStreamEndpointTests.Post_WithoutProfileName_UsesDefaultProfile" computerName="CPC-bruno-U7R9O" duration="00:00:00.0086700" startTime="2026-04-15T13:15:36.8006831-04:00" endTime="2026-04-15T13:15:36.8096172-04:00" testType="13cdc9d9-ddb5-4fa4-a97d-d965ccfc6d4b" outcome="Passed" testListId="8c84fa94-04c1-424b-9868-57a2d4851a1d" relativeResultsDirectory="8caf388d-ecb3-4900-9a13-a3501c2db788" />
    <UnitTestResult executionId="4eb5a6e7-155f-4582-a1b9-367da363187e" testId="182d8f07-85aa-2769-006e-f63b6c33be9c" testName="OpenClawNet.UnitTests.Gateway.RuntimeModelSettingsTests.Load_BackfillsApiKeyFromConfig_WhenFileHasNullApiKey" computerName="CPC-bruno-U7R9O" duration="00:00:00.0246743" startTime="2026-04-15T13:15:36.5508263-04:00" endTime="2026-04-15T13:15:36.5746854-04:00" testType="13cdc9d9-ddb5-4fa4-a97d-d965ccfc6d4b" outcome="Passed" testListId="8c84fa94-04c1-424b-9868-57a2d4851a1d" relativeResultsDirectory="4eb5a6e7-155f-4582-a1b9-367da363187e" />
    <UnitTestResult executionId="bcaa5191-b5df-488b-9957-6724139b3ec1" testId="7d23ce64-b136-85d7-6c99-088ed6406cae" testName="OpenClawNet.UnitTests.Storage.JobStatusTransitionsTests.IsAllowed_DraftToPaused_ReturnsFalse" computerName="CPC-bruno-U7R9O" duration="00:00:00.0007146" startTime="2026-04-15T13:15:36.3637059-04:00" endTime="2026-04-15T13:15:36.3645443-04:00" testType="13cdc9d9-ddb5-4fa4-a97d-d965ccfc6d4b" outcome="Passed" testListId="8c84fa94-04c1-424b-9868-57a2d4851a1d" relativeResultsDirectory="bcaa5191-b5df-488b-9957-6724139b3ec1" />
    <UnitTestResult executionId="d29bd459-a9b8-4f2b-9f3e-d8ec1a322912" testId="99fa6024-cda9-5655-11c1-b3480a8af763" testName="OpenClawNet.UnitTests.Tools.FileSystemToolTests.List_WithAbsolutePath_ListsDirectory" computerName="CPC-bruno-U7R9O" duration="00:00:00.0116244" startTime="2026-04-15T13:15:36.6204134-04:00" endTime="2026-04-15T13:15:36.6332327-04:00" testType="13cdc9d9-ddb5-4fa4-a97d-d965ccfc6d4b" outcome="Passed" testListId="8c84fa94-04c1-424b-9868-57a2d4851a1d" relativeResultsDirectory="d29bd459-a9b8-4f2b-9f3e-d8ec1a322912" />
    <UnitTestResult executionId="2a173f0d-7568-412e-9c8b-91fc6d578773" testId="60dbfdfc-5601-ed0a-4935-ae2f1e86ff33" testName="OpenClawNet.UnitTests.Models.OllamaModelClientTests.StreamAsync_MultipleToolCalls_InSingleChunk" computerName="CPC-bruno-U7R9O" duration="00:00:00.0016865" startTime="2026-04-15T13:15:36.3856016-04:00" endTime="2026-04-15T13:15:36.3871584-04:00" testType="13cdc9d9-ddb5-4fa4-a97d-d965ccfc6d4b" outcome="Passed" testListId="8c84fa94-04c1-424b-9868-57a2d4851a1d" relativeResultsDirectory="2a173f0d-7568-412e-9c8b-91fc6d578773" />
    <UnitTestResult executionId="1f761e9f-8b7e-4c94-a46b-e7be956a1863" testId="a7102902-b46f-9832-3a5d-1385d5ca30f1" testName="OpenClawNet.UnitTests.Models.AgentProfileTests.DefaultValues_AreSetCorrectly" computerName="CPC-bruno-U7R9O" duration="00:00:00.0104516" startTime="2026-04-15T13:15:36.3516802-04:00" endTime="2026-04-15T13:15:36.3540553-04:00" testType="13cdc9d9-ddb5-4fa4-a97d-d965ccfc6d4b" outcome="Passed" testListId="8c84fa94-04c1-424b-9868-57a2d4851a1d" relativeResultsDirectory="1f761e9f-8b7e-4c94-a46b-e7be956a1863" />
    <UnitTestResult executionId="cc152248-b778-4cc2-9d67-a78de21f60d0" testId="9ee0e585-b5b8-0857-1c04-24769b53da62" testName="OpenClawNet.UnitTests.Gateway.ModelProviderEndpointTests.PutProvider_UpdatesExistingProvider" computerName="CPC-bruno-U7R9O" duration="00:00:00.0232727" startTime="2026-04-15T13:15:37.2407047-04:00" endTime="2026-04-15T13:15:37.2641045-04:00" testType="13cdc9d9-ddb5-4fa4-a97d-d965ccfc6d4b" outcome="Passed" testListId="8c84fa94-04c1-424b-9868-57a2d4851a1d" relativeResultsDirectory="cc152248-b778-4cc2-9d67-a78de21f60d0" />
    <UnitTestResult executionId="bd423f68-ace8-4f13-b429-8cda203a9742" testId="f6dfc493-5cd0-e217-0cda-c695df2b09b1" testName="OpenClawNet.UnitTests.Agent.ModelClientChatClientAdapterTests.ToOpenClawMessage_ExtractsFunctionCallContent" computerName="CPC-bruno-U7R9O" duration="00:00:00.0158743" startTime="2026-04-15T13:15:36.4407134-04:00" endTime="2026-04-15T13:15:36.4564873-04:00" testType="13cdc9d9-ddb5-4fa4-a97d-d965ccfc6d4b" outcome="Passed" testListId="8c84fa94-04c1-424b-9868-57a2d4851a1d" relativeResultsDirectory="bd423f68-ace8-4f13-b429-8cda203a9742" />
    <UnitTestResult executionId="69d1312b-147c-4a15-bb41-ef1d783ad736" testId="d6b6a51c-9094-e3d6-1c6a-4e56a6e0264c" testName="OpenClawNet.UnitTests.Storage.AgentProfileStoreTests.SaveAsync_UpdatesExistingProfile" computerName="CPC-bruno-U7R9O" duration="00:00:00.0024014" startTime="2026-04-15T13:15:37.2246214-04:00" endTime="2026-04-15T13:15:37.2261982-04:00" testType="13cdc9d9-ddb5-4fa4-a97d-d965ccfc6d4b" outcome="Passed" testListId="8c84fa94-04c1-424b-9868-57a2d4851a1d" relativeResultsDirectory="69d1312b-147c-4a15-bb41-ef1d783ad736" />
    <UnitTestResult executionId="9fd0b8fb-8f35-4aa8-8240-4a59030e373c" testId="40ce3de5-b1ee-48b7-fda5-919d5ecb43de" testName="OpenClawNet.UnitTests.Storage.JobStatusTransitionsTests.IsTerminal_NonTerminalStates_ReturnFalse(status: Paused)" computerName="CPC-bruno-U7R9O" duration="00:00:00.0000163" startTime="2026-04-15T13:15:36.3532165-04:00" endTime="2026-04-15T13:15:36.3532782-04:00" testType="13cdc9d9-ddb5-4fa4-a97d-d965ccfc6d4b" outcome="Passed" testListId="8c84fa94-04c1-424b-9868-57a2d4851a1d" relativeResultsDirectory="9fd0b8fb-8f35-4aa8-8240-4a59030e373c" />
    <UnitTestResult executionId="020d5e27-7745-4d41-bcc9-b36ae09d435e" testId="8141cc1e-3407-91e6-1b9a-1798544a8304" testName="OpenClawNet.UnitTests.Storage.JobStatusTransitionsTests.IsAllowed_SameStateToSameState_ReturnsFalse(status: Draft)" computerName="CPC-bruno-U7R9O" duration="00:00:00.0000047" startTime="2026-04-15T13:15:36.3585721-04:00" endTime="2026-04-15T13:15:36.3586074-04:00" testType="13cdc9d9-ddb5-4fa4-a97d-d965ccfc6d4b" outcome="Passed" testListId="8c84fa94-04c1-424b-9868-57a2d4851a1d" relativeResultsDirectory="020d5e27-7745-4d41-bcc9-b36ae09d435e" />
    <UnitTestResult executionId="196d2a6e-b0d5-41ee-a241-3d1c60bdb75f" testId="9db36fc8-8084-9972-80bb-c6ec81c7e30d" testName="OpenClawNet.UnitTests.Gateway.RuntimeModelClientTests.GetOrCreate_CachesClient" computerName="CPC-bruno-U7R9O" duration="00:00:00.0030331" startTime="2026-04-15T13:15:36.5555145-04:00" endTime="2026-04-15T13:15:36.5584680-04:00" testType="13cdc9d9-ddb5-4fa4-a97d-d965ccfc6d4b" outcome="Passed" testListId="8c84fa94-04c1-424b-9868-57a2d4851a1d" relativeResultsDirectory="196d2a6e-b0d5-41ee-a241-3d1c60bdb75f" />
    <UnitTestResult executionId="4b93b8bb-1ba7-4998-a94b-494111b9bf61" testId="8b8983c5-e493-8649-9903-d0f9cdb565a4" testName="OpenClawNet.UnitTests.Models.OllamaAgentProviderTests.ProviderName_ReturnsOllama" computerName="CPC-bruno-U7R9O" duration="00:00:00.0013940" startTime="2026-04-15T13:15:36.4936139-04:00" endTime="2026-04-15T13:15:36.4948389-04:00" testType="13cdc9d9-ddb5-4fa4-a97d-d965ccfc6d4b" outcome="Passed" testListId="8c84fa94-04c1-424b-9868-57a2d4851a1d" relativeResultsDirectory="4b93b8bb-1ba7-4998-a94b-494111b9bf61" />
    <UnitTestResult executionId="792e348a-4bb5-4fa7-82e8-8379c0d1c053" testId="dc65c6b7-9f17-b35d-2a43-2c4fba125a7d" testName="OpenClawNet.UnitTests.Storage.JobStatusTransitionsTests.IsAllowed_AllValidTransitions_ReturnTrue(from: Active, to: Paused)" computerName="CPC-bruno-U7R9O" duration="00:00:00.0000029" startTime="2026-04-15T13:15:36.3557006-04:00" endTime="2026-04-15T13:15:36.3557595-04:00" testType="13cdc9d9-ddb5-4fa4-a97d-d965ccfc6d4b" outcome="Passed" testListId="8c84fa94-04c1-424b-9868-57a2d4851a1d" relativeResultsDirectory="792e348a-4bb5-4fa7-82e8-8379c0d1c053" />
    <UnitTestResult executionId="9814db8b-75a7-49a2-986f-377c45e257ad" testId="201fb038-8dd7-531a-4636-b167acbc7d26" testName="OpenClawNet.UnitTests.Gateway.RuntimeModelClientTests.GetOrCreate_DefaultsToOllama_ForUnknownProvider" computerName="CPC-bruno-U7R9O" duration="00:00:00.0059102" startTime="2026-04-15T13:15:36.5505602-04:00" endTime="2026-04-15T13:15:36.5553068-04:00" testType="13cdc9d9-ddb5-4fa4-a97d-d965ccfc6d4b" outcome="Passed" testListId="8c84fa94-04c1-424b-9868-57a2d4851a1d" relativeResultsDirectory="9814db8b-75a7-49a2-986f-377c45e257ad" />
    <UnitTestResult executionId="fbb26989-7602-409a-9930-d6d8a6e076fd" testId="0c3a8c68-3940-48b9-c152-6549d8bbb87a" testName="OpenClawNet.UnitTests.Storage.JobStatusTransitionsTests.IsAllowed_DraftToCancelled_ReturnsTrue" computerName="CPC-bruno-U7R9O" duration="00:00:00.0002394" startTime="2026-04-15T13:15:36.3650639-04:00" endTime="2026-04-15T13:15:36.3651007-04:00" testType="13cdc9d9-ddb5-4fa4-a97d-d965ccfc6d4b" outcome="Passed" testListId="8c84fa94-04c1-424b-9868-57a2d4851a1d" relativeResultsDirectory="fbb26989-7602-409a-9930-d6d8a6e076fd" />
    <UnitTestResult executionId="32a238ed-5065-447f-9ea2-d10e534d2e1e" testId="16981949-0233-67eb-f7c1-eae74a0dba89" testName="OpenClawNet.UnitTests.Agent.ModelClientChatClientAdapterTests.GetStreamingResponseAsync_WithToolCalls_YieldsFunctionContent" computerName="CPC-bruno-U7R9O" duration="00:00:00.1634867" startTime="2026-04-15T13:15:36.3176161-04:00" endTime="2026-04-15T13:15:36.4405147-04:00" testType="13cdc9d9-ddb5-4fa4-a97d-d965ccfc6d4b" outcome="Passed" testListId="8c84fa94-04c1-424b-9868-57a2d4851a1d" relativeResultsDirectory="32a238ed-5065-447f-9ea2-d10e534d2e1e" />
    <UnitTestResult executionId="f9e8d386-ca34-4715-ad99-d9e494929dbd" testId="d3066422-0ef0-f8a0-a20a-0faa3db1f75e" testName="OpenClawNet.UnitTests.Storage.JobStatusTransitionsTests.IsTerminal_Cancelled_ReturnsTrue" computerName="CPC-bruno-U7R9O" duration="00:00:00.0003930" startTime="2026-04-15T13:15:36.3708893-04:00" endTime="2026-04-15T13:15:36.3710773-04:00" testType="13cdc9d9-ddb5-4fa4-a97d-d965ccfc6d4b" outcome="Passed" testListId="8c84fa94-04c1-424b-9868-57a2d4851a1d" relativeResultsDirectory="f9e8d386-ca34-4715-ad99-d9e494929dbd" />
    <UnitTestResult executionId="46ce0c00-36e2-42c6-97d8-98c7f0a0f756" testId="88e78cc5-a7ca-2ce8-c3d5-507c7f6bbf63" testName="OpenClawNet.UnitTests.Storage.AgentProfileStoreDefaultEnforcementTests.SaveAsync_WithIsDefaultTrue_ClearsOtherDefaults" computerName="CPC-bruno-U7R9O" duration="00:00:00.0027702" startTime="2026-04-15T13:15:37.2362244-04:00" endTime="2026-04-15T13:15:37.2389355-04:00" testType="13cdc9d9-ddb5-4fa4-a97d-d965ccfc6d4b" outcome="Passed" testListId="8c84fa94-04c1-424b-9868-57a2d4851a1d" relativeResultsDirectory="46ce0c00-36e2-42c6-97d8-98c7f0a0f756" />
    <UnitTestResult executionId="21bd361e-7052-4d21-854d-fb08ab1fcd82" testId="1471139a-d1bb-3178-5f55-f3e00265a58e" testName="OpenClawNet.UnitTests.Tools.FileSystemToolTests.Read_WithAbsolutePath_ReadsFile" computerName="CPC-bruno-U7R9O" duration="00:00:00.0218424" startTime="2026-04-15T13:15:36.6337322-04:00" endTime="2026-04-15T13:15:36.6557500-04:00" testType="13cdc9d9-ddb5-4fa4-a97d-d965ccfc6d4b" outcome="Passed" testListId="8c84fa94-04c1-424b-9868-57a2d4851a1d" relativeResultsDirectory="21bd361e-7052-4d21-854d-fb08ab1fcd82" />
    <UnitTestResult executionId="6f1a0f39-4673-43e4-96c3-fb7ad0b1d331" testId="0e5386f7-b954-965a-9e89-af9f20a557d5" testName="OpenClawNet.UnitTests.Storage.AgentProfileStoreDefaultEnforcementTests.GetDefaultAsync_SeededDefault_HasOllamaDefaultProvider" computerName="CPC-bruno-U7R9O" duration="00:00:00.0021311" startTime="2026-04-15T13:15:37.2095154-04:00" endTime="2026-04-15T13:15:37.2115689-04:00" testType="13cdc9d9-ddb5-4fa4-a97d-d965ccfc6d4b" outcome="Passed" testListId="8c84fa94-04c1-424b-9868-57a2d4851a1d" relativeResultsDirectory="6f1a0f39-4673-43e4-96c3-fb7ad0b1d331" />
    <UnitTestResult executionId="887cb73f-de4b-4f50-b8d9-16e976b27412" testId="20d19faa-40d2-0341-ec1b-f6472ec71204" testName="OpenClawNet.UnitTests.Skills.FileSkillLoaderTests.InstallSkillAsync_CreatesSkillMdInInstalledDirectory" computerName="CPC-bruno-U7R9O" duration="00:00:00.0403414" startTime="2026-04-15T13:15:36.5826200-04:00" endTime="2026-04-15T13:15:36.6242057-04:00" testType="13cdc9d9-ddb5-4fa4-a97d-d965ccfc6d4b" outcome="Passed" testListId="8c84fa94-04c1-424b-9868-57a2d4851a1d" relativeResultsDirectory="887cb73f-de4b-4f50-b8d9-16e976b27412" />
    <UnitTestResult executionId="93b5a339-0a30-4200-9a59-f330745e4344" testId="31591d78-5244-1585-656d-52693c42a67e" testName="OpenClawNet.UnitTests.Models.OllamaModelClientTests.CompleteAsync_MapsChatMessageRoles_Correctly" computerName="CPC-bruno-U7R9O" duration="00:00:00.0045051" startTime="2026-04-15T13:15:36.4066409-04:00" endTime="2026-04-15T13:15:36.4109931-04:00" testType="13cdc9d9-ddb5-4fa4-a97d-d965ccfc6d4b" outcome="Passed" testListId="8c84fa94-04c1-424b-9868-57a2d4851a1d" relativeResultsDirectory="93b5a339-0a30-4200-9a59-f330745e4344" />
    <UnitTestResult executionId="faa5be0f-a809-4e94-8edf-41695be8ccf7" testId="18e4d15f-82af-826e-7c35-efb01810d470" testName="OpenClawNet.UnitTests.Agent.AgentOrchestratorProfileTests.StreamAsync_PassesProfileInstructions_ToContext" computerName="CPC-bruno-U7R9O" duration="00:00:00.1025755" startTime="2026-04-15T13:15:36.3713107-04:00" endTime="2026-04-15T13:15:36.4507132-04:00" testType="13cdc9d9-ddb5-4fa4-a97d-d965ccfc6d4b" outcome="Passed" testListId="8c84fa94-04c1-424b-9868-57a2d4851a1d" relativeResultsDirectory="faa5be0f-a809-4e94-8edf-41695be8ccf7" />
    <UnitTestResult executionId="f3166787-a13f-4c23-9a27-d60cc41f2e09" testId="4977c55d-4344-7415-caa3-6755c181739d" testName="OpenClawNet.UnitTests.Gateway.ChatStreamEndpointTests.Post_EmptyMessage_Returns400BadRequest" computerName="CPC-bruno-U7R9O" duration="00:00:00.0087975" startTime="2026-04-15T13:15:36.8105610-04:00" endTime="2026-04-15T13:15:36.8189922-04:00" testType="13cdc9d9-ddb5-4fa4-a97d-d965ccfc6d4b" outcome="Passed" testListId="8c84fa94-04c1-424b-9868-57a2d4851a1d" relativeResultsDirectory="f3166787-a13f-4c23-9a27-d60cc41f2e09" />
    <UnitTestResult executionId="a7101c4f-6104-4b13-b344-1d8018530999" testId="343d66e3-9131-bc03-53f6-bb4a7e565e21" testName="OpenClawNet.UnitTests.Models.OllamaModelClientTests.StreamAsync_PreservesToolCallIds_FromOllama" computerName="CPC-bruno-U7R9O" duration="00:00:00.0015335" startTime="2026-04-15T13:15:36.3846630-04:00" endTime="2026-04-15T13:15:36.3854027-04:00" testType="13cdc9d9-ddb5-4fa4-a97d-d965ccfc6d4b" outcome="Passed" testListId="8c84fa94-04c1-424b-9868-57a2d4851a1d" relativeResultsDirectory="a7101c4f-6104-4b13-b344-1d8018530999" />
    <UnitTestResult executionId="24b77b15-64a8-4232-b931-abbaa870dbfd" testId="bc4317f2-aa55-990b-6e33-021dd027217c" testName="OpenClawNet.UnitTests.Tools.ToolRegistryTests.GetToolManifest_ReturnsMetadata" computerName="CPC-bruno-U7R9O" duration="00:00:00.0025799" startTime="2026-04-15T13:15:36.3670735-04:00" endTime="2026-04-15T13:15:36.3685788-04:00" testType="13cdc9d9-ddb5-4fa4-a97d-d965ccfc6d4b" outcome="Passed" testListId="8c84fa94-04c1-424b-9868-57a2d4851a1d" relativeResultsDirectory="24b77b15-64a8-4232-b931-abbaa870dbfd" />
    <UnitTestResult executionId="7778705d-0dd6-4070-b823-36ab05b1b45a" testId="a84dc42b-d8e9-e178-4fc1-d5fe8f0d1029" testName="OpenClawNet.UnitTests.Storage.JobStatusTransitionsTests.IsAllowed_AllInvalidTransitions_ReturnFalse(from: Cancelled, to: Paused)" computerName="CPC-bruno-U7R9O" duration="00:00:00.0000022" startTime="2026-04-15T13:15:36.3615298-04:00" endTime="2026-04-15T13:15:36.3615694-04:00" testType="13cdc9d9-ddb5-4fa4-a97d-d965ccfc6d4b" outcome="Passed" testListId="8c84fa94-04c1-424b-9868-57a2d4851a1d" relativeResultsDirectory="7778705d-0dd6-4070-b823-36ab05b1b45a" />
    <UnitTestResult executionId="c08461ef-b6cd-4fa1-bb42-94176e9ce0e1" testId="1a2452f2-bcf9-8117-46e3-1e9e2d276005" testName="OpenClawNet.UnitTests.Storage.JobStatusTransitionsTests.IsAllowed_AllInvalidTransitions_ReturnFalse(from: Completed, to: Draft)" computerName="CPC-bruno-U7R9O" duration="00:00:00.0000045" startTime="2026-04-15T13:15:36.3620045-04:00" endTime="2026-04-15T13:15:36.3620436-04:00" testType="13cdc9d9-ddb5-4fa4-a97d-d965ccfc6d4b" outcome="Passed" testListId="8c84fa94-04c1-424b-9868-57a2d4851a1d" relativeResultsDirectory="c08461ef-b6cd-4fa1-bb42-94176e9ce0e1" />
    <UnitTestResult executionId="93fde0d3-8532-4cf9-88b7-4205e1ac5eb7" testId="ab722cc1-2c82-8490-9e00-84e8c65d9076" testName="OpenClawNet.UnitTests.Models.AgentProfileTests.RequiredName_CanBeSetAndRetrieved" computerName="CPC-bruno-U7R9O" duration="00:00:00.0034518" startTime="2026-04-15T13:15:36.3542239-04:00" endTime="2026-04-15T13:15:36.3570092-04:00" testType="13cdc9d9-ddb5-4fa4-a97d-d965ccfc6d4b" outcome="Passed" testListId="8c84fa94-04c1-424b-9868-57a2d4851a1d" relativeResultsDirectory="93fde0d3-8532-4cf9-88b7-4205e1ac5eb7" />
    <UnitTestResult executionId="8b83f67b-50fb-44a2-b40c-11a07ca4571d" testId="c7d85018-b695-5228-b365-26e608cf62b0" testName="OpenClawNet.UnitTests.Models.AzureOpenAIModelClientTests.AddAzureOpenAI_DefaultDeploymentName_IsGpt5Mini" computerName="CPC-bruno-U7R9O" duration="00:00:00.0004524" startTime="2026-04-15T13:15:36.4857651-04:00" endTime="2026-04-15T13:15:36.4858494-04:00" testType="13cdc9d9-ddb5-4fa4-a97d-d965ccfc6d4b" outcome="Passed" testListId="8c84fa94-04c1-424b-9868-57a2d4851a1d" relativeResultsDirectory="8b83f67b-50fb-44a2-b40c-11a07ca4571d" />
    <UnitTestResult executionId="7a562c54-eedd-426d-83ad-a3dd8d1e8266" testId="81ce6484-0bb8-08fc-c590-671eed04ff3b" testName="OpenClawNet.UnitTests.Storage.JobStatusTransitionsTests.IsEditable_NonEditableStates_ReturnFalse(status: Cancelled)" computerName="CPC-bruno-U7R9O" duration="00:00:00.0004716" startTime="2026-04-15T13:15:36.3599325-04:00" endTime="2026-04-15T13:15:36.3599710-04:00" testType="13cdc9d9-ddb5-4fa4-a97d-d965ccfc6d4b" outcome="Passed" testListId="8c84fa94-04c1-424b-9868-57a2d4851a1d" relativeResultsDirectory="7a562c54-eedd-426d-83ad-a3dd8d1e8266" />
    <UnitTestResult executionId="3760d9b4-53b4-4cd4-a17f-954cecce3fd6" testId="05e6364c-06de-5fc1-b59f-1ee255c13984" testName="OpenClawNet.UnitTests.Tools.ToolRegistryTests.GetTool_IsCaseInsensitive" computerName="CPC-bruno-U7R9O" duration="00:00:00.0001716" startTime="2026-04-15T13:15:36.3689461-04:00" endTime="2026-04-15T13:15:36.3698366-04:00" testType="13cdc9d9-ddb5-4fa4-a97d-d965ccfc6d4b" outcome="Passed" testListId="8c84fa94-04c1-424b-9868-57a2d4851a1d" relativeResultsDirectory="3760d9b4-53b4-4cd4-a17f-954cecce3fd6" />
    <UnitTestResult executionId="d39ca1bc-7618-4f7a-a807-4a21185dd2bf" testId="afe065f4-a104-8325-a630-c4c760fb0412" testName="OpenClawNet.UnitTests.Storage.JobStatusTransitionsTests.IsAllowed_CompletedToAnyState_ReturnsFalse(to: Active)" computerName="CPC-bruno-U7R9O" duration="00:00:00.0000079" startTime="2026-04-15T13:15:36.3661883-04:00" endTime="2026-04-15T13:15:36.3662337-04:00" testType="13cdc9d9-ddb5-4fa4-a97d-d965ccfc6d4b" outcome="Passed" testListId="8c84fa94-04c1-424b-9868-57a2d4851a1d" relativeResultsDirectory="d39ca1bc-7618-4f7a-a807-4a21185dd2bf" />
    <UnitTestResult executionId="c826bb21-0575-4d4a-8137-b6e529855f37" testId="d4c9663a-a77a-780b-3e9d-187e5a30af51" testName="OpenClawNet.UnitTests.Storage.JobStatusTransitionsTests.IsEditable_Draft_ReturnsTrue" computerName="CPC-bruno-U7R9O" duration="00:00:00.0007561" startTime="2026-04-15T13:15:36.3649421-04:00" endTime="2026-04-15T13:15:36.3649777-04:00" testType="13cdc9d9-ddb5-4fa4-a97d-d965ccfc6d4b" outcome="Passed" testListId="8c84fa94-04c1-424b-9868-57a2d4851a1d" relativeResultsDirectory="c826bb21-0575-4d4a-8137-b6e529855f37" />
    <UnitTestResult executionId="a8c0f93c-65b6-4e76-8f9e-e6a875a49a62" testId="ae6e04aa-32cf-17ed-76ff-307d5ecdd96c" testName="OpenClawNet.UnitTests.Models.OllamaModelClientTests.StreamAsync_ExtractsToolCalls_FromDoneFalseChunk" computerName="CPC-bruno-U7R9O" duration="00:00:00.0049191" startTime="2026-04-15T13:15:36.4170686-04:00" endTime="2026-04-15T13:15:36.4218700-04:00" testType="13cdc9d9-ddb5-4fa4-a97d-d965ccfc6d4b" outcome="Passed" testListId="8c84fa94-04c1-424b-9868-57a2d4851a1d" relativeResultsDirectory="a8c0f93c-65b6-4e76-8f9e-e6a875a49a62" />
    <UnitTestResult executionId="3ef5e4e9-4cfc-4335-a591-4e8bea355d37" testId="b97cf9f0-5513-5846-2210-540664a29469" testName="OpenClawNet.UnitTests.Storage.AgentProfileStoreTests.DeleteAsync_RemovesProfile" computerName="CPC-bruno-U7R9O" duration="00:00:00.0199323" startTime="2026-04-15T13:15:37.2037535-04:00" endTime="2026-04-15T13:15:37.2235620-04:00" testType="13cdc9d9-ddb5-4fa4-a97d-d965ccfc6d4b" outcome="Passed" testListId="8c84fa94-04c1-424b-9868-57a2d4851a1d" relativeResultsDirectory="3ef5e4e9-4cfc-4335-a591-4e8bea355d37" />
    <UnitTestResult executionId="a13e699d-2eff-462d-a2de-2b2b5d695153" testId="108566ed-134e-a3ff-231c-5160f7054931" testName="OpenClawNet.UnitTests.Scheduler.SchedulerRunStateTests.Increment_IncreasesCount" computerName="CPC-bruno-U7R9O" duration="00:00:00.0002809" startTime="2026-04-15T13:15:36.3386059-04:00" endTime="2026-04-15T13:15:36.3386466-04:00" testType="13cdc9d9-ddb5-4fa4-a97d-d965ccfc6d4b" outcome="Passed" testListId="8c84fa94-04c1-424b-9868-57a2d4851a1d" relativeResultsDirectory="a13e699d-2eff-462d-a2de-2b2b5d695153" />
    <UnitTestResult executionId="b3bb3a33-50c1-4d32-92b9-13a90ae59408" testId="01a203c0-fa5b-7536-2fe2-46b392010175" testName="OpenClawNet.UnitTests.Storage.AgentProfileStoreDefaultEnforcementTests.SaveAsync_UpdateExistingToDefault_ClearsOtherDefaults" computerName="CPC-bruno-U7R9O" duration="00:00:00.9942708" startTime="2026-04-15T13:15:36.2578563-04:00" endTime="2026-04-15T13:15:37.2092998-04:00" testType="13cdc9d9-ddb5-4fa4-a97d-d965ccfc6d4b" outcome="Passed" testListId="8c84fa94-04c1-424b-9868-57a2d4851a1d" relativeResultsDirectory="b3bb3a33-50c1-4d32-92b9-13a90ae59408" />
    <UnitTestResult executionId="28cd8410-512c-4ba9-9744-bf5d6729e544" testId="bd279178-1063-fbae-4a66-bc9268a06d30" testName="OpenClawNet.UnitTests.Gateway.ChatHubTests.StreamChat_EmptyQuestion_StillProcesses" computerName="CPC-bruno-U7R9O" duration="00:00:00.0107829" startTime="2026-04-15T13:15:36.4814561-04:00" endTime="2026-04-15T13:15:36.4919961-04:00" testType="13cdc9d9-ddb5-4fa4-a97d-d965ccfc6d4b" outcome="Passed" testListId="8c84fa94-04c1-424b-9868-57a2d4851a1d" relativeResultsDirectory="28cd8410-512c-4ba9-9744-bf5d6729e544" />
    <UnitTestResult executionId="603f9ab1-02ba-4a0b-9edf-edbdc035b79a" testId="b9988d55-a096-4087-669c-93fbd28b0aff" testName="OpenClawNet.UnitTests.Models.AgentProfileMarkdownParserTests.Parse_MalformedYaml_NoClosingDelimiter_TreatsEntireContentAsInstructions" computerName="CPC-bruno-U7R9O" duration="00:00:00.0007398" startTime="2026-04-15T13:15:36.4880729-04:00" endTime="2026-04-15T13:15:36.4883646-04:00" testType="13cdc9d9-ddb5-4fa4-a97d-d965ccfc6d4b" outcome="Passed" testListId="8c84fa94-04c1-424b-9868-57a2d4851a1d" relativeResultsDirectory="603f9ab1-02ba-4a0b-9edf-edbdc035b79a" />
    <UnitTestResult executionId="3f186fe6-6a78-4012-b6c0-38126f7b2d28" testId="0aeea800-2c6f-2da6-19ba-d2fad9bce49d" testName="OpenClawNet.UnitTests.Models.AzureOpenAIModelClientTests.AddAzureOpenAI_ReadsEndpointFromAzureOpenAISection_TakingPrecedence" computerName="CPC-bruno-U7R9O" duration="00:00:00.0033887" startTime="2026-04-15T13:15:36.4517374-04:00" endTime="2026-04-15T13:15:36.4559491-04:00" testType="13cdc9d9-ddb5-4fa4-a97d-d965ccfc6d4b" outcome="Passed" testListId="8c84fa94-04c1-424b-9868-57a2d4851a1d" relativeResultsDirectory="3f186fe6-6a78-4012-b6c0-38126f7b2d28" />
    <UnitTestResult executionId="31e296a9-bdfd-4482-bb99-6f05927e1fe1" testId="39f67b1c-16a2-a9d0-ce68-7e8878aa2e0a" testName="OpenClawNet.UnitTests.Services.RuntimeAgentProviderTests.ProviderName_ReturnsActiveProvidersName" computerName="CPC-bruno-U7R9O" duration="00:00:00.0019554" startTime="2026-04-15T13:15:36.4857369-04:00" endTime="2026-04-15T13:15:36.4876934-04:00" testType="13cdc9d9-ddb5-4fa4-a97d-d965ccfc6d4b" outcome="Passed" testListId="8c84fa94-04c1-424b-9868-57a2d4851a1d" relativeResultsDirectory="31e296a9-bdfd-4482-bb99-6f05927e1fe1" />
    <UnitTestResult executionId="5fba8187-bdc5-40c4-834e-80ee3a1324f5" testId="990b4dae-60ce-0ffe-7ad1-bc966200b759" testName="OpenClawNet.UnitTests.Storage.JobStatusTransitionsTests.JobStatus_Completed_HasValue4" computerName="CPC-bruno-U7R9O" duration="00:00:00.0004679" startTime="2026-04-15T13:15:36.3564940-04:00" endTime="2026-04-15T13:15:36.3567766-04:00" testType="13cdc9d9-ddb5-4fa4-a97d-d965ccfc6d4b" outcome="Passed" testListId="8c84fa94-04c1-424b-9868-57a2d4851a1d" relativeResultsDirectory="5fba8187-bdc5-40c4-834e-80ee3a1324f5" />
    <UnitTestResult executionId="c7da4f68-af27-4c3c-a23c-984a99adf00d" testId="d1019978-2b1f-a41a-6fc6-4b3ed9e1ae4c" testName="OpenClawNet.UnitTests.Storage.JobStatusTransitionsTests.IsAllowed_AllInvalidTransitions_ReturnFalse(from: Active, to: Draft)" computerName="CPC-bruno-U7R9O" duration="00:00:00.0000028" startTime="2026-04-15T13:15:36.3616427-04:00" endTime="2026-04-15T13:15:36.3617049-04:00" testType="13cdc9d9-ddb5-4fa4-a97d-d965ccfc6d4b" outcome="Passed" testListId="8c84fa94-04c1-424b-9868-57a2d4851a1d" relativeResultsDirectory="c7da4f68-af27-4c3c-a23c-984a99adf00d" />
    <UnitTestResult executionId="9dd0a3d8-131b-4b00-9c3c-8b8e5280db48" testId="6d813f21-961a-698e-842d-0a7215e72292" testName="OpenClawNet.UnitTests.Gateway.ChatStreamEndpointTests.Post_ValidMessage_ReturnsNdjsonContentEvents" computerName="CPC-bruno-U7R9O" duration="00:00:00.0095136" startTime="2026-04-15T13:15:36.7340403-04:00" endTime="2026-04-15T13:15:36.7432804-04:00" testType="13cdc9d9-ddb5-4fa4-a97d-d965ccfc6d4b" outcome="Passed" testListId="8c84fa94-04c1-424b-9868-57a2d4851a1d" relativeResultsDirectory="9dd0a3d8-131b-4b00-9c3c-8b8e5280db48" />
    <UnitTestResult executionId="cb71357a-0546-4234-86b0-89d13bde6701" testId="9523e067-2a88-a30d-a7b6-d1bdb58ade73" testName="OpenClawNet.UnitTests.Storage.JobStatusTransitionsTests.IsAllowed_PausedToActive_ReturnsTrue" computerName="CPC-bruno-U7R9O" duration="00:00:00.0001551" startTime="2026-04-15T13:15:36.3651911-04:00" endTime="2026-04-15T13:15:36.3652279-04:00" testType="13cdc9d9-ddb5-4fa4-a97d-d965ccfc6d4b" outcome="Passed" testListId="8c84fa94-04c1-424b-9868-57a2d4851a1d" relativeResultsDirectory="cb71357a-0546-4234-86b0-89d13bde6701" />
    <UnitTestResult executionId="bbcd9384-10fd-4f63-8ae3-6078d074f594" testId="32275570-5379-b6cb-2c09-4d52793ea9a7" testName="OpenClawNet.UnitTests.Tools.ToolExecutorTests.ExecuteBatchAsync_ExecutesAllTools" computerName="CPC-bruno-U7R9O" duration="00:00:00.0188717" startTime="2026-04-15T13:15:36.5023373-04:00" endTime="2026-04-15T13:15:36.5210674-04:00" testType="13cdc9d9-ddb5-4fa4-a97d-d965ccfc6d4b" outcome="Passed" testListId="8c84fa94-04c1-424b-9868-57a2d4851a1d" relativeResultsDirectory="bbcd9384-10fd-4f63-8ae3-6078d074f594" />
    <UnitTestResult executionId="a1dbd18c-a712-4877-9933-8652102a7793" testId="3bcbfa74-2db3-c281-99d2-8823a1213ded" testName="OpenClawNet.UnitTests.Storage.JobStatusTransitionsTests.IsTerminal_NonTerminalStates_ReturnFalse(status: Draft)" computerName="CPC-bruno-U7R9O" duration="00:00:00.0026600" startTime="2026-04-15T13:15:36.3518214-04:00" endTime="2026-04-15T13:15:36.3519088-04:00" testType="13cdc9d9-ddb5-4fa4-a97d-d965ccfc6d4b" outcome="Passed" testListId="8c84fa94-04c1-424b-9868-57a2d4851a1d" relativeResultsDirectory="a1dbd18c-a712-4877-9933-8652102a7793" />
    <UnitTestResult executionId="6920cb7b-a814-43ab-b19d-b38eb1b7ae79" testId="4f989a93-b48d-e94a-5514-84de8a1e4a76" testName="OpenClawNet.UnitTests.Storage.JobStatusTransitionsTests.IsAllowed_CancelledToDraft_ReturnsFalse" computerName="CPC-bruno-U7R9O" duration="00:00:00.0006129" startTime="2026-04-15T13:15:36.3588035-04:00" endTime="2026-04-15T13:15:36.3589788-04:00" testType="13cdc9d9-ddb5-4fa4-a97d-d965ccfc6d4b" outcome="Passed" testListId="8c84fa94-04c1-424b-9868-57a2d4851a1d" relativeResultsDirectory="6920cb7b-a814-43ab-b19d-b38eb1b7ae79" />
    <UnitTestResult executionId="da8282db-6aa7-4876-b3d6-704a69b3e763" testId="e54699cd-9090-7ce7-3370-1b95d7d47846" testName="OpenClawNet.UnitTests.Demos.DocumentPipelineTests.FileSystemTool_ListDirectory_ReturnsDirectoriesAndFiles" computerName="CPC-bruno-U7R9O" duration="00:00:00.0108240" startTime="2026-04-15T13:15:36.3515183-04:00" endTime="2026-04-15T13:15:36.3535487-04:00" testType="13cdc9d9-ddb5-4fa4-a97d-d965ccfc6d4b" outcome="Passed" testListId="8c84fa94-04c1-424b-9868-57a2d4851a1d" relativeResultsDirectory="da8282db-6aa7-4876-b3d6-704a69b3e763" />
    <UnitTestResult executionId="406c8853-1744-478b-b872-173846ed426d" testId="b8d88e73-2ab0-66f5-ba69-46e6dabe6dfd" testName="OpenClawNet.UnitTests.Gateway.ChatStreamEndpointTests.Post_HttpRequestException_YieldsErrorEvent" computerName="CPC-bruno-U7R9O" duration="00:00:00.0260409" startTime="2026-04-15T13:15:36.7068187-04:00" endTime="2026-04-15T13:15:36.7332150-04:00" testType="13cdc9d9-ddb5-4fa4-a97d-d965ccfc6d4b" outcome="Passed" testListId="8c84fa94-04c1-424b-9868-57a2d4851a1d" relativeResultsDirectory="406c8853-1744-478b-b872-173846ed426d" />
    <UnitTestResult executionId="54aec883-dd67-4e59-a848-f9e3d4ea93b8" testId="429b75d2-73aa-61e4-539d-5aa991bc502d" testName="OpenClawNet.UnitTests.Storage.JobStatusTransitionsTests.IsTerminal_NonTerminalStates_ReturnFalse(status: Active)" computerName="CPC-bruno-U7R9O" duration="00:00:00.0005442" startTime="2026-04-15T13:15:36.3529929-04:00" endTime="2026-04-15T13:15:36.3530684-04:00" testType="13cdc9d9-ddb5-4fa4-a97d-d965ccfc6d4b" outcome="Passed" testListId="8c84fa94-04c1-424b-9868-57a2d4851a1d" relativeResultsDirectory="54aec883-dd67-4e59-a848-f9e3d4ea93b8" />
    <UnitTestResult executionId="fe73a741-c1df-48af-9c76-d915006f3c60" testId="ea84d2d3-4dc3-afb8-5f88-32941d11b46b" testName="OpenClawNet.UnitTests.Storage.JobStatusTransitionsTests.IsAllowed_AllInvalidTransitions_ReturnFalse(from: Draft, to: Completed)" computerName="CPC-bruno-U7R9O" duration="00:00:00.0004551" startTime="2026-04-15T13:15:36.3601683-04:00" endTime="2026-04-15T13:15:36.3602051-04:00" testType="13cdc9d9-ddb5-4fa4-a97d-d965ccfc6d4b" outcome="Passed" testListId="8c84fa94-04c1-424b-9868-57a2d4851a1d" relativeResultsDirectory="fe73a741-c1df-48af-9c76-d915006f3c60" />
    <UnitTestResult executionId="bf9f7b29-6574-45ad-b58f-cd7f777f8b61" testId="eebeba33-d4b2-085d-951a-0e03c2488783" testName="OpenClawNet.UnitTests.Storage.JobStatusTransitionsTests.IsAllowed_AllValidTransitions_ReturnTrue(from: Paused, to: Cancelled)" computerName="CPC-bruno-U7R9O" duration="00:00:00.0000025" startTime="2026-04-15T13:15:36.3558752-04:00" endTime="2026-04-15T13:15:36.3559372-04:00" testType="13cdc9d9-ddb5-4fa4-a97d-d965ccfc6d4b" outcome="Passed" testListId="8c84fa94-04c1-424b-9868-57a2d4851a1d" relativeResultsDirectory="bf9f7b29-6574-45ad-b58f-cd7f777f8b61" />
    <UnitTestResult executionId="a56d48b7-ba3f-4431-9e4b-b444c7819c27" testId="55aeae58-1439-7f4d-dbae-ecceeee1838d" testName="OpenClawNet.UnitTests.Agent.ModelClientChatClientAdapterTests.GetResponseAsync_ConvertsMessages_Correctly" computerName="CPC-bruno-U7R9O" duration="00:00:00.0235426" startTime="2026-04-15T13:15:36.4816502-04:00" endTime="2026-04-15T13:15:36.5037363-04:00" testType="13cdc9d9-ddb5-4fa4-a97d-d965ccfc6d4b" outcome="Passed" testListId="8c84fa94-04c1-424b-9868-57a2d4851a1d" relativeResultsDirectory="a56d48b7-ba3f-4431-9e4b-b444c7819c27" />
    <UnitTestResult executionId="9416aa70-4fb1-40fa-82cd-6b83ea883f0e" testId="86ed6b2b-9e40-9590-45e9-65989bd82314" testName="OpenClawNet.UnitTests.Storage.ConversationStoreTests.AddMessage_IncrementsOrderIndex" computerName="CPC-bruno-U7R9O" duration="00:00:00.0030612" startTime="2026-04-15T13:15:37.2833462-04:00" endTime="2026-04-15T13:15:37.2861933-04:00" testType="13cdc9d9-ddb5-4fa4-a97d-d965ccfc6d4b" outcome="Passed" testListId="8c84fa94-04c1-424b-9868-57a2d4851a1d" relativeResultsDirectory="9416aa70-4fb1-40fa-82cd-6b83ea883f0e" />
    <UnitTestResult executionId="43bff530-9044-478f-a418-1c610f7d7f95" testId="c53b1e09-6faa-d65c-8155-16049f041d30" testName="OpenClawNet.UnitTests.Gateway.ModelProviderEndpointTests.GetList_ReturnsAllProviders" computerName="CPC-bruno-U7R9O" duration="00:00:00.0185454" startTime="2026-04-15T13:15:37.3453636-04:00" endTime="2026-04-15T13:15:37.3642479-04:00" testType="13cdc9d9-ddb5-4fa4-a97d-d965ccfc6d4b" outcome="Passed" testListId="8c84fa94-04c1-424b-9868-57a2d4851a1d" relativeResultsDirectory="43bff530-9044-478f-a418-1c610f7d7f95" />
    <UnitTestResult executionId="299ecb02-7a3a-4bfb-a984-c49113d88461" testId="69dd78fb-904c-96a9-7d92-0fd3fedfeca7" testName="OpenClawNet.UnitTests.Gateway.RuntimeModelSettingsTests.Update_PersistsConfig_WithApiKey" computerName="CPC-bruno-U7R9O" duration="00:00:00.0281684" startTime="2026-04-15T13:15:36.6068973-04:00" endTime="2026-04-15T13:15:36.6335370-04:00" testType="13cdc9d9-ddb5-4fa4-a97d-d965ccfc6d4b" outcome="Passed" testListId="8c84fa94-04c1-424b-9868-57a2d4851a1d" relativeResultsDirectory="299ecb02-7a3a-4bfb-a984-c49113d88461" />
    <UnitTestResult executionId="cf8adf8c-9029-43c5-9da3-73b89e27d6e9" testId="70e4eba0-8993-43fb-07ea-7bd603ee273f" testName="OpenClawNet.UnitTests.Gateway.ServiceRegistrationTests.RuntimeModelSettings_IsSingleton" computerName="CPC-bruno-U7R9O" duration="00:00:00.0030875" startTime="2026-04-15T13:15:36.4401868-04:00" endTime="2026-04-15T13:15:36.4437408-04:00" testType="13cdc9d9-ddb5-4fa4-a97d-d965ccfc6d4b" outcome="Passed" testListId="8c84fa94-04c1-424b-9868-57a2d4851a1d" relativeResultsDirectory="cf8adf8c-9029-43c5-9da3-73b89e27d6e9" />
    <UnitTestResult executionId="4ff4017d-354a-4e9f-82ee-1d9a2219436f" testId="8593e7ed-d8bf-04ef-d1f8-16fa050507e8" testName="OpenClawNet.UnitTests.Demos.DocumentPipelineTests.FileSystemTool_ListDirectory_ReturnsSampleDocs" computerName="CPC-bruno-U7R9O" duration="00:00:00.0064948" startTime="2026-04-15T13:15:36.3537221-04:00" endTime="2026-04-15T13:15:36.3565701-04:00" testType="13cdc9d9-ddb5-4fa4-a97d-d965ccfc6d4b" outcome="Passed" testListId="8c84fa94-04c1-424b-9868-57a2d4851a1d" relativeResultsDirectory="4ff4017d-354a-4e9f-82ee-1d9a2219436f" />
    <UnitTestResult executionId="e49a0e55-8c3b-491c-858e-2d2f5d01752e" testId="3ffbe5b4-3467-0663-f836-a89e949680f8" testName="OpenClawNet.UnitTests.Models.AzureOpenAIModelClientTests.Constructor_ThrowsInvalidOperation_WhenApiKeyMissingInApiKeyMode" computerName="CPC-bruno-U7R9O" duration="00:00:00.0024616" startTime="2026-04-15T13:15:36.4490831-04:00" endTime="2026-04-15T13:15:36.4514309-04:00" testType="13cdc9d9-ddb5-4fa4-a97d-d965ccfc6d4b" outcome="Passed" testListId="8c84fa94-04c1-424b-9868-57a2d4851a1d" relativeResultsDirectory="e49a0e55-8c3b-491c-858e-2d2f5d01752e" />
    <UnitTestResult executionId="de1b8cba-d163-4140-9f37-15442ec069df" testId="467d1807-2572-c40c-50c5-c9562236cd46" testName="OpenClawNet.UnitTests.Storage.AgentProfileStoreTests.GetAsync_ReturnsNull_WhenNotFound" computerName="CPC-bruno-U7R9O" duration="00:00:00.0011356" startTime="2026-04-15T13:15:37.2307731-04:00" endTime="2026-04-15T13:15:37.2317744-04:00" testType="13cdc9d9-ddb5-4fa4-a97d-d965ccfc6d4b" outcome="Passed" testListId="8c84fa94-04c1-424b-9868-57a2d4851a1d" relativeResultsDirectory="de1b8cba-d163-4140-9f37-15442ec069df" />
    <UnitTestResult executionId="5cbd27ea-69b2-44f5-b9bb-bead01f5850b" testId="6fc4f5dd-2266-6ac0-3ef0-e41eaa1eddfe" testName="OpenClawNet.UnitTests.Gateway.ChatStreamEndpointTests.Post_WithExplicitProfileName_UsesSpecifiedProfile" computerName="CPC-bruno-U7R9O" duration="00:00:00.3234833" startTime="2026-04-15T13:15:36.3710372-04:00" endTime="2026-04-15T13:15:36.6718695-04:00" testType="13cdc9d9-ddb5-4fa4-a97d-d965ccfc6d4b" outcome="Passed" testListId="8c84fa94-04c1-424b-9868-57a2d4851a1d" relativeResultsDirectory="5cbd27ea-69b2-44f5-b9bb-bead01f5850b" />
    <UnitTestResult executionId="f3165fac-526e-4622-8120-f99f3dbd2fbb" testId="7279ff54-dbce-8625-8b98-fde8ad4e867c" testName="OpenClawNet.UnitTests.Gateway.RuntimeModelSettingsTests.Update_PreservesApiKey_InMemory" computerName="CPC-bruno-U7R9O" duration="00:00:00.0141522" startTime="2026-04-15T13:15:36.4016861-04:00" endTime="2026-04-15T13:15:36.4157885-04:00" testType="13cdc9d9-ddb5-4fa4-a97d-d965ccfc6d4b" outcome="Passed" testListId="8c84fa94-04c1-424b-9868-57a2d4851a1d" relativeResultsDirectory="f3165fac-526e-4622-8120-f99f3dbd2fbb" />
    <UnitTestResult executionId="2e44efed-cad0-4ce7-abb1-f8a72d603e77" testId="44c38ae1-e745-0b1e-c388-bae5ef9f22f9" testName="OpenClawNet.UnitTests.Models.AzureOpenAIModelClientTests.CompleteAsync_Throws_WhenNotConfigured" computerName="CPC-bruno-U7R9O" duration="00:00:00.0927653" startTime="2026-04-15T13:15:36.2579757-04:00" endTime="2026-04-15T13:15:36.3511109-04:00" testType="13cdc9d9-ddb5-4fa4-a97d-d965ccfc6d4b" outcome="Passed" testListId="8c84fa94-04c1-424b-9868-57a2d4851a1d" relativeResultsDirectory="2e44efed-cad0-4ce7-abb1-f8a72d603e77" />
    <UnitTestResult executionId="e4604480-77d0-429d-b513-d9cfbd8cc55c" testId="3be3c9d3-ccdf-d76f-480a-5a1061227c01" testName="OpenClawNet.UnitTests.Storage.ModelProviderDefinitionStoreTests.ListByTypeAsync_ReturnsOnlyMatchingType" computerName="CPC-bruno-U7R9O" duration="00:00:00.9260339" startTime="2026-04-15T13:15:36.2580281-04:00" endTime="2026-04-15T13:15:37.2122626-04:00" testType="13cdc9d9-ddb5-4fa4-a97d-d965ccfc6d4b" outcome="Passed" testListId="8c84fa94-04c1-424b-9868-57a2d4851a1d" relativeResultsDirectory="e4604480-77d0-429d-b513-d9cfbd8cc55c" />
    <UnitTestResult executionId="c3fe3116-56b8-4b9f-85e0-ebe436d382f9" testId="500621b7-9d5b-caf4-ca84-f3101ae8fe03" testName="OpenClawNet.UnitTests.Models.OllamaModelClientTests.CompleteAsync_SerializesTools_WhenProvided" computerName="CPC-bruno-U7R9O" duration="00:00:00.0109503" startTime="2026-04-15T13:15:36.3873257-04:00" endTime="2026-04-15T13:15:36.3981985-04:00" testType="13cdc9d9-ddb5-4fa4-a97d-d965ccfc6d4b" outcome="Passed" testListId="8c84fa94-04c1-424b-9868-57a2d4851a1d" relativeResultsDirectory="c3fe3116-56b8-4b9f-85e0-ebe436d382f9" />
    <UnitTestResult executionId="72406dfc-082e-4c22-a822-e1609e57df9b" testId="3f64a7a1-eef4-5310-50b9-eb2dfa8e0517" testName="OpenClawNet.UnitTests.Storage.JobStatusTransitionsTests.IsAllowed_CancelledToActive_ReturnsFalse" computerName="CPC-bruno-U7R9O" duration="00:00:00.0001936" startTime="2026-04-15T13:15:36.3688215-04:00" endTime="2026-04-15T13:15:36.3689813-04:00" testType="13cdc9d9-ddb5-4fa4-a97d-d965ccfc6d4b" outcome="Passed" testListId="8c84fa94-04c1-424b-9868-57a2d4851a1d" relativeResultsDirectory="72406dfc-082e-4c22-a822-e1609e57df9b" />
    <UnitTestResult executionId="c8ec8ccd-d00e-4c8a-ae6b-02e1ac895b1d" testId="8b12fb7b-5784-422f-e707-408cca88103e" testName="OpenClawNet.UnitTests.Tools.FileSystemToolTests.Read_BlockedPath_AlsoBlocksAbsoluteVariants" computerName="CPC-bruno-U7R9O" duration="00:00:00.0231079" startTime="2026-04-15T13:15:36.5445270-04:00" endTime="2026-04-15T13:15:36.5770382-04:00" testType="13cdc9d9-ddb5-4fa4-a97d-d965ccfc6d4b" outcome="Passed" testListId="8c84fa94-04c1-424b-9868-57a2d4851a1d" relativeResultsDirectory="c8ec8ccd-d00e-4c8a-ae6b-02e1ac895b1d" />
    <UnitTestResult executionId="e76ee234-eac8-4d97-9491-a3ec4b1b4f6d" testId="7a878b99-1dc0-a0b0-5f8f-29c0e176b64a" testName="OpenClawNet.UnitTests.Demos.DocumentPipelineTests.CreateJobRequest_WithAllowConcurrentRuns_MapsCorrectly" computerName="CPC-bruno-U7R9O" duration="00:00:00.0051753" startTime="2026-04-15T13:15:36.3567315-04:00" endTime="2026-04-15T13:15:36.3622858-04:00" testType="13cdc9d9-ddb5-4fa4-a97d-d965ccfc6d4b" outcome="Passed" testListId="8c84fa94-04c1-424b-9868-57a2d4851a1d" relativeResultsDirectory="e76ee234-eac8-4d97-9491-a3ec4b1b4f6d" />
    <UnitTestResult executionId="14c3ccac-6c31-46e9-9520-3ccd11317cec" testId="4f25f0bb-524f-d762-f4c9-8c56617c2966" testName="OpenClawNet.UnitTests.Gateway.ModelProviderEndpointTests.GetList_MasksApiKey_ReturnsHasApiKeyFlag" computerName="CPC-bruno-U7R9O" duration="00:00:00.0197767" startTime="2026-04-15T13:15:37.3251709-04:00" endTime="2026-04-15T13:15:37.3452185-04:00" testType="13cdc9d9-ddb5-4fa4-a97d-d965ccfc6d4b" outcome="Passed" testListId="8c84fa94-04c1-424b-9868-57a2d4851a1d" relativeResultsDirectory="14c3ccac-6c31-46e9-9520-3ccd11317cec" />
    <UnitTestResult executionId="85e97bb4-e458-4418-b7f7-c225de7eb64b" testId="b3224345-8f72-e5a5-4173-2d6e0f65a58c" testName="OpenClawNet.UnitTests.Models.AgentProfileMarkdownParserTests.Parse_EmptyContent_UsesFallbackName" computerName="CPC-bruno-U7R9O" duration="00:00:00.0024478" startTime="2026-04-15T13:15:36.4852069-04:00" endTime="2026-04-15T13:15:36.4865996-04:00" testType="13cdc9d9-ddb5-4fa4-a97d-d965ccfc6d4b" outcome="Passed" testListId="8c84fa94-04c1-424b-9868-57a2d4851a1d" relativeResultsDirectory="85e97bb4-e458-4418-b7f7-c225de7eb64b" />
    <UnitTestResult executionId="c22d86ac-eeb6-4a4f-b95a-dbe80c3994a0" testId="c9043516-8f81-f510-1d83-b57d888669e7" testName="OpenClawNet.UnitTests.Skills.FileSkillLoaderTests.ReloadAsync_LoadsSubdirectorySkillMd" computerName="CPC-bruno-U7R9O" duration="00:00:00.0270533" startTime="2026-04-15T13:15:36.6244949-04:00" endTime="2026-04-15T13:15:36.6512577-04:00" testType="13cdc9d9-ddb5-4fa4-a97d-d965ccfc6d4b" outcome="Passed" testListId="8c84fa94-04c1-424b-9868-57a2d4851a1d" relativeResultsDirectory="c22d86ac-eeb6-4a4f-b95a-dbe80c3994a0" />
    <UnitTestResult executionId="6466a0ad-80d6-4a02-b274-b9ee08ebe9de" testId="7d8d16a5-77b6-0598-ed53-e24e0383dcff" testName="OpenClawNet.UnitTests.Models.AgentProfileMarkdownParserTests.Parse_NullMarkdown_ThrowsArgumentNullException" computerName="CPC-bruno-U7R9O" duration="00:00:00.0029806" startTime="2026-04-15T13:15:36.4509507-04:00" endTime="2026-04-15T13:15:36.4540380-04:00" testType="13cdc9d9-ddb5-4fa4-a97d-d965ccfc6d4b" outcome="Passed" testListId="8c84fa94-04c1-424b-9868-57a2d4851a1d" relativeResultsDirectory="6466a0ad-80d6-4a02-b274-b9ee08ebe9de" />
    <UnitTestResult executionId="f448dce1-683b-4177-ad73-5763e9bed3ec" testId="3c89388e-c4aa-7fa3-8f8e-e4c2428876c6" testName="OpenClawNet.UnitTests.Gateway.AgentProfileEndpointTests.GetByName_NonExistent_ReturnsNotFound" computerName="CPC-bruno-U7R9O" duration="00:00:00.0145877" startTime="2026-04-15T13:15:37.2670745-04:00" endTime="2026-04-15T13:15:37.2816921-04:00" testType="13cdc9d9-ddb5-4fa4-a97d-d965ccfc6d4b" outcome="Passed" testListId="8c84fa94-04c1-424b-9868-57a2d4851a1d" relativeResultsDirectory="f448dce1-683b-4177-ad73-5763e9bed3ec" />
    <UnitTestResult executionId="3512b34d-7877-4df4-9d43-a5ba9934fdce" testId="2c51e904-a1f1-6c6e-b019-b76ffe13fa23" testName="OpenClawNet.UnitTests.Models.AzureOpenAIAgentProviderTests.IsAvailableAsync_ReturnsTrue_WhenEndpointAndKeyConfigured" computerName="CPC-bruno-U7R9O" duration="00:00:00.0023222" startTime="2026-04-15T13:15:36.5013612-04:00" endTime="2026-04-15T13:15:36.5034239-04:00" testType="13cdc9d9-ddb5-4fa4-a97d-d965ccfc6d4b" outcome="Passed" testListId="8c84fa94-04c1-424b-9868-57a2d4851a1d" relativeResultsDirectory="3512b34d-7877-4df4-9d43-a5ba9934fdce" />
[...]
    <TestEntry testId="caeb629f-da31-44a8-890c-ddbf33c84195" executionId="585340d7-3b9f-473e-88c4-50c16304770a" testListId="8c84fa94-04c1-424b-9868-57a2d4851a1d" />
    <TestEntry testId="61da13bc-a05b-de54-acb3-572ba02a9fb1" executionId="6a4d0c44-7238-4605-a683-2c53156913ff" testListId="8c84fa94-04c1-424b-9868-57a2d4851a1d" />
    <TestEntry testId="49d14b29-4fab-8c53-27d2-77b3134b575d" executionId="98acacb1-1080-4acc-8643-9dd05d073ee9" testListId="8c84fa94-04c1-424b-9868-57a2d4851a1d" />
    <TestEntry testId="a6369b28-97bf-cec4-9138-43a4bbe816ae" executionId="733e6429-c645-48d6-b254-e0690d1c6c88" testListId="8c84fa94-04c1-424b-9868-57a2d4851a1d" />
    <TestEntry testId="319c335b-cdba-aaa5-ec80-c2d2854912a6" executionId="ed1808d3-e7fc-4078-bdfd-77dab3ffe0a7" testListId="8c84fa94-04c1-424b-9868-57a2d4851a1d" />
    <TestEntry testId="e43bd5ff-f955-4a30-dda9-0be94ea0c184" executionId="71007704-1a7e-4c2e-8711-240c41f04d7a" testListId="8c84fa94-04c1-424b-9868-57a2d4851a1d" />
    <TestEntry testId="510357b2-14ad-9654-8756-c5f23e27aba6" executionId="b495dea2-d0e4-404f-b130-c549fcd9f22f" testListId="8c84fa94-04c1-424b-9868-57a2d4851a1d" />
    <TestEntry testId="92668a51-0c16-7208-ff54-ef0344162772" executionId="cf0f029b-46fc-4ea7-9e19-78d18c95a141" testListId="8c84fa94-04c1-424b-9868-57a2d4851a1d" />
    <TestEntry testId="0199df2c-19e8-123c-d2aa-d6dfb753df0c" executionId="9f99a555-ad92-4504-aa10-7b5201f47b7d" testListId="8c84fa94-04c1-424b-9868-57a2d4851a1d" />
    <TestEntry testId="86395317-0cca-af2f-03a4-8909d57420f8" executionId="52657370-933d-4327-8813-5909d2b94236" testListId="8c84fa94-04c1-424b-9868-57a2d4851a1d" />
    <TestEntry testId="1878b8f5-e8b2-2eb7-20dc-330485843247" executionId="256d7c55-c69b-4354-b35c-a2f407d9079f" testListId="8c84fa94-04c1-424b-9868-57a2d4851a1d" />
    <TestEntry testId="534f504e-2dfa-c521-f9f3-bd84a1ade487" executionId="f357d95b-9027-4648-874f-7821eca2867e" testListId="8c84fa94-04c1-424b-9868-57a2d4851a1d" />
    <TestEntry testId="fce0aec6-2c16-ee0b-c33c-a6c213ef4cc6" executionId="b2965957-2351-4321-9037-85b0baf3cf63" testListId="8c84fa94-04c1-424b-9868-57a2d4851a1d" />
    <TestEntry testId="2f35f5fc-d763-87a1-1a00-596bef95bf96" executionId="1f425452-fadb-4e2e-9588-3dafeca5cce8" testListId="8c84fa94-04c1-424b-9868-57a2d4851a1d" />
    <TestEntry testId="80ee89f1-cbe0-a718-cf1a-c148fe7e681e" executionId="a97db206-7db3-4e57-94e3-06f81a855419" testListId="8c84fa94-04c1-424b-9868-57a2d4851a1d" />
    <TestEntry testId="43369b60-671f-d279-56b7-3542a3af4353" executionId="eb9e77f5-1365-407d-a658-0bee4f04f621" testListId="8c84fa94-04c1-424b-9868-57a2d4851a1d" />
    <TestEntry testId="de6aa845-3b86-0fa9-8e95-ff855302fb13" executionId="6d0605e5-6b7a-416c-b89a-8de5cb53c1b0" testListId="8c84fa94-04c1-424b-9868-57a2d4851a1d" />
    <TestEntry testId="1ddb9f9e-996a-3884-a535-e139f13b4f95" executionId="d48debf4-0b8c-428a-bc45-36e498661213" testListId="8c84fa94-04c1-424b-9868-57a2d4851a1d" />
    <TestEntry testId="982e3aae-be72-ed34-9cb0-05318b373ed1" executionId="8809481c-7b74-4b55-bae0-c7cd7d09a033" testListId="8c84fa94-04c1-424b-9868-57a2d4851a1d" />
    <TestEntry testId="57b1368d-11b9-c1f8-9848-2780558cc0ea" executionId="0e31b660-334f-45ec-805f-306ad1724e33" testListId="8c84fa94-04c1-424b-9868-57a2d4851a1d" />
    <TestEntry testId="7b40c444-95d6-4434-a6e2-980d0b568d20" executionId="dedd21ae-3441-4cbc-a972-a26e4d61ab8b" testListId="8c84fa94-04c1-424b-9868-57a2d4851a1d" />
    <TestEntry testId="dae55759-ebce-bb8a-cb70-1305966ece70" executionId="4d45513b-71dc-4e24-9fe4-eb118f1e8f42" testListId="8c84fa94-04c1-424b-9868-57a2d4851a1d" />
    <TestEntry testId="d8dc3a21-c391-1bc2-6abe-636294245d59" executionId="280add6c-ab70-4d5e-be56-8f766d5270db" testListId="8c84fa94-04c1-424b-9868-57a2d4851a1d" />
    <TestEntry testId="0e5fd5aa-d822-d931-f324-55c722c537ec" executionId="5c4690fa-cb06-454a-ac34-4397f0b14f48" testListId="8c84fa94-04c1-424b-9868-57a2d4851a1d" />
    <TestEntry testId="ae9da93b-3428-252f-fc3a-c1a6fd09f18d" executionId="029ab5b6-1599-413a-bef4-c0eca7090def" testListId="8c84fa94-04c1-424b-9868-57a2d4851a1d" />
    <TestEntry testId="12264c69-d4e2-b9e2-a1a6-6afa7a6e57ac" executionId="0d98f31e-fcfb-4b92-85a5-7c4432aec8a5" testListId="8c84fa94-04c1-424b-9868-57a2d4851a1d" />
    <TestEntry testId="8f468c91-78da-306d-1908-98f1ff142000" executionId="532c716e-a518-4500-a197-1f8f72e57dbc" testListId="8c84fa94-04c1-424b-9868-57a2d4851a1d" />
    <TestEntry testId="956d4f39-88a0-5a42-bc0d-833535bd79d7" executionId="8411612e-cd98-4bdd-805d-64b24c81a659" testListId="8c84fa94-04c1-424b-9868-57a2d4851a1d" />
    <TestEntry testId="a0a6bdb6-e8aa-1c9e-028a-bdb08078da78" executionId="4a0f3e5d-77a6-45ad-8915-830ed3aa0cc6" testListId="8c84fa94-04c1-424b-9868-57a2d4851a1d" />
    <TestEntry testId="850bfec7-c153-d323-c687-444f3b037742" executionId="b0bb92c9-7015-4872-ba4d-d587d560a6e2" testListId="8c84fa94-04c1-424b-9868-57a2d4851a1d" />
    <TestEntry testId="dea1035b-e4ea-f627-8534-bdb00a818e27" executionId="fdd9d8b7-2eeb-4a15-ab31-7d15a4927c84" testListId="8c84fa94-04c1-424b-9868-57a2d4851a1d" />
    <TestEntry testId="f61dbf3d-af4a-96cc-321a-163e0d18ed39" executionId="98bb4c4f-699e-4765-b75b-246e7f8adb5a" testListId="8c84fa94-04c1-424b-9868-57a2d4851a1d" />
    <TestEntry testId="699c4466-5232-2c77-701d-01328db3b0e1" executionId="ef4b2c08-55b5-4d5c-a31a-92caf42de358" testListId="8c84fa94-04c1-424b-9868-57a2d4851a1d" />
    <TestEntry testId="06addaf4-dec0-97fa-ac7a-cdcdd515e323" executionId="bda302c0-9bc2-429a-9763-cf196d419ce7" testListId="8c84fa94-04c1-424b-9868-57a2d4851a1d" />
    <TestEntry testId="55762f70-ac8d-ba13-4d87-068874aaf203" executionId="588cd7c1-d7c5-4335-841f-312017d5dfe1" testListId="8c84fa94-04c1-424b-9868-57a2d4851a1d" />
    <TestEntry testId="ab184bec-244b-c8e3-c8ab-9ca53253757c" executionId="d408f5f1-2365-4dc1-8160-ce7691dcca46" testListId="8c84fa94-04c1-424b-9868-57a2d4851a1d" />
    <TestEntry testId="f4c8dc88-c616-1d9e-8077-68503f9a8bb0" executionId="4d3d5b09-5e13-4a30-8e6b-c00ed1aa0d30" testListId="8c84fa94-04c1-424b-9868-57a2d4851a1d" />
    <TestEntry testId="0e1373b8-f4d4-16d6-e499-5547a7ae76fd" executionId="64519418-3c35-4e83-ba7f-071ba08cebd5" testListId="8c84fa94-04c1-424b-9868-57a2d4851a1d" />
    <TestEntry testId="fff97fa0-b600-340b-0166-cbbe48b98e32" executionId="dce63ef8-665c-4f5a-bfe3-03f6db716939" testListId="8c84fa94-04c1-424b-9868-57a2d4851a1d" />
    <TestEntry testId="71b34f25-1628-96ff-b438-83f3575021ef" executionId="a777d84a-123e-40d4-87ce-16fee98e9261" testListId="8c84fa94-04c1-424b-9868-57a2d4851a1d" />
    <TestEntry testId="ce5f4b3a-ea41-88ed-d508-1792b4e2614e" executionId="f709a2b9-d4ad-4b0e-bf9b-8cd2e803499f" testListId="8c84fa94-04c1-424b-9868-57a2d4851a1d" />
    <TestEntry testId="a8c6535a-96db-5c89-d839-522ca132f46d" executionId="2ed4c999-1358-432a-ad1d-8f6f91d49641" testListId="8c84fa94-04c1-424b-9868-57a2d4851a1d" />
    <TestEntry testId="b0577359-fb9f-9b84-635d-29b1e97afb2c" executionId="4fcc76c1-4e43-43f7-9aee-0aad56254df1" testListId="8c84fa94-04c1-424b-9868-57a2d4851a1d" />
    <TestEntry testId="e39bbe75-d6f7-5c7f-7c86-6842febcdd6c" executionId="2468fa59-635b-453c-b169-ea810aacb328" testListId="8c84fa94-04c1-424b-9868-57a2d4851a1d" />
    <TestEntry testId="d162d6f7-2eb7-ec82-e785-2fcff3ba0621" executionId="005050d0-410c-4ab3-8cfe-ecedac7b4a56" testListId="8c84fa94-04c1-424b-9868-57a2d4851a1d" />
    <TestEntry testId="259cd906-0415-78b0-4dfd-6ffd0eea3037" executionId="1b6c5470-432d-40a7-bca8-0ddc6aa2b716" testListId="8c84fa94-04c1-424b-9868-57a2d4851a1d" />
    <TestEntry testId="1af8874a-0950-4a5e-9587-0d2e19b384bb" executionId="915518b5-694a-4a46-b4f8-9d983c1d4108" testListId="8c84fa94-04c1-424b-9868-57a2d4851a1d" />
    <TestEntry testId="2b22e5e6-5b56-6787-3c5a-248486677a22" executionId="e6e15f29-aae6-4bf8-aaa7-aed1648782d6" testListId="8c84fa94-04c1-424b-9868-57a2d4851a1d" />
    <TestEntry testId="399edbb7-2e5f-2a5c-1b12-b6b010dd8206" executionId="815c6544-5461-42ff-9227-a145b14005ce" testListId="8c84fa94-04c1-424b-9868-57a2d4851a1d" />
    <TestEntry testId="5729c58e-9e61-c304-d166-a8be765eedfa" executionId="393d3153-5d33-46e9-8ec3-e9f2ca7eb26f" testListId="8c84fa94-04c1-424b-9868-57a2d4851a1d" />
    <TestEntry testId="22d148ee-676c-d57f-6de6-03d32a31182b" executionId="fa7f5223-4b3d-4f4f-a9da-cef6e23e5efd" testListId="8c84fa94-04c1-424b-9868-57a2d4851a1d" />
    <TestEntry testId="a08c1a2f-099f-7872-d133-b8a224624c46" executionId="a14a13e7-673d-4a8a-9c43-3d22b1ba7afe" testListId="8c84fa94-04c1-424b-9868-57a2d4851a1d" />
    <TestEntry testId="8d5bcdb6-b04c-084b-571f-991f27a50a38" executionId="0c52dfa8-d12f-4306-95b8-c6083cc5c71a" testListId="8c84fa94-04c1-424b-9868-57a2d4851a1d" />
    <TestEntry testId="7947d578-4749-901d-c483-81caefde8397" executionId="de69cc6d-6003-4a0d-b893-75375030e7f9" testListId="8c84fa94-04c1-424b-9868-57a2d4851a1d" />
    <TestEntry testId="c13b62d4-f769-342d-787f-07efb58a3f89" executionId="2d8a8bcf-0282-4093-bf70-e654066f9380" testListId="8c84fa94-04c1-424b-9868-57a2d4851a1d" />
    <TestEntry testId="480f93a9-5aef-aea4-6679-e2d724273a4c" executionId="2cb000ec-57fb-4c3f-bd3d-ed7059808022" testListId="8c84fa94-04c1-424b-9868-57a2d4851a1d" />
    <TestEntry testId="717d024a-f89d-e9b7-1643-2891a166046f" executionId="14bc6832-cd74-4730-b4c9-1c2e0bea522f" testListId="8c84fa94-04c1-424b-9868-57a2d4851a1d" />
    <TestEntry testId="06d31d29-3fb0-16ea-b25c-cca0081bcc7d" executionId="2d9e7206-9fed-4b99-9007-78d0649c1ac0" testListId="8c84fa94-04c1-424b-9868-57a2d4851a1d" />
    <TestEntry testId="1960449a-1528-315c-9cea-a3368afb3b22" executionId="3860e975-7259-4464-9754-c63e8d0e8e5d" testListId="8c84fa94-04c1-424b-9868-57a2d4851a1d" />
    <TestEntry testId="2adfc536-6e4d-64f1-b8b0-e6b4f77905ff" executionId="ca6a91ba-89f8-4fce-be01-befe04869276" testListId="8c84fa94-04c1-424b-9868-57a2d4851a1d" />
    <TestEntry testId="65798ed1-a4fb-fea9-486c-bc15847e42df" executionId="8e47a00b-707b-4166-8520-8235ac6c2e4f" testListId="8c84fa94-04c1-424b-9868-57a2d4851a1d" />
    <TestEntry testId="91f2ed92-8de3-a1ad-0393-3ef744b5bc71" executionId="7a8f639f-fd20-4af7-8854-1c07339c91b5" testListId="8c84fa94-04c1-424b-9868-57a2d4851a1d" />
    <TestEntry testId="f5830bc3-7a37-9577-f62a-7384d69cd5e7" executionId="56e793bd-c278-459c-b34f-4af2305e68d7" testListId="8c84fa94-04c1-424b-9868-57a2d4851a1d" />
    <TestEntry testId="6cdf7718-01c2-06de-e27a-dbf1d80d276c" executionId="c39d3e54-90d0-48fa-b80d-583a39c680b4" testListId="8c84fa94-04c1-424b-9868-57a2d4851a1d" />
    <TestEntry testId="3c79690b-73f3-60f0-d5ff-7fa938872e8c" executionId="35b1b394-26f0-4609-abc7-cd47125db5ce" testListId="8c84fa94-04c1-424b-9868-57a2d4851a1d" />
    <TestEntry testId="b32cceb2-1ff5-8544-3aeb-a5adad999e7d" executionId="13ff75b9-bd11-40e9-ad95-7768c5644a60" testListId="8c84fa94-04c1-424b-9868-57a2d4851a1d" />
    <TestEntry testId="6cf66091-2356-197c-79a8-f1b210620ca9" executionId="4d248768-03e8-43ff-8ff0-ebdf7060108b" testListId="8c84fa94-04c1-424b-9868-57a2d4851a1d" />
    <TestEntry testId="f108cbae-633d-eaa3-44df-a30f69082d96" executionId="c94c3721-7ceb-412c-8e3c-cc318c2c6d39" testListId="8c84fa94-04c1-424b-9868-57a2d4851a1d" />
    <TestEntry testId="95894cb2-b60a-67c3-1501-9712cba52dab" executionId="2ae1bde3-8e86-49c2-ab31-4844b4971778" testListId="8c84fa94-04c1-424b-9868-57a2d4851a1d" />
    <TestEntry testId="ba1a7136-3d49-f428-5695-78371ba37ce5" executionId="bcf83d0a-6099-4955-aacd-6c8123d563a3" testListId="8c84fa94-04c1-424b-9868-57a2d4851a1d" />
    <TestEntry testId="cc1d161f-4779-8129-c448-8d1cb2cad91b" executionId="7941843c-6344-4bb4-abe8-e42088359f65" testListId="8c84fa94-04c1-424b-9868-57a2d4851a1d" />
    <TestEntry testId="7ea7d5b7-d455-2c3d-3b5e-973d3489f886" executionId="75f9bdf2-47b1-49a5-92fd-7be875115eb5" testListId="8c84fa94-04c1-424b-9868-57a2d4851a1d" />
    <TestEntry testId="aad1bcf0-27d1-1495-1fde-236ff659db85" executionId="93526d3f-fb04-43b6-a414-05d4551fb867" testListId="8c84fa94-04c1-424b-9868-57a2d4851a1d" />
    <TestEntry testId="8c093f7f-a912-3f1c-5335-d697f5878d1f" executionId="6e2e992d-72c6-40c9-8e74-97c71a1fa5ea" testListId="8c84fa94-04c1-424b-9868-57a2d4851a1d" />
    <TestEntry testId="63dd56b5-7830-034c-0d04-4f7908f6699b" executionId="bbd7209f-4cb2-46a6-880c-5110f190bc7e" testListId="8c84fa94-04c1-424b-9868-57a2d4851a1d" />
    <TestEntry testId="02926b91-4d41-1899-b9e4-f8f9a1b8364a" executionId="5d12f756-cbe6-4053-8614-924cd3f4caf7" testListId="8c84fa94-04c1-424b-9868-57a2d4851a1d" />
    <TestEntry testId="033fbb6b-406b-5676-432a-dc8c92eb2d8b" executionId="21c34ed3-c7af-477d-abb6-aaec7f2e653f" testListId="8c84fa94-04c1-424b-9868-57a2d4851a1d" />
    <TestEntry testId="d9fd0b28-f8e2-7f5a-bf6e-42bd2005a1e5" executionId="0227e2c3-2f43-4fed-93bb-59bfd6e5acd4" testListId="8c84fa94-04c1-424b-9868-57a2d4851a1d" />
    <TestEntry testId="e63e1739-8dee-bdec-a7cb-4f9c4f9133ba" executionId="747c881c-2b9f-4a44-93ab-5dfcf87704b6" testListId="8c84fa94-04c1-424b-9868-57a2d4851a1d" />
    <TestEntry testId="cce98007-2b67-1f18-b299-7857aef49dd8" executionId="2dc1e03d-b9eb-441c-b55b-405ef108d42d" testListId="8c84fa94-04c1-424b-9868-57a2d4851a1d" />
    <TestEntry testId="f5ba8a65-8640-e4c6-1267-039eea8e5e24" executionId="34ecee19-f2f5-411d-9c66-e9ac51ccbe42" testListId="8c84fa94-04c1-424b-9868-57a2d4851a1d" />
    <TestEntry testId="85f7c49b-1f51-bcc2-902f-f4b51fd8c08b" executionId="b2e22041-5235-42f6-87d9-27ac6c093edc" testListId="8c84fa94-04c1-424b-9868-57a2d4851a1d" />
    <TestEntry testId="a5c97f55-2f54-dde4-2b74-93a23a0cf890" executionId="c2c65c64-58ed-4681-8abc-6c52981117ab" testListId="8c84fa94-04c1-424b-9868-57a2d4851a1d" />
    <TestEntry testId="4bab55af-6f83-c09b-f76f-41c88878d018" executionId="b1bbd01e-0502-4d86-b95c-c805d79ca561" testListId="8c84fa94-04c1-424b-9868-57a2d4851a1d" />
    <TestEntry testId="b198bf6a-5bbb-bb78-4a56-3812034aab77" executionId="727bbb7d-5a7a-43fc-85ad-045540d9faad" testListId="8c84fa94-04c1-424b-9868-57a2d4851a1d" />
    <TestEntry testId="ea11aebd-d039-ddf2-38d4-3274342c5210" executionId="bcfaad6b-c883-4370-8822-e83e316e1962" testListId="8c84fa94-04c1-424b-9868-57a2d4851a1d" />
    <TestEntry testId="69e69b57-a1ec-a94e-8c06-545f3e7ce305" executionId="66109f49-0ff9-4eea-888f-1cf219aa5203" testListId="8c84fa94-04c1-424b-9868-57a2d4851a1d" />
    <TestEntry testId="67b2854c-1b77-d381-757c-84d4264a5937" executionId="bd43ef93-48e7-4a85-920a-93bfbf48c17d" testListId="8c84fa94-04c1-424b-9868-57a2d4851a1d" />
    <TestEntry testId="8049b1b2-bd29-5029-edff-0158c6014669" executionId="8ef6aeb7-f947-4d68-9224-9bba5eec4da4" testListId="8c84fa94-04c1-424b-9868-57a2d4851a1d" />
    <TestEntry testId="b1749646-c960-58aa-946b-405aeedd2205" executionId="91ca2fb3-de33-49f6-9f28-2caba0affe9b" testListId="8c84fa94-04c1-424b-9868-57a2d4851a1d" />
  </TestEntries>
  <TestLists>
    <TestList name="Results Not in a List" id="8c84fa94-04c1-424b-9868-57a2d4851a1d" />
    <TestList name="All Loaded Results" id="19431567-8539-422a-85d7-44ee4e166bda" />
  </TestLists>
  <ResultSummary outcome="Completed">
    <Counters total="306" executed="306" passed="306" failed="0" error="0" timeout="0" aborted="0" inconclusive="0" passedButRunAborted="0" notRunnable="0" notExecuted="0" disconnected="0" warning="0" completed="0" inProgress="0" pending="0" />
    <Output>
      <StdOut>[xUnit.net 00:00:00.00] xUnit.net VSTest Adapter v3.1.5+1b188a7b0a (64-bit .NET 10.0.6)&#xD;
[xUnit.net 00:00:00.11]   Discovering: OpenClawNet.UnitTests&#xD;
[xUnit.net 00:00:00.21]   Discovered:  OpenClawNet.UnitTests&#xD;
[xUnit.net 00:00:00.28]   Starting:    OpenClawNet.UnitTests&#xD;
     Warning:&#xD;
     The component "Fluent Assertions" is governed by the rules defined in the Xceed License Agreement and&#xD;
     the Xceed Fluent Assertions Community License. You may use Fluent Assertions free of charge for&#xD;
     non-commercial use only. An active subscription is required to use Fluent Assertions for commercial use.&#xD;
     Please contact Xceed Sales mailto:sales@xceed.com to acquire a subscription at a very low cost.&#xD;
     A paid commercial license supports the development and continued increasing support of&#xD;
     Fluent Assertions users under both commercial and community licenses. Help us&#xD;
     keep Fluent Assertions at the forefront of unit testing.&#xD;
     For more information, visit https://xceed.com/products/unit-testing/fluent-assertions/&#xD;
fail: Program[0]&#xD;
      HTTP error during chat stream&#xD;
      System.Net.Http.HttpRequestException: Connection refused&#xD;
         at OpenClawNet.UnitTests.Gateway.ChatStreamEndpointTests.ThrowAfterYield[T](Exception ex, CancellationToken ct)+MoveNext() in C:\src\openclawnet-plan\tests\OpenClawNet.UnitTests\Gateway\ChatStreamEndpointTests.cs:line 334&#xD;
         at OpenClawNet.UnitTests.Gateway.ChatStreamEndpointTests.ThrowAfterYield[T](Exception ex, CancellationToken ct)+System.Threading.Tasks.Sources.IValueTaskSource&lt;System.Boolean&gt;.GetResult()&#xD;
         at OpenClawNet.Gateway.Endpoints.ChatStreamEndpoints.&lt;&gt;c.&lt;&lt;MapChatStreamEndpoints&gt;b__1_0&gt;d.MoveNext() in C:\src\openclawnet-plan\src\OpenClawNet.Gateway\Endpoints\ChatStreamEndpoints.cs:line 63&#xD;
      --- End of stack trace from previous location ---&#xD;
         at OpenClawNet.Gateway.Endpoints.ChatStreamEndpoints.&lt;&gt;c.&lt;&lt;MapChatStreamEndpoints&gt;b__1_0&gt;d.MoveNext() in C:\src\openclawnet-plan\src\OpenClawNet.Gateway\Endpoints\ChatStreamEndpoints.cs:line 63&#xD;
fail: Program[0]&#xD;
      Model provider 'ollama' unavailable during chat stream&#xD;
      OpenClawNet.Models.Abstractions.ModelProviderUnavailableException: Connection refused&#xD;
         at OpenClawNet.UnitTests.Gateway.ChatStreamEndpointTests.ThrowAfterYield[T](Exception ex, CancellationToken ct)+MoveNext() in C:\src\openclawnet-plan\tests\OpenClawNet.UnitTests\Gateway\ChatStreamEndpointTests.cs:line 334&#xD;
         at OpenClawNet.UnitTests.Gateway.ChatStreamEndpointTests.ThrowAfterYield[T](Exception ex, CancellationToken ct)+System.Threading.Tasks.Sources.IValueTaskSource&lt;System.Boolean&gt;.GetResult()&#xD;
         at OpenClawNet.Gateway.Endpoints.ChatStreamEndpoints.&lt;&gt;c.&lt;&lt;MapChatStreamEndpoints&gt;b__1_0&gt;d.MoveNext() in C:\src\openclawnet-plan\src\OpenClawNet.Gateway\Endpoints\ChatStreamEndpoints.cs:line 63&#xD;
      --- End of stack trace from previous location ---&#xD;
         at OpenClawNet.Gateway.Endpoints.ChatStreamEndpoints.&lt;&gt;c.&lt;&lt;MapChatStreamEndpoints&gt;b__1_0&gt;d.MoveNext() in C:\src\openclawnet-plan\src\OpenClawNet.Gateway\Endpoints\ChatStreamEndpoints.cs:line 63&#xD;
fail: Program[0]&#xD;
      Unexpected error during chat stream&#xD;
      System.InvalidOperationException: Something broke&#xD;
         at OpenClawNet.UnitTests.Gateway.ChatStreamEndpointTests.ThrowAfterYield[T](Exception ex, CancellationToken ct)+MoveNext() in C:\src\openclawnet-plan\tests\OpenClawNet.UnitTests\Gateway\ChatStreamEndpointTests.cs:line 334&#xD;
         at OpenClawNet.UnitTests.Gateway.ChatStreamEndpointTests.ThrowAfterYield[T](Exception ex, CancellationToken ct)+System.Threading.Tasks.Sources.IValueTaskSource&lt;System.Boolean&gt;.GetResult()&#xD;
         at OpenClawNet.Gateway.Endpoints.ChatStreamEndpoints.&lt;&gt;c.&lt;&lt;MapChatStreamEndpoints&gt;b__1_0&gt;d.MoveNext() in C:\src\openclawnet-plan\src\OpenClawNet.Gateway\Endpoints\ChatStreamEndpoints.cs:line 63&#xD;
      --- End of stack trace from previous location ---&#xD;
         at OpenClawNet.Gateway.Endpoints.ChatStreamEndpoints.&lt;&gt;c.&lt;&lt;MapChatStreamEndpoints&gt;b__1_0&gt;d.MoveNext() in C:\src\openclawnet-plan\src\OpenClawNet.Gateway\Endpoints\ChatStreamEndpoints.cs:line 63&#xD;
[xUnit.net 00:00:04.77]   Finished:    OpenClawNet.UnitTests&#xD;
</StdOut>
    </Output>
  </ResultSummary>
</TestRun>